FIND_INSIDE -230474 140132 541877 730620
30734
running time: 139765649025ms
memory usage: 139765649035720KB
FIND_INSIDE -59016 106973 685069 618336
29060
running time: 8ms
memory usage: 135564KB
FIND_INSIDE 136726 404079 188968 812499
1879
running time: 4ms
memory usage: 135564KB
FIND_INSIDE 567215 325850 739686 935646
10680
running time: 4ms
memory usage: 135564KB
FIND_INSIDE -216590 94542 282026 1024734
34013
running time: 4ms
memory usage: 135564KB
FIND_INSIDE 376014 65057 808638 207541
6410
running time: 4ms
memory usage: 135564KB
FIND_INSIDE -268184 567572 748006 905958
26635
running time: 4ms
memory usage: 135564KB
FIND_INSIDE 915519 600300 1008417 1001298
3655
running time: 4ms
memory usage: 135564KB
FIND_INSIDE 226184 236465 455392 737500
6549
running time: 4ms
memory usage: 135564KB
FIND_INSIDE 284717 -63195 922006 1130
3926
running time: 4ms
memory usage: 135564KB
FIND_INSIDE 114745 313060 328704 666083
5435
running time: 4ms
memory usage: 135564KB
FIND_INSIDE 420152 -271686 991881 126364
23577
running time: 4ms
memory usage: 135564KB
FIND_INSIDE 967838 238668 971672 248891
5
running time: 4ms
memory usage: 135564KB
FIND_INSIDE 427577 -111555 472990 104118
694
running time: 0ms
memory usage: 135564KB
FIND_INSIDE 803843 -13526 929761 543191
6773
running time: 4ms
memory usage: 135564KB
FIND_INSIDE 481949 -114681 750449 766523
25779
running time: 4ms
memory usage: 135564KB
FIND_INSIDE 151722 406338 447889 599834
3685
running time: 4ms
memory usage: 135564KB
FIND_INSIDE 743230 -127540 868006 9469
1863
running time: 4ms
memory usage: 135564KB
FIND_INSIDE 576408 84283 977846 291443
9062
running time: 4ms
memory usage: 135564KB
FIND_INSIDE 284699 468265 394357 713002
2101
running time: 4ms
memory usage: 135564KB
FIND_INSIDE 293668 56532 766172 745845
29006
running time: 4ms
memory usage: 135564KB
FIND_INSIDE 331021 775240 698988 936020
4551
running time: 4ms
memory usage: 135564KB
FIND_INSIDE -139898 877756 77070 971099
1779
running time: 4ms
memory usage: 135564KB
FIND_INSIDE 170297 522077 190913 566411
75
running time: 4ms
memory usage: 135564KB
FIND_INSIDE 730840 766156 927253 906906
2827
running time: 4ms
memory usage: 135564KB
FIND_INSIDE -224762 -167369 -207426 456569
837
running time: 4ms
memory usage: 135564KB
FIND_INSIDE 601438 -125249 661798 758309
6198
running time: 4ms
memory usage: 135564KB
FIND_INSIDE 635990 -105165 807301 7506
2401
running time: 4ms
memory usage: 135564KB
FIND_INSIDE 587830 89174 916453 412204
12395
running time: 4ms
memory usage: 135564KB
FIND_INSIDE -46314 -226519 722095 784905
63772
running time: 4ms
memory usage: 135564KB
FIND_INSIDE -156365 -274912 -53089 750318
8053
running time: 4ms
memory usage: 135564KB
FIND_INSIDE -97624 622379 473969 850682
10417
running time: 4ms
memory usage: 135564KB
FIND_INSIDE 16788 -3139 213048 645821
9621
running time: 8ms
memory usage: 135564KB
FIND_INSIDE 726935 -77769 905537 195525
5088
running time: 4ms
memory usage: 135564KB
FIND_INSIDE 645439 -89699 739582 419874
6067
running time: 4ms
memory usage: 135564KB
FIND_INSIDE 30974 -212647 571408 20023
9046
running time: 4ms
memory usage: 135564KB
FIND_INSIDE -242315 -22557 488017 368575
20172
running time: 4ms
memory usage: 135564KB
FIND_INSIDE 46558 35721 642717 671022
28990
running time: 4ms
memory usage: 135564KB
FIND_INSIDE -220245 -198161 1010131 877799
113158
running time: 4ms
memory usage: 135564KB
FIND_INSIDE -51744 -15032 805304 367038
28009
running time: 4ms
memory usage: 135564KB
FIND_INSIDE 166788 417985 549923 959838
15717
running time: 4ms
memory usage: 135564KB
FIND_INSIDE -108305 611809 903607 968264
30987
running time: 4ms
memory usage: 135564KB
FIND_INSIDE 699244 -202278 873363 1017377
22241
running time: 8ms
memory usage: 135564KB
FIND_INSIDE -115980 -229659 313738 573237
25620
running time: 4ms
memory usage: 135564KB
FIND_INSIDE 19569 460941 707909 834346
22309
running time: 4ms
memory usage: 135564KB
FIND_INSIDE 18485 639738 639157 832783
10051
running time: 4ms
memory usage: 135564KB
FIND_INSIDE 192464 576219 858944 876013
17249
running time: 4ms
memory usage: 135564KB
FIND_INSIDE 77776 770847 630976 795613
942
running time: 4ms
memory usage: 135564KB
FIND_INSIDE -188898 793040 64355 884304
1891
running time: 8ms
memory usage: 135564KB
FIND_INSIDE 633130 -82236 990851 354538
17050
running time: 4ms
memory usage: 135564KB
FIND_INSIDE 702934 280675 855071 1000826
10715
running time: 4ms
memory usage: 135564KB
FIND_INSIDE 316571 506705 760489 750533
9745
running time: 4ms
memory usage: 135564KB
FIND_INSIDE 176849 74213 204955 533607
686
running time: 4ms
memory usage: 135564KB
FIND_INSIDE -4498 456503 82575 1077061
4600
running time: 4ms
memory usage: 135564KB
FIND_INSIDE 20504 104353 950662 1018014
74044
running time: 4ms
memory usage: 135564KB
FIND_INSIDE 15409 -252162 403671 -14094
5809
running time: 4ms
memory usage: 135564KB
FIND_INSIDE 589722 -166293 943426 796375
37861
running time: 4ms
memory usage: 135564KB
FIND_INSIDE 350253 -62550 823359 918893
43324
running time: 4ms
memory usage: 135564KB
FIND_INSIDE 557593 -14513 669983 82755
1494
running time: 4ms
memory usage: 135564KB
FIND_INSIDE 210827 578590 240039 1046752
1126
running time: 4ms
memory usage: 135564KB
FIND_INSIDE -166817 148267 265633 528468
10935
running time: 4ms
memory usage: 135564KB
FIND_INSIDE -34223 -51210 408460 771723
26243
running time: 4ms
memory usage: 135564KB
FIND_INSIDE -254066 92876 1073955 415367
34041
running time: 4ms
memory usage: 135564KB
FIND_INSIDE -252876 208702 248351 1052355
30776
running time: 4ms
memory usage: 135564KB
FIND_INSIDE 207431 307671 407379 516433
1663
running time: 4ms
memory usage: 135564KB
FIND_INSIDE 396795 649899 583124 1038502
5866
running time: 4ms
memory usage: 135564KB
FIND_INSIDE 600868 812226 891536 1085331
7617
running time: 4ms
memory usage: 135564KB
FIND_INSIDE -43452 333063 48040 480384
931
running time: 4ms
memory usage: 135564KB
FIND_INSIDE 434454 -256024 494130 -90982
574
running time: 8ms
memory usage: 135564KB
FIND_INSIDE -25454 157826 138465 411490
2810
running time: 4ms
memory usage: 135564KB
FIND_INSIDE 250378 81091 397960 649229
4417
running time: 4ms
memory usage: 135564KB
FIND_INSIDE 122853 232171 175831 1059110
3770
running time: 4ms
memory usage: 135564KB
FIND_INSIDE 630688 305906 709420 988823
5631
running time: 4ms
memory usage: 135564KB
FIND_INSIDE 313903 15559 566933 130294
2311
running time: 4ms
memory usage: 135564KB
FIND_INSIDE -73119 -89684 683900 1045336
70238
running time: 4ms
memory usage: 135564KB
FIND_INSIDE 619939 27778 735120 362118
4961
running time: 4ms
memory usage: 135564KB
FIND_INSIDE 10848 17308 134691 562209
5144
running time: 4ms
memory usage: 135564KB
FIND_INSIDE 384344 -221125 758935 531597
28229
running time: 4ms
memory usage: 135564KB
FIND_INSIDE -108411 930868 287138 938827
261
running time: 4ms
memory usage: 135564KB
FIND_INSIDE -33721 636238 485711 769080
5893
running time: 8ms
memory usage: 135564KB
FIND_INSIDE 57458 42560 657389 367140
14389
running time: 4ms
memory usage: 135564KB
FIND_INSIDE 295117 -157168 851344 246838
21841
running time: 4ms
memory usage: 135564KB
FIND_INSIDE 176906 -180662 690513 244053
18582
running time: 4ms
memory usage: 135564KB
FIND_INSIDE 2234 778190 952492 906534
10468
running time: 4ms
memory usage: 135564KB
FIND_INSIDE -34140 155025 33012 298260
711
running time: 4ms
memory usage: 135564KB
FIND_INSIDE 211724 567991 277705 707909
670
running time: 4ms
memory usage: 135564KB
FIND_INSIDE 60345 -124984 909979 575050
52104
running time: 4ms
memory usage: 135564KB
FIND_INSIDE -255945 -241354 -20481 -157357
2112
running time: 4ms
memory usage: 135564KB
FIND_INSIDE -48367 147440 448639 427772
7606
running time: 4ms
memory usage: 135564KB
FIND_INSIDE 323746 30440 864759 542628
25755
running time: 4ms
memory usage: 135564KB
FIND_INSIDE 797294 -261349 1038950 585777
19014
running time: 4ms
memory usage: 135564KB
FIND_INSIDE 258793 246447 930800 408445
9686
running time: 4ms
memory usage: 135564KB
FIND_INSIDE -286163 129989 -70505 512934
5481
running time: 4ms
memory usage: 135564KB
FIND_INSIDE -68990 723373 83495 779003
534
running time: 4ms
memory usage: 135564KB
FIND_INSIDE 236659 -71642 577925 175840
6637
running time: 4ms
memory usage: 135564KB
FIND_INSIDE 498536 83401 872145 265364
7459
running time: 4ms
memory usage: 135564KB
FIND_INSIDE 347245 -243577 572360 1070543
22175
running time: 4ms
memory usage: 135564KB
FIND_INSIDE 500415 483500 679556 692766
3769
running time: 4ms
memory usage: 135564KB
FIND_INSIDE -192864 -100756 606032 359867
27850
running time: 4ms
memory usage: 135564KB
FIND_INSIDE 404930 298872 777986 619687
11752
running time: 4ms
memory usage: 135564KB
FIND_INTERACT 699912 -98450 738097 977250
4769
running time: 4ms
memory usage: 135564KB
FIND_INTERACT 379191 -256105 890698 194057
24020
running time: 8ms
memory usage: 135720KB
FIND_INTERACT -32512 -203470 932434 516674
60224
running time: 8ms
memory usage: 136104KB
FIND_INTERACT 381614 96048 608603 122740
583
running time: 4ms
memory usage: 136616KB
FIND_INTERACT -247341 170207 -74503 995119
8620
running time: 4ms
memory usage: 136616KB
FIND_INTERACT 166518 848075 263272 1093059
1950
running time: 4ms
memory usage: 136616KB
FIND_INTERACT 544128 284292 713804 1036441
13350
running time: 4ms
memory usage: 136616KB
FIND_INTERACT 85377 847421 146141 880004
218
running time: 8ms
memory usage: 136616KB
FIND_INTERACT 628259 495054 961566 676691
6267
running time: 4ms
memory usage: 136616KB
FIND_INTERACT -243075 348718 615889 888200
34756
running time: 8ms
memory usage: 136616KB
FIND_INTERACT 500453 -211881 988189 969357
60523
running time: 4ms
memory usage: 136616KB
FIND_INTERACT 599027 -88007 933077 -65910
999
running time: 4ms
memory usage: 136616KB
FIND_INTERACT -251321 893045 546061 1036441
9407
running time: 4ms
memory usage: 136616KB
FIND_INTERACT -99056 210231 698027 686495
29961
running time: 4ms
memory usage: 136616KB
FIND_INTERACT -25777 117597 611777 282385
7165
running time: 8ms
memory usage: 136616KB
FIND_INTERACT -251747 -225486 -210741 178305
1878
running time: 4ms
memory usage: 136616KB
FIND_INTERACT 266920 387334 469782 508826
1122
running time: 8ms
memory usage: 136616KB
FIND_INTERACT 83761 234539 527823 704272
14109
running time: 4ms
memory usage: 136616KB
FIND_INTERACT 133058 276978 303711 944857
8448
running time: 8ms
memory usage: 136616KB
FIND_INTERACT -112591 125541 897173 830014
60002
running time: 4ms
memory usage: 136616KB
FIND_INTERACT -167318 -257766 272746 834848
36490
running time: 8ms
memory usage: 136616KB
FIND_INTERACT 2311 -176668 710285 -162764
663
running time: 4ms
memory usage: 136616KB
FIND_INTERACT 431913 481779 473241 976648
1685
running time: 4ms
memory usage: 136616KB
FIND_INTERACT -142890 435743 678469 971853
36168
running time: 8ms
memory usage: 136616KB
FIND_INTERACT 223188 99647 864617 572384
26406
running time: 8ms
memory usage: 136616KB
FIND_INTERACT 759687 194453 1061385 828476
17860
running time: 4ms
memory usage: 136616KB
FIND_INTERACT -116891 410308 -47522 451119
168
running time: 4ms
memory usage: 136616KB
FIND_INTERACT -138101 815013 284514 1076390
9258
running time: 8ms
memory usage: 136616KB
FIND_INTERACT 552867 639595 1036901 652123
619
running time: 4ms
memory usage: 136616KB
FIND_INTERACT -230516 -137114 494117 -74231
3283
running time: 8ms
memory usage: 136616KB
FIND_INTERACT -296506 -48994 635532 -46407
274
running time: 4ms
memory usage: 136616KB
FIND_INTERACT -280936 455766 376614 1101614
30881
running time: 4ms
memory usage: 136616KB
FIND_INTERACT -219831 -217066 393277 -56617
7382
running time: 8ms
memory usage: 136616KB
FIND_INTERACT -251463 379451 1030984 1089009
75633
running time: 4ms
memory usage: 136616KB
FIND_INTERACT 177631 -34566 201111 98932
297
running time: 8ms
memory usage: 137636KB
FIND_INTERACT 449632 88596 957089 516482
22845
running time: 4ms
memory usage: 137636KB
FIND_INTERACT 731973 424580 912240 627147
3572
running time: 8ms
memory usage: 137636KB
FIND_INTERACT 510694 110614 766612 192951
2489
running time: 4ms
memory usage: 137636KB
FIND_INTERACT 493452 350848 570911 942679
4244
running time: 8ms
memory usage: 137636KB
FIND_INTERACT 384571 411559 871097 753777
15544
running time: 4ms
memory usage: 137636KB
FIND_INTERACT 915024 -285226 1047431 259803
6403
running time: 8ms
memory usage: 137636KB
FIND_INTERACT 368672 125876 920695 913629
41551
running time: 4ms
memory usage: 137636KB
FIND_INTERACT -34841 382159 -5841 998296
1323
running time: 8ms
memory usage: 137636KB
FIND_INTERACT 299535 420224 915848 730765
17652
running time: 4ms
memory usage: 137636KB
FIND_INTERACT 42520 66562 206221 591145
6214
running time: 8ms
memory usage: 137636KB
FIND_INTERACT 48528 -88455 267051 324626
6387
running time: 4ms
memory usage: 137636KB
FIND_INTERACT 7068 1015505 32139 1066090
73
running time: 4ms
memory usage: 137636KB
FIND_INTERACT 648797 -230444 959277 487310
24723
running time: 4ms
memory usage: 137636KB
FIND_INTERACT 47457 -157916 152273 481226
5053
running time: 4ms
memory usage: 137636KB
FIND_INTERACT 295182 592955 559321 656570
1616
running time: 8ms
memory usage: 137636KB
FIND_INTERACT 900651 -230773 1082597 433412
9734
running time: 4ms
memory usage: 137636KB
FIND_INTERACT -50391 -180659 272774 516535
16410
running time: 4ms
memory usage: 137636KB
FIND_INTERACT 146132 258488 676108 552325
11359
running time: 8ms
memory usage: 137636KB
FIND_INTERACT 443635 -154335 792159 130003
11508
running time: 4ms
memory usage: 137636KB
FIND_INTERACT 127650 -115563 228674 402584
3526
running time: 8ms
memory usage: 137636KB
FIND_INTERACT 125524 -244454 298847 383768
6943
running time: 4ms
memory usage: 137636KB
FIND_INTERACT 538152 442065 896896 444282
107
running time: 8ms
memory usage: 137636KB
FIND_INTERACT 403629 77317 771265 554062
17879
running time: 4ms
memory usage: 137636KB
FIND_INTERACT 770600 -142496 783624 830661
1540
running time: 4ms
memory usage: 137636KB
FIND_INTERACT 1035821 199119 1066403 587341
541
running time: 8ms
memory usage: 137636KB
FIND_INTERACT 803921 773448 882020 993869
1855
running time: 4ms
memory usage: 137636KB
FIND_INTERACT -176907 757706 176587 1032409
8430
running time: 8ms
memory usage: 137636KB
FIND_INTERACT 230181 846468 645619 895239
1630
running time: 4ms
memory usage: 137636KB
FIND_INTERACT 722372 -187415 747875 44057
832
running time: 4ms
memory usage: 137636KB
FIND_INTERACT -92033 -229283 933016 195660
39534
running time: 8ms
memory usage: 137636KB
FIND_INTERACT 140442 155470 414314 914913
13712
running time: 4ms
memory usage: 137636KB
FIND_INTERACT 414339 335056 815140 984054
24204
running time: 8ms
memory usage: 137636KB
FIND_INTERACT 548770 -108558 695098 944135
17559
running time: 4ms
memory usage: 137636KB
FIND_INTERACT 965159 261819 1083739 834446
4270
running time: 8ms
memory usage: 137636KB
FIND_INTERACT -243402 20461 733303 258721
19931
running time: 4ms
memory usage: 137636KB
FIND_INTERACT -50716 407858 946918 764554
31780
running time: 8ms
memory usage: 137636KB
FIND_INTERACT 140213 87516 871840 580837
30720
running time: 4ms
memory usage: 137636KB
FIND_INTERACT -139217 -20415 -131767 27217
24
running time: 4ms
memory usage: 137636KB
FIND_INTERACT 466130 608678 1072415 930686
17941
running time: 8ms
memory usage: 137636KB
FIND_INTERACT 221732 -227709 1035130 629643
63036
running time: 4ms
memory usage: 137636KB
FIND_INTERACT 607995 -95071 679470 627650
6589
running time: 8ms
memory usage: 137636KB
FIND_INTERACT 20121 13059 623265 337928
14519
running time: 4ms
memory usage: 137636KB
FIND_INTERACT 408263 481202 934214 658827
9508
running time: 8ms
memory usage: 137636KB
FIND_INTERACT 24577 -162264 577645 952976
46598
running time: 4ms
memory usage: 137636KB
FIND_INTERACT 273139 535524 775158 850198
13778
running time: 8ms
memory usage: 137636KB
FIND_INTERACT 381592 987134 737625 1078829
2787
running time: 4ms
memory usage: 137636KB
FIND_INTERACT 251463 -252343 575626 565660
18067
running time: 4ms
memory usage: 137636KB
FIND_INTERACT -228296 -29369 -91378 71749
1281
running time: 8ms
memory usage: 137636KB
FIND_INTERACT 388988 -228728 611391 855029
20689
running time: 4ms
memory usage: 137636KB
FIND_INTERACT -185722 24935 527304 816516
40642
running time: 8ms
memory usage: 137636KB
FIND_INTERACT -200128 -95066 283141 511298
21794
running time: 4ms
memory usage: 137636KB
FIND_INTERACT 658833 982866 685549 1083533
315
running time: 4ms
memory usage: 137636KB
FIND_INTERACT 392919 276794 493911 908251
4436
running time: 8ms
memory usage: 137636KB
FIND_INTERACT 68803 -242852 301854 1047071
22699
running time: 4ms
memory usage: 137636KB
FIND_INTERACT 58118 62352 943503 1076068
79265
running time: 8ms
memory usage: 137636KB
FIND_INTERACT 455230 50825 688314 501600
11296
running time: 8ms
memory usage: 137636KB
FIND_INTERACT 577645 8456 962070 139349
5926
running time: 4ms
memory usage: 137636KB
FIND_INTERACT 500085 717295 720054 1022531
6273
running time: 4ms
memory usage: 137636KB
FIND_INTERACT 719283 1009386 833466 1074987
712
running time: 8ms
memory usage: 137636KB
FIND_INTERACT -177113 885349 9760 1011398
2004
running time: 4ms
memory usage: 137636KB
FIND_INTERACT 298055 -199592 552688 457910
10833
running time: 4ms
memory usage: 137636KB
FIND_INTERACT 500169 689922 897606 977883
10989
running time: 4ms
memory usage: 137636KB
FIND_INTERACT -286584 201942 -60120 710890
6379
running time: 4ms
memory usage: 137636KB
FIND_INTERACT 45259 40490 649135 274801
10924
running time: 4ms
memory usage: 137636KB
FIND_INTERACT -72457 -200666 208688 102486
7148
running time: 4ms
memory usage: 137636KB
FIND_NO_OVERLAP -275412 416836 1006233 921987
42887
running time: 8ms
memory usage: 137636KB
FIND_NO_OVERLAP 397029 775503 788844 1079105
8343
running time: 1572ms
memory usage: 152928KB
FIND_NO_OVERLAP -175923 551836 458285 642554
3837
running time: 240ms
memory usage: 155436KB
FIND_NO_OVERLAP -30595 416329 852610 1035780
38075
running time: 80ms
memory usage: 156756KB
FIND_NO_OVERLAP 611819 799663 818828 851788
839
running time: 1596ms
memory usage: 172020KB
FIND_NO_OVERLAP 569538 -175637 793598 348766
11428
running time: 20ms
memory usage: 172020KB
FIND_NO_OVERLAP 687139 169997 823882 1019003
9064
running time: 460ms
memory usage: 176388KB
FIND_NO_OVERLAP -274171 -282371 572550 1102799
70676
running time: 528ms
memory usage: 179668KB
FIND_NO_OVERLAP 470700 -144082 904119 288069
16480
running time: 4424ms
memory usage: 207344KB
FIND_NO_OVERLAP -111579 530530 104113 1022718
7118
running time: 560ms
memory usage: 211964KB
FIND_NO_OVERLAP 664862 -54642 787592 585777
7275
running time: 260ms
memory usage: 214480KB
FIND_NO_OVERLAP 160970 155757 904602 810576
33455
running time: 356ms
memory usage: 217352KB
FIND_NO_OVERLAP 72976 392825 816510 588144
9816
running time: 1452ms
memory usage: 230680KB
FIND_NO_OVERLAP -242871 -237605 858749 676172
67586
running time: 244ms
memory usage: 233584KB
FIND_NO_OVERLAP 223167 -70791 979704 1095608
63013
running time: 3452ms
memory usage: 260384KB
FIND_NO_OVERLAP -85279 -16329 932149 75263
7302
running time: 4020ms
memory usage: 284088KB
FIND_NO_OVERLAP 208760 -128417 829084 794952
40650
running time: 156ms
memory usage: 285012KB
FIND_NO_OVERLAP -92298 147544 276621 284731
2508
running time: 2264ms
memory usage: 301164KB
FIND_NO_OVERLAP 459433 935826 800191 1042925
2839
running time: 48ms
memory usage: 301164KB
FIND_NO_OVERLAP -117490 186642 959398 865457
49596
running time: 68ms
memory usage: 302220KB
FIND_NO_OVERLAP -117956 790539 786487 813338
1468
running time: 2164ms
memory usage: 322188KB
FIND_NO_OVERLAP 209979 -206782 525666 270873
8365
running time: 24ms
memory usage: 322188KB
FIND_NO_OVERLAP -38213 32018 717525 262642
11376
running time: 280ms
memory usage: 324432KB
FIND_NO_OVERLAP 265730 -66523 281610 713497
672
running time: 296ms
memory usage: 328752KB
FIND_NO_OVERLAP 831056 -150141 834045 499135
235
running time: 32ms
memory usage: 328752KB
FIND_NO_OVERLAP -57248 -230060 332553 538029
17280
running time: 12ms
memory usage: 328752KB
FIND_NO_OVERLAP 788755 -290378 960910 217776
6995
running time: 760ms
memory usage: 335360KB
FIND_NO_OVERLAP 468349 536119 1090249 581553
2286
running time: 208ms
memory usage: 337476KB
FIND_NO_OVERLAP 783145 -294511 969052 80769
5712
running time: 44ms
memory usage: 338268KB
FIND_NO_OVERLAP 586437 -72700 934281 562176
19263
running time: 156ms
memory usage: 340300KB
FIND_NO_OVERLAP 614846 557878 928615 894196
8230
running time: 860ms
memory usage: 348096KB
FIND_NO_OVERLAP 787797 172556 811440 396895
511
running time: 272ms
memory usage: 351152KB
FIND_NO_OVERLAP 725718 28318 798080 1025820
5859
running time: 20ms
memory usage: 351152KB
FIND_NO_OVERLAP 2930 -152021 790608 -53274
5626
running time: 384ms
memory usage: 353448KB
FIND_NO_OVERLAP -39496 -136823 421805 370078
12670
running time: 116ms
memory usage: 355528KB
FIND_NO_OVERLAP 818642 -259355 1007198 -133983
1662
running time: 424ms
memory usage: 360100KB
FIND_NO_OVERLAP 358752 188909 629608 522871
5725
running time: 32ms
memory usage: 360364KB
FIND_NO_OVERLAP 63096 254430 370335 622765
5867
running time: 152ms
memory usage: 362484KB
FIND_NO_OVERLAP 427332 49756 659936 496354
8175
running time: 160ms
memory usage: 364464KB
FIND_NO_OVERLAP 350688 399563 871302 1057939
24821
running time: 256ms
memory usage: 367604KB
FIND_NO_OVERLAP 96570 -24760 683609 1089892
43053
running time: 1128ms
memory usage: 377604KB
FIND_NO_OVERLAP 245243 -84569 818766 1088874
46890
running time: 2528ms
memory usage: 393980KB
FIND_NO_OVERLAP 540440 527098 843385 745518
4954
running time: 3036ms
memory usage: 412208KB
FIND_NO_OVERLAP 434536 942221 492438 982032
214
running time: 140ms
memory usage: 412736KB
FIND_NO_OVERLAP 4199 -84165 760977 414327
25104
running time: 8ms
memory usage: 412736KB
FIND_NO_OVERLAP 498741 216861 789940 760228
13139
running time: 900ms
memory usage: 422676KB
FIND_NO_OVERLAP 488050 -292843 903832 628752
32464
running time: 536ms
memory usage: 427464KB
FIND_NO_OVERLAP 36111 300895 60428 808668
956
running time: 1808ms
memory usage: 440420KB
FIND_NO_OVERLAP 535628 -133973 991300 657309
30645
running time: 36ms
memory usage: 440420KB
FIND_NO_OVERLAP -55688 35868 163551 230661
2597
running time: 1580ms
memory usage: 452548KB
FIND_NO_OVERLAP 614773 198459 986151 313007
3637
running time: 60ms
memory usage: 452548KB
FIND_NO_OVERLAP -182315 267348 667299 847122
31104
running time: 88ms
memory usage: 453868KB
FIND_NO_OVERLAP -279646 -7461 -47912 842549
10983
running time: 1164ms
memory usage: 466428KB
FIND_NO_OVERLAP 538152 382743 782288 443192
1277
running time: 404ms
memory usage: 469728KB
FIND_NO_OVERLAP 45265 686835 140531 1030811
2509
running time: 28ms
memory usage: 469992KB
FIND_NO_OVERLAP -245413 467744 960660 766756
24621
running time: 80ms
memory usage: 470916KB
FIND_NO_OVERLAP 136186 -266287 552553 345288
13560
running time: 732ms
memory usage: 481180KB
FIND_NO_OVERLAP 783916 188431 988361 809588
10034
running time: 488ms
memory usage: 485660KB
FIND_NO_OVERLAP 232924 450046 699042 774574
10631
running time: 440ms
memory usage: 489212KB
FIND_NO_OVERLAP 191831 84679 657607 986225
26690
running time: 336ms
memory usage: 493320KB
FIND_NO_OVERLAP 229029 94493 852347 639699
23415
running time: 1300ms
memory usage: 504032KB
FIND_NO_OVERLAP 137438 -163613 442129 1083318
21432
running time: 908ms
memory usage: 512440KB
FIND_NO_OVERLAP 199464 523481 1054938 645888
7883
running time: 1264ms
memory usage: 519872KB
FIND_NO_OVERLAP 792923 -246413 814293 864299
2094
running time: 184ms
memory usage: 522688KB
FIND_NO_OVERLAP 45587 229971 503298 278687
937
running time: 144ms
memory usage: 523348KB
FIND_NO_OVERLAP 263551 131513 618527 874260
16156
running time: 12ms
memory usage: 523612KB
FIND_NO_OVERLAP 87870 -122911 295254 788006
11319
running time: 680ms
memory usage: 530008KB
FIND_NO_OVERLAP 502297 125121 641208 615061
5824
running time: 580ms
memory usage: 533964KB
FIND_NO_OVERLAP -204479 -149364 161210 939409
25032
running time: 200ms
memory usage: 535932KB
FIND_NO_OVERLAP 768192 -132248 771042 515567
243
running time: 1340ms
memory usage: 545724KB
FIND_NO_OVERLAP 415716 -88106 898747 162181
10321
running time: 16ms
memory usage: 545724KB
FIND_NO_OVERLAP 722731 211681 1015467 856357
14531
running time: 276ms
memory usage: 549176KB
FIND_NO_OVERLAP 833280 -107478 1044857 -9429
1884
running time: 668ms
memory usage: 555004KB
FIND_NO_OVERLAP 265813 -41500 277886 1055399
785
running time: 40ms
memory usage: 555268KB
FIND_NO_OVERLAP -51864 812609 595506 1055325
10570
running time: 44ms
memory usage: 555532KB
FIND_NO_OVERLAP 301061 -41077 949936 -80
2134
running time: 288ms
memory usage: 559796KB
FIND_NO_OVERLAP 180102 182999 780859 236386
2124
running time: 36ms
memory usage: 560324KB
FIND_NO_OVERLAP 446422 48094 735638 180523
3368
running time: 40ms
memory usage: 561116KB
FIND_NO_OVERLAP 621827 -232683 638590 429402
1199
running time: 80ms
memory usage: 562600KB
FIND_NO_OVERLAP 162965 -139377 182150 534088
767
running time: 60ms
memory usage: 562996KB
FIND_NO_OVERLAP -238179 52781 941382 295837
19208
running time: 32ms
memory usage: 563260KB
FIND_NO_OVERLAP 642968 193613 906710 213630
461
running time: 488ms
memory usage: 570584KB
FIND_NO_OVERLAP 431560 73169 587921 392534
3564
running time: 8ms
memory usage: 570584KB
FIND_NO_OVERLAP 561133 -276467 654643 682822
8142
running time: 88ms
memory usage: 571640KB
FIND_NO_OVERLAP -96698 178470 779804 311508
7098
running time: 452ms
memory usage: 574988KB
FIND_NO_OVERLAP 548456 -177778 570594 254685
895
running time: 148ms
memory usage: 577444KB
FIND_NO_OVERLAP 466215 302263 654539 798722
7355
running time: 32ms
memory usage: 577576KB
FIND_NO_OVERLAP -139331 610750 527125 994028
16913
running time: 252ms
memory usage: 580588KB
FIND_NO_OVERLAP 445648 -189189 672517 293138
8970
running time: 532ms
memory usage: 587376KB
FIND_NO_OVERLAP -110822 -223365 327578 575105
20989
running time: 304ms
memory usage: 590508KB
FIND_NO_OVERLAP 288576 -126157 1057549 -51373
4824
running time: 924ms
memory usage: 598340KB
FIND_NO_OVERLAP 709936 290210 1061636 814135
13168
running time: 92ms
memory usage: 599660KB
FIND_NO_OVERLAP 108319 -177246 595941 304174
14075
running time: 536ms
memory usage: 605112KB
FIND_NO_OVERLAP 889203 -206597 999373 802197
8510
running time: 476ms
memory usage: 610224KB
FIND_NO_OVERLAP 111750 208026 920108 778385
31843
running time: 424ms
memory usage: 613128KB
FIND_NO_OVERLAP 114840 -284014 691149 140430
15856
running time: 1264ms
memory usage: 625848KB
FIND_NO_OVERLAP -105051 -238639 97953 986265
16605
running time: 512ms
memory usage: 631264KB
FIND_NO_OVERLAP 202640 510495 701700 688273
6456
running time: 1000ms
memory usage: 637388KB
FIND_NO_OVERLAP -151148 105629 969624 863001
57218
running time: 164ms
memory usage: 639592KB
FIND_NO_OVERLAP 14137 15251 656008 1003580
41238
running time: 2616ms
memory usage: 662764KB
FIND_AREA_LESS_THAN 3.18057e+06
156412
running time: 2168ms
memory usage: 676912KB
FIND_AREA_LESS_THAN 343614
30438
running time: 0ms
memory usage: 676912KB
FIND_AREA_LESS_THAN 366635
36508
running time: 4ms
memory usage: 676912KB
FIND_AREA_LESS_THAN 1.72644e+06
147764
running time: 0ms
memory usage: 676912KB
FIND_AREA_LESS_THAN 792629
116365
running time: 4ms
memory usage: 676912KB
FIND_AREA_LESS_THAN 1.0394e+06
131443
running time: 0ms
memory usage: 676912KB
FIND_AREA_LESS_THAN 406028
46106
running time: 4ms
memory usage: 676912KB
FIND_AREA_LESS_THAN 451788
63881
running time: 0ms
memory usage: 676912KB
FIND_AREA_LESS_THAN 239294
14949
running time: 4ms
memory usage: 676912KB
FIND_AREA_LESS_THAN 802926
117158
running time: 4ms
memory usage: 676912KB
FIND_AREA_LESS_THAN 586961
89732
running time: 0ms
memory usage: 676912KB
FIND_AREA_LESS_THAN 658876
102695
running time: 4ms
memory usage: 676912KB
FIND_AREA_LESS_THAN 4.31278e+06
158109
running time: 0ms
memory usage: 676912KB
FIND_AREA_LESS_THAN 787627
115964
running time: 4ms
memory usage: 676912KB
FIND_AREA_LESS_THAN 542098
82714
running time: 0ms
memory usage: 676912KB
FIND_AREA_LESS_THAN 859305
121260
running time: 4ms
memory usage: 676912KB
FIND_AREA_LESS_THAN 270415
16091
running time: 0ms
memory usage: 676912KB
FIND_AREA_LESS_THAN 596679
91103
running time: 4ms
memory usage: 676912KB
FIND_AREA_LESS_THAN 545481
83116
running time: 0ms
memory usage: 676912KB
FIND_AREA_LESS_THAN 580070
88858
running time: 4ms
memory usage: 676912KB
FIND_AREA_LESS_THAN 949998
126617
running time: 4ms
memory usage: 676912KB
FIND_AREA_LESS_THAN 407563
46366
running time: 0ms
memory usage: 676912KB
FIND_AREA_LESS_THAN 1.25617e+06
138627
running time: 4ms
memory usage: 676912KB
FIND_AREA_LESS_THAN 532586
81204
running time: 0ms
memory usage: 676912KB
FIND_AREA_LESS_THAN 1.06143e+06
132434
running time: 4ms
memory usage: 676912KB
FIND_AREA_LESS_THAN 383888
41242
running time: 0ms
memory usage: 676912KB
FIND_AREA_LESS_THAN 570642
87773
running time: 4ms
memory usage: 676912KB
FIND_AREA_LESS_THAN 333295
26641
running time: 0ms
memory usage: 676912KB
FIND_AREA_LESS_THAN 243334
15110
running time: 4ms
memory usage: 676912KB
FIND_AREA_LESS_THAN 563870
86647
running time: 0ms
memory usage: 676912KB
FIND_AREA_LESS_THAN 226263
14414
running time: 4ms
memory usage: 676912KB
FIND_AREA_LESS_THAN 472191
68798
running time: 0ms
memory usage: 676912KB
FIND_AREA_LESS_THAN 389867
42757
running time: 4ms
memory usage: 676912KB
FIND_AREA_LESS_THAN 1.99709e+06
150679
running time: 4ms
memory usage: 676912KB
FIND_AREA_LESS_THAN 1.5404e+06
144940
running time: 0ms
memory usage: 676912KB
FIND_AREA_LESS_THAN 952860
126758
running time: 4ms
memory usage: 676912KB
FIND_AREA_LESS_THAN 470449
68467
running time: 0ms
memory usage: 676912KB
FIND_AREA_LESS_THAN 589208
90047
running time: 4ms
memory usage: 676912KB
FIND_AREA_LESS_THAN 1.57672e+06
145511
running time: 0ms
memory usage: 676912KB
FIND_AREA_LESS_THAN 494625
74182
running time: 4ms
memory usage: 676912KB
FIND_AREA_LESS_THAN 596671
91103
running time: 0ms
memory usage: 676912KB
FIND_AREA_LESS_THAN 347671
31486
running time: 4ms
memory usage: 676912KB
FIND_AREA_LESS_THAN 451960
63922
running time: 4ms
memory usage: 676912KB
FIND_AREA_LESS_THAN 837624
119634
running time: 0ms
memory usage: 676912KB
FIND_AREA_LESS_THAN 276100
16285
running time: 4ms
memory usage: 676912KB
FIND_AREA_LESS_THAN 390075
42798
running time: 0ms
memory usage: 676912KB
FIND_AREA_LESS_THAN 365996
36390
running time: 4ms
memory usage: 676912KB
FIND_AREA_LESS_THAN 566039
86882
running time: 0ms
memory usage: 676912KB
FIND_AREA_LESS_THAN 574000
88212
running time: 4ms
memory usage: 676912KB
FIND_AREA_LESS_THAN 784353
115723
running time: 0ms
memory usage: 676912KB
FIND_AREA_LESS_THAN 2.17673e+06
152105
running time: 4ms
memory usage: 676912KB
FIND_AREA_LESS_THAN 336439
27512
running time: 0ms
memory usage: 676912KB
FIND_AREA_LESS_THAN 324693
24613
running time: 4ms
memory usage: 676912KB
FIND_AREA_LESS_THAN 4.21924e+06
158044
running time: 0ms
memory usage: 676912KB
FIND_AREA_LESS_THAN 421998
49943
running time: 4ms
memory usage: 676912KB
FIND_AREA_LESS_THAN 503533
75859
running time: 0ms
memory usage: 676912KB
FIND_AREA_LESS_THAN 1.16607e+06
136234
running time: 4ms
memory usage: 676912KB
FIND_AREA_LESS_THAN 762056
113819
running time: 4ms
memory usage: 676912KB
FIND_AREA_LESS_THAN 3.1154e+06
156251
running time: 0ms
memory usage: 676912KB
FIND_AREA_LESS_THAN 1.71952e+06
147683
running time: 4ms
memory usage: 676912KB
FIND_AREA_LESS_THAN 889295
123237
running time: 0ms
memory usage: 676912KB
FIND_AREA_LESS_THAN 822289
118625
running time: 0ms
memory usage: 676912KB
FIND_AREA_LESS_THAN 713975
109245
running time: 0ms
memory usage: 676912KB
FIND_AREA_LESS_THAN 646589
101490
running time: 4ms
memory usage: 676912KB
FIND_AREA_LESS_THAN 427084
57929
running time: 0ms
memory usage: 676912KB
FIND_AREA_LESS_THAN 667473
104821
running time: 4ms
memory usage: 676912KB
FIND_AREA_LESS_THAN 491478
73568
running time: 0ms
memory usage: 676912KB
FIND_AREA_LESS_THAN 561679
86299
running time: 4ms
memory usage: 676912KB
FIND_AREA_LESS_THAN 310259
20035
running time: 4ms
memory usage: 676912KB
FIND_AREA_LESS_THAN 448252
63216
running time: 0ms
memory usage: 676912KB
FIND_AREA_LESS_THAN 1.53143e+06
144769
running time: 4ms
memory usage: 676912KB
FIND_AREA_LESS_THAN 416564
48872
running time: 0ms
memory usage: 676912KB
FIND_AREA_LESS_THAN 640059
100737
running time: 4ms
memory usage: 676912KB
FIND_AREA_LESS_THAN 423845
57072
running time: 0ms
memory usage: 676912KB
FIND_AREA_LESS_THAN 826318
118921
running time: 4ms
memory usage: 676912KB
FIND_AREA_LESS_THAN 1.18327e+06
136749
running time: 0ms
memory usage: 676912KB
FIND_AREA_LESS_THAN 603024
95933
running time: 4ms
memory usage: 676912KB
FIND_AREA_LESS_THAN 382538
40983
running time: 0ms
memory usage: 676912KB
FIND_AREA_LESS_THAN 708306
108757
running time: 4ms
memory usage: 676912KB
FIND_AREA_LESS_THAN 237131
14872
running time: 0ms
memory usage: 676912KB
FIND_AREA_LESS_THAN 391926
43155
running time: 0ms
memory usage: 676912KB
FIND_AREA_LESS_THAN 623954
98669
running time: 0ms
memory usage: 676912KB
FIND_AREA_LESS_THAN 428686
58292
running time: 0ms
memory usage: 676912KB
FIND_AREA_LESS_THAN 396952
44223
running time: 4ms
memory usage: 676912KB
FIND_AREA_LESS_THAN 763826
113924
running time: 0ms
memory usage: 676912KB
FIND_AREA_LESS_THAN 1.02641e+06
130398
running time: 4ms
memory usage: 676912KB
FIND_AREA_LESS_THAN 489932
73307
running time: 0ms
memory usage: 676912KB
FIND_AREA_LESS_THAN 351440
32545
running time: 4ms
memory usage: 676912KB
FIND_AREA_LESS_THAN 2.36305e+06
153269
running time: 4ms
memory usage: 676912KB
FIND_AREA_LESS_THAN 386664
42080
running time: 0ms
memory usage: 676912KB
FIND_AREA_LESS_THAN 379670
40315
running time: 4ms
memory usage: 676912KB
FIND_AREA_LESS_THAN 466877
67088
running time: 0ms
memory usage: 676912KB
FIND_AREA_LESS_THAN 716657
109511
running time: 4ms
memory usage: 676912KB
FIND_AREA_LESS_THAN 158374
11411
running time: 0ms
memory usage: 676912KB
FIND_AREA_LESS_THAN 204007
13443
running time: 4ms
memory usage: 676912KB
FIND_AREA_LESS_THAN 206149
13554
running time: 0ms
memory usage: 676912KB
FIND_AREA_LESS_THAN 490148
73338
running time: 4ms
memory usage: 676912KB
FIND_AREA_LESS_THAN 377017
39619
running time: 0ms
memory usage: 676912KB
FIND_AREA_LESS_THAN 602619
95833
running time: 4ms
memory usage: 676912KB
FIND_AREA_LESS_THAN 1.42589e+06
142454
running time: 0ms
memory usage: 676912KB
FIND_DENSITY_INSIDE -257644 -144819 195880 -115507
4.9755%
running time: 4ms
memory usage: 676912KB
FIND_DENSITY_INSIDE 618343 549867 733837 1032512
7.01084%
running time: 12ms
memory usage: 676912KB
FIND_DENSITY_INSIDE 634896 281178 881014 945715
8.03481%
running time: 204ms
memory usage: 677968KB
FIND_DENSITY_INSIDE 290168 194508 654135 246126
5.78843%
running time: 932ms
memory usage: 683168KB
FIND_DENSITY_INSIDE 713730 -5601 769798 131715
9.62663%
running time: 20ms
memory usage: 683300KB
FIND_DENSITY_INSIDE -168901 30463 994413 900614
6.45149%
running time: 24ms
memory usage: 683696KB
FIND_DENSITY_INSIDE 606772 -248191 921091 -94451
7.54576%
running time: 4980ms
memory usage: 710408KB
FIND_DENSITY_INSIDE 501378 15904 543751 143137
6.72204%
running time: 92ms
memory usage: 711068KB
FIND_DENSITY_INSIDE -42513 -222586 1017164 103607
6.76959%
running time: 12ms
memory usage: 711200KB
FIND_DENSITY_INSIDE -228934 154638 619417 903258
5.27186%
running time: 752ms
memory usage: 720880KB
FIND_DENSITY_INSIDE -90915 -288510 26288 612536
6.61894%
running time: 2036ms
memory usage: 734980KB
FIND_DENSITY_INSIDE 152062 -226784 770281 940014
6.2008%
running time: 492ms
memory usage: 737356KB
FIND_DENSITY_INSIDE 40943 -72215 982071 794
6.86051%
running time: 4788ms
memory usage: 756240KB
FIND_DENSITY_INSIDE -73455 436958 228750 625144
5.94451%
running time: 84ms
memory usage: 757692KB
FIND_DENSITY_INSIDE -205457 -271540 121239 -118579
7.14543%
running time: 88ms
memory usage: 759172KB
FIND_DENSITY_INSIDE -58261 34025 203117 1023048
6.32223%
running time: 72ms
memory usage: 760512KB
FIND_DENSITY_INSIDE 674193 236296 967569 301766
8.28648%
running time: 1364ms
memory usage: 766964KB
FIND_DENSITY_INSIDE 896566 238028 977893 849741
7.87895%
running time: 28ms
memory usage: 767360KB
FIND_DENSITY_INSIDE 591084 546213 790556 777252
7.44496%
running time: 216ms
memory usage: 768944KB
FIND_DENSITY_INSIDE 167361 -40794 849561 1396
6.48252%
running time: 100ms
memory usage: 770264KB
FIND_DENSITY_INSIDE 323127 -74881 846849 799313
6.74955%
running time: 32ms
memory usage: 771056KB
FIND_DENSITY_INSIDE 155101 -267895 850359 410629
6.38789%
running time: 2624ms
memory usage: 784332KB
FIND_DENSITY_INSIDE -13338 478451 250667 845995
6.27047%
running time: 1876ms
memory usage: 796488KB
FIND_DENSITY_INSIDE -49675 -140155 413338 728908
5.97082%
running time: 240ms
memory usage: 798864KB
FIND_DENSITY_INSIDE 9817 531598 545445 537657
5.64005%
running time: 1624ms
memory usage: 807312KB
FIND_DENSITY_INSIDE 634430 344280 695201 398966
9.55664%
running time: 4ms
memory usage: 807312KB
FIND_DENSITY_INSIDE -59281 870546 365476 979390
6.51356%
running time: 12ms
memory usage: 807312KB
FIND_DENSITY_INSIDE 71187 -126988 764131 690659
6.52971%
running time: 60ms
memory usage: 808500KB
FIND_DENSITY_INSIDE 1374 401152 395585 876780
6.21071%
running time: 2788ms
memory usage: 823400KB
FIND_DENSITY_INSIDE -136332 -112947 901686 958295
6.47908%
running time: 504ms
memory usage: 827624KB
FIND_DENSITY_INSIDE 849662 365618 939396 888534
8.0945%
running time: 6904ms
memory usage: 857092KB
FIND_DENSITY_INSIDE 284559 369695 444357 876726
5.24731%
running time: 208ms
memory usage: 857752KB
FIND_DENSITY_INSIDE 607034 443582 712723 1103691
7.04051%
running time: 180ms
memory usage: 859476KB
FIND_DENSITY_INSIDE 213847 240559 936029 642010
6.68204%
running time: 364ms
memory usage: 861588KB
FIND_DENSITY_INSIDE 35732 -34029 541542 964876
5.80782%
running time: 776ms
memory usage: 869352KB
FIND_DENSITY_INSIDE 449632 -33710 799346 516482
7.71082%
running time: 2300ms
memory usage: 880456KB
FIND_DENSITY_INSIDE -269933 734772 137691 1083955
5.2853%
running time: 848ms
memory usage: 886660KB
FIND_DENSITY_INSIDE 497521 653420 895667 818296
7.05589%
running time: 276ms
memory usage: 889828KB
FIND_DENSITY_INSIDE -200305 134573 772486 743869
5.85329%
running time: 116ms
memory usage: 891808KB
FIND_DENSITY_INSIDE 31959 -238335 782896 -311
5.88539%
running time: 1856ms
memory usage: 906124KB
FIND_DENSITY_INSIDE 95303 56275 602934 862101
5.79704%
running time: 300ms
memory usage: 910216KB
FIND_DENSITY_INSIDE 707649 165303 1075116 953195
7.84672%
running time: 1540ms
memory usage: 919392KB
FIND_DENSITY_INSIDE 571520 409283 895726 526137
7.85895%
running time: 1516ms
memory usage: 927204KB
FIND_DENSITY_INSIDE 321712 552179 520864 595807
5.11231%
running time: 64ms
memory usage: 928128KB
FIND_DENSITY_INSIDE 473863 -180537 1089928 410182
7.32644%
running time: 12ms
memory usage: 928260KB
FIND_DENSITY_INSIDE 675831 -258776 865592 483936
8.41284%
running time: 1428ms
memory usage: 939552KB
FIND_DENSITY_INSIDE 132782 193409 364111 442422
3.87647%
running time: 992ms
memory usage: 943908KB
FIND_DENSITY_INSIDE 726245 -270510 760977 414327
8.84181%
running time: 44ms
memory usage: 944436KB
FIND_DENSITY_INSIDE -233384 249067 837885 361520
5.51651%
running time: 176ms
memory usage: 945492KB
FIND_DENSITY_INSIDE 233026 253908 577453 275994
4.38432%
running time: 132ms
memory usage: 948204KB
FIND_DENSITY_INSIDE -139829 29452 190871 630864
6.18974%
running time: 12ms
memory usage: 948204KB
FIND_DENSITY_INSIDE 5962 655944 394110 785485
6.20421%
running time: 580ms
memory usage: 952936KB
FIND_DENSITY_INSIDE -20754 -96033 789749 789624
6.53918%
running time: 68ms
memory usage: 954256KB
FIND_DENSITY_INSIDE 598368 681965 833886 759116
7.153%
running time: 3764ms
memory usage: 972908KB
FIND_DENSITY_INSIDE 22945 236800 551623 836043
5.42392%
running time: 28ms
memory usage: 972908KB
FIND_DENSITY_INSIDE 662136 1006646 886044 1010531
8.05143%
running time: 860ms
memory usage: 980112KB
FIND_DENSITY_INSIDE 894574 882161 909093 985779
7.93195%
running time: 8ms
memory usage: 980112KB
FIND_DENSITY_INSIDE -74823 31736 702637 192889
7.54912%
running time: 4ms
memory usage: 980112KB
FIND_DENSITY_INSIDE 237096 748410 577271 957571
4.80657%
running time: 196ms
memory usage: 983324KB
FIND_DENSITY_INSIDE -91404 60000 274167 852853
6.06517%
running time: 92ms
memory usage: 984908KB
FIND_DENSITY_INSIDE 27464 107099 759826 511082
6.06996%
running time: 1096ms
memory usage: 991620KB
FIND_DENSITY_INSIDE 173625 -14652 1041131 589458
6.72295%
running time: 632ms
memory usage: 998176KB
FIND_DENSITY_INSIDE 137149 -87092 624164 862421
5.77868%
running time: 1868ms
memory usage: 1011736KB
FIND_DENSITY_INSIDE 830444 3074 864154 343247
7.06431%
running time: 2112ms
memory usage: 1022256KB
FIND_DENSITY_INSIDE 887316 759784 897954 1011936
7.90805%
running time: 24ms
memory usage: 1022256KB
FIND_DENSITY_INSIDE 39093 357919 951995 1095616
6.5967%
running time: 12ms
memory usage: 1022256KB
FIND_DENSITY_INSIDE -98295 175822 330653 824810
5.70049%
running time: 3164ms
memory usage: 1040764KB
FIND_DENSITY_INSIDE -30253 270132 752089 486826
5.46711%
running time: 836ms
memory usage: 1046572KB
FIND_DENSITY_INSIDE 494237 16409 871475 447377
8.09119%
running time: 236ms
memory usage: 1050104KB
FIND_DENSITY_INSIDE 209233 -78647 539693 466878
4.93235%
running time: 600ms
memory usage: 1055744KB
FIND_DENSITY_INSIDE 824851 -184626 851799 391512
7.57194%
running time: 360ms
memory usage: 1058780KB
FIND_DENSITY_INSIDE 61655 -149127 593050 -133284
4.90586%
running time: 60ms
memory usage: 1059044KB
FIND_DENSITY_INSIDE 707733 107087 719553 593137
8.91674%
running time: 12ms
memory usage: 1059308KB
FIND_DENSITY_INSIDE -235347 469520 1010485 593730
6.4846%
running time: 32ms
memory usage: 1059440KB
FIND_DENSITY_INSIDE -237596 -183242 -159508 268444
5.92246%
running time: 216ms
memory usage: 1063764KB
FIND_DENSITY_INSIDE 241970 50023 795721 330326
6.80555%
running time: 72ms
memory usage: 1064556KB
FIND_DENSITY_INSIDE 73579 190693 808260 275471
6.17038%
running time: 320ms
memory usage: 1068960KB
FIND_DENSITY_INSIDE 520673 260923 949744 340826
8.72209%
running time: 60ms
memory usage: 1070280KB
FIND_DENSITY_INSIDE -94054 -276141 562191 490728
5.67349%
running time: 56ms
memory usage: 1071468KB
FIND_DENSITY_INSIDE -267459 74873 185360 838399
5.14106%
running time: 1628ms
memory usage: 1081848KB
FIND_DENSITY_INSIDE 721531 -143904 951773 1037357
8.087%
running time: 1104ms
memory usage: 1089024KB
FIND_DENSITY_INSIDE 621883 380494 921607 1077572
7.79862%
running time: 2496ms
memory usage: 1097428KB
FIND_DENSITY_INSIDE 639784 -65351 976766 441528
8.0774%
running time: 1196ms
memory usage: 1103856KB
FIND_DENSITY_INSIDE 497792 -231107 688592 170108
7.36751%
running time: 712ms
memory usage: 1109316KB
FIND_DENSITY_INSIDE 387369 619888 659860 1004967
5.49524%
running time: 264ms
memory usage: 1111824KB
FIND_DENSITY_INSIDE -76671 -264399 708721 -22977
5.70917%
running time: 264ms
memory usage: 1114792KB
FIND_DENSITY_INSIDE 838119 58537 1015002 674669
7.33524%
running time: 288ms
memory usage: 1119148KB
FIND_DENSITY_INSIDE 580063 -114939 612093 210952
8.31973%
running time: 384ms
memory usage: 1121944KB
FIND_DENSITY_INSIDE 129901 843932 261911 1016317
6.2622%
running time: 40ms
memory usage: 1122340KB
FIND_DENSITY_INSIDE 722940 20981 966666 405140
8.04289%
running time: 32ms
memory usage: 1122868KB
FIND_DENSITY_INSIDE -143630 -236324 728020 -81970
5.66265%
running time: 284ms
memory usage: 1125668KB
FIND_DENSITY_INSIDE -130735 503314 26670 791772
4.0756%
running time: 164ms
memory usage: 1128960KB
FIND_DENSITY_INSIDE 640718 -29919 664864 298308
7.74228%
running time: 64ms
memory usage: 1129752KB
FIND_DENSITY_INSIDE 318709 -133678 428044 969178
4.49304%
running time: 32ms
memory usage: 1130156KB
FIND_DENSITY_INSIDE 294474 194152 1009295 1069883
6.78196%
running time: 440ms
memory usage: 1132412KB
FIND_DENSITY_INSIDE -40966 296626 697842 705547
5.93643%
running time: 3528ms
memory usage: 1150036KB
FIND_DENSITY_INSIDE -282973 21545 725586 726102
5.87461%
running time: 716ms
memory usage: 1157032KB
FIND_DENSITY_INSIDE -240571 -220755 886332 362458
6.52871%
running time: 2476ms
memory usage: 1173980KB
FIND_DENSITY_INSIDE 665354 5562 750437 116544
8.6184%
running time: 2116ms
memory usage: 1190544KB
FIND_DENSITY_INSIDE -153148 -77501 918856 403463
6.71732%
running time: 24ms
memory usage: 1190544KB
Average running time and memory for each problems: 
Total number of polygons: 159909
FIND_INSIDE: 
	running time: 4.20026ms
	memory: 135.564MB
FIND_INTERACT: 
	running time: 5.60035ms
	memory: 137.285MB
FIND_NO_OVERLAP: 
	running time: 646.48ms
	memory: 435.051MB
FIND_AREA_LESS_THAN: 
	running time: 2.04012ms
	memory: 676.912MB
FIND_DENSITY_INSIDE: 
	running time: 831.732ms
	memory: 944.194MB
