FIND_INSIDE 197912 469738 893302 793507
55375
running time: 139823052269ms
memory usage: 139823052280264KB
FIND_INSIDE 205882 75933 306305 339646
7036
running time: 4ms
memory usage: 126452KB
FIND_INSIDE 235326 339142 645185 866948
50689
running time: 4ms
memory usage: 126452KB
FIND_INSIDE 385509 214255 432535 400657
2488
running time: 4ms
memory usage: 126452KB
FIND_INSIDE 124027 480753 858795 758578
49647
running time: 4ms
memory usage: 126452KB
FIND_INSIDE 187030 98968 560739 270540
17636
running time: 4ms
memory usage: 126452KB
FIND_INSIDE 278629 233981 713304 632876
41564
running time: 8ms
memory usage: 126452KB
FIND_INSIDE 290491 586020 409621 665061
2904
running time: 8ms
memory usage: 126452KB
FIND_INSIDE 500849 191321 789546 222623
2411
running time: 4ms
memory usage: 126452KB
FIND_INSIDE 286827 123790 681667 179678
4351
running time: 8ms
memory usage: 126452KB
FIND_INSIDE 255254 203190 677313 321692
13725
running time: 4ms
memory usage: 126452KB
FIND_INSIDE 127955 636566 648837 733275
13047
running time: 4ms
memory usage: 126452KB
FIND_INSIDE 412222 369497 771220 482592
10436
running time: 4ms
memory usage: 126452KB
FIND_INSIDE 206612 129691 479907 201070
5684
running time: 4ms
memory usage: 126452KB
FIND_INSIDE 499673 768016 732089 819027
2057
running time: 4ms
memory usage: 126452KB
FIND_INSIDE 423471 120890 889534 701850
66953
running time: 4ms
memory usage: 126452KB
FIND_INSIDE 329378 54384 786681 297733
24493
running time: 4ms
memory usage: 126452KB
FIND_INSIDE 140303 482790 502630 834252
28583
running time: 4ms
memory usage: 126452KB
FIND_INSIDE 590567 609821 653394 655976
1096
running time: 8ms
memory usage: 126452KB
FIND_INSIDE 156770 373740 641093 778430
47503
running time: 4ms
memory usage: 126452KB
FIND_INSIDE 550239 534227 975319 625782
7944
running time: 4ms
memory usage: 126452KB
FIND_INSIDE 207191 158979 820163 674236
79517
running time: 4ms
memory usage: 126452KB
FIND_INSIDE 671959 433599 881936 440895
395
running time: 4ms
memory usage: 126452KB
FIND_INSIDE 428435 681568 483080 851504
1959
running time: 4ms
memory usage: 126452KB
FIND_INSIDE 485180 38170 846171 569238
44451
running time: 4ms
memory usage: 126452KB
FIND_INSIDE 265048 11480 355916 160339
2115
running time: 4ms
memory usage: 126452KB
FIND_INSIDE 689966 73237 832019 529858
14871
running time: 4ms
memory usage: 126452KB
FIND_INSIDE 474842 285475 593593 745942
14125
running time: 4ms
memory usage: 126452KB
FIND_INSIDE 63267 202737 751897 588101
61489
running time: 4ms
memory usage: 126452KB
FIND_INSIDE 836229 438884 918817 713627
4905
running time: 4ms
memory usage: 126452KB
FIND_INSIDE 952544 503175 984658 659516
549
running time: 4ms
memory usage: 126452KB
FIND_INSIDE 157197 139172 209587 540944
5461
running time: 4ms
memory usage: 126452KB
FIND_INSIDE 154076 260834 412137 664883
27204
running time: 4ms
memory usage: 126452KB
FIND_INSIDE 696936 161420 793337 601248
9945
running time: 4ms
memory usage: 126452KB
FIND_INSIDE 464249 424075 785594 575741
11285
running time: 4ms
memory usage: 126452KB
FIND_INSIDE 406635 227650 738197 409556
15232
running time: 4ms
memory usage: 126452KB
FIND_INSIDE 342654 204301 448373 341145
3586
running time: 4ms
memory usage: 126452KB
FIND_INSIDE 286896 146294 742252 456143
36629
running time: 4ms
memory usage: 126452KB
FIND_INSIDE 121375 106809 137810 496126
932
running time: 4ms
memory usage: 126452KB
FIND_INSIDE 552605 122552 889890 695084
47260
running time: 4ms
memory usage: 126452KB
FIND_INSIDE 293822 687388 707900 800060
9394
running time: 4ms
memory usage: 126452KB
FIND_INSIDE 814873 647343 856030 721690
691
running time: 8ms
memory usage: 126452KB
FIND_INSIDE 215371 823573 909962 843285
3285
running time: 0ms
memory usage: 126452KB
FIND_INSIDE 644596 749496 770805 919091
4475
running time: 8ms
memory usage: 126452KB
FIND_INSIDE 767971 131294 954485 629325
20877
running time: 4ms
memory usage: 126452KB
FIND_INSIDE 251870 161105 934180 707021
92597
running time: 4ms
memory usage: 126452KB
FIND_INSIDE 136994 371827 322629 545919
8420
running time: 4ms
memory usage: 126452KB
FIND_INSIDE 289416 672207 561500 817403
7158
running time: 4ms
memory usage: 126452KB
FIND_INSIDE 244950 333929 506842 838249
31257
running time: 4ms
memory usage: 126452KB
FIND_INSIDE 630139 194921 652496 781328
3372
running time: 4ms
memory usage: 126452KB
FIND_INSIDE 667030 220696 815844 599382
12403
running time: 4ms
memory usage: 126452KB
FIND_INSIDE 386333 568533 528351 908236
8991
running time: 4ms
memory usage: 126452KB
FIND_INSIDE 172058 138970 794265 171953
4907
running time: 4ms
memory usage: 126452KB
FIND_INSIDE 215768 701964 406848 793637
2266
running time: 4ms
memory usage: 126452KB
FIND_INSIDE 745161 150103 958902 772758
30397
running time: 4ms
memory usage: 126452KB
FIND_INSIDE 257896 141836 617215 706219
52625
running time: 4ms
memory usage: 126452KB
FIND_INSIDE 240927 640248 434138 901232
9758
running time: 4ms
memory usage: 126452KB
FIND_INSIDE 446579 434889 909294 849237
47644
running time: 4ms
memory usage: 126452KB
FIND_INSIDE 225896 608649 236441 736177
313
running time: 4ms
memory usage: 126452KB
FIND_INSIDE 129764 295549 761361 826816
78567
running time: 4ms
memory usage: 126452KB
FIND_INSIDE 328724 125939 566848 690167
33697
running time: 8ms
memory usage: 126452KB
FIND_INSIDE 341240 275031 382268 362818
1014
running time: 4ms
memory usage: 126452KB
FIND_INSIDE 110450 384915 181329 608199
2925
running time: 4ms
memory usage: 126452KB
FIND_INSIDE 557040 264236 860935 924447
48384
running time: 4ms
memory usage: 126452KB
FIND_INSIDE 256144 354531 543351 434530
6481
running time: 4ms
memory usage: 126452KB
FIND_INSIDE 778941 368402 798791 628710
1257
running time: 4ms
memory usage: 126452KB
FIND_INSIDE 270222 145875 866138 931939
109072
running time: 4ms
memory usage: 126452KB
FIND_INSIDE 625172 393321 765992 620634
7065
running time: 4ms
memory usage: 126452KB
FIND_INSIDE 705141 544508 712804 924039
722
running time: 4ms
memory usage: 126452KB
FIND_INSIDE 756689 564202 881898 609161
1430
running time: 4ms
memory usage: 126452KB
FIND_INSIDE 480100 116223 585051 590095
12876
running time: 4ms
memory usage: 126452KB
FIND_INSIDE 561707 272540 623913 648439
5987
running time: 4ms
memory usage: 126452KB
FIND_INSIDE 636081 514259 842874 630765
5507
running time: 4ms
memory usage: 126452KB
FIND_INSIDE 173264 405747 252628 674791
5678
running time: 4ms
memory usage: 126452KB
FIND_INSIDE 230669 221129 570616 662601
38018
running time: 4ms
memory usage: 126452KB
FIND_INSIDE 519433 600490 632694 685802
3273
running time: 4ms
memory usage: 126452KB
FIND_INSIDE 301394 192338 395854 629960
10230
running time: 4ms
memory usage: 126452KB
FIND_INSIDE 414103 223544 766701 512231
24127
running time: 4ms
memory usage: 126452KB
FIND_INSIDE 158552 531488 551727 664296
13449
running time: 4ms
memory usage: 126452KB
FIND_INSIDE 108563 130981 264233 187173
2406
running time: 4ms
memory usage: 126452KB
FIND_INSIDE 191404 219707 826223 451169
37391
running time: 4ms
memory usage: 126452KB
FIND_INSIDE 606333 727430 608391 757246
12
running time: 4ms
memory usage: 126452KB
FIND_INSIDE 551273 640348 883300 668158
2856
running time: 4ms
memory usage: 126452KB
FIND_INSIDE 643887 323142 686693 481807
1372
running time: 4ms
memory usage: 126452KB
FIND_INSIDE 742039 767977 798498 794860
491
running time: 4ms
memory usage: 126452KB
FIND_INSIDE 503855 272195 849188 644772
31367
running time: 4ms
memory usage: 126452KB
FIND_INSIDE 225704 368565 404379 652422
12677
running time: 4ms
memory usage: 126452KB
FIND_INSIDE 164241 533788 177504 906255
972
running time: 4ms
memory usage: 126452KB
FIND_INSIDE 323104 288466 501669 846616
21746
running time: 4ms
memory usage: 126452KB
FIND_INSIDE 448402 68493 810109 818239
65445
running time: 4ms
memory usage: 126452KB
FIND_INSIDE 292744 539994 784732 721436
22902
running time: 4ms
memory usage: 126452KB
FIND_INSIDE 520898 444296 662947 772323
11048
running time: 4ms
memory usage: 126452KB
FIND_INSIDE 199554 197157 481398 209395
1395
running time: 4ms
memory usage: 126452KB
FIND_INSIDE 683852 98407 845269 858888
31178
running time: 4ms
memory usage: 126452KB
FIND_INSIDE 514087 197791 764947 330122
7795
running time: 4ms
memory usage: 126452KB
FIND_INSIDE 273649 459740 687294 727367
26741
running time: 4ms
memory usage: 126452KB
FIND_INSIDE 307145 210738 373234 741202
8425
running time: 4ms
memory usage: 126452KB
FIND_INSIDE 444701 106060 461593 204768
878
running time: 4ms
memory usage: 126452KB
FIND_INSIDE 679167 177462 926408 821698
38720
running time: 4ms
memory usage: 126452KB
FIND_INSIDE 373719 140257 827189 547294
44907
running time: 4ms
memory usage: 126452KB
FIND_INTERACT 78081 60169 581966 257939
22643
running time: 4ms
memory usage: 126452KB
FIND_INTERACT 661112 680586 819560 727161
2768
running time: 4ms
memory usage: 127012KB
FIND_INTERACT 209209 36122 735096 595260
67959
running time: 8ms
memory usage: 127012KB
FIND_INTERACT 362973 467710 1000205 836095
53274
running time: 4ms
memory usage: 128544KB
FIND_INTERACT 679523 464325 815018 625524
4779
running time: 8ms
memory usage: 128544KB
FIND_INTERACT 234397 290833 628607 374533
9097
running time: 4ms
memory usage: 128544KB
FIND_INTERACT 205120 51153 499474 544428
34759
running time: 8ms
memory usage: 128544KB
FIND_INTERACT 249239 698232 545332 805875
5203
running time: 4ms
memory usage: 128544KB
FIND_INTERACT 279819 84075 791293 791224
87591
running time: 4ms
memory usage: 128544KB
FIND_INTERACT 117878 136068 663152 276712
20349
running time: 8ms
memory usage: 128544KB
FIND_INTERACT 240046 718424 402017 815128
2008
running time: 4ms
memory usage: 128544KB
FIND_INTERACT 707607 658601 830997 700204
1336
running time: 8ms
memory usage: 128544KB
FIND_INTERACT 348534 240954 647457 392351
11718
running time: 4ms
memory usage: 128544KB
FIND_INTERACT 118159 443099 715887 721746
40217
running time: 4ms
memory usage: 128544KB
FIND_INTERACT 762693 136807 794065 559055
3939
running time: 8ms
memory usage: 128544KB
FIND_INTERACT 368742 199826 538189 549340
14267
running time: 4ms
memory usage: 128544KB
FIND_INTERACT 498434 578248 828021 764932
17764
running time: 4ms
memory usage: 128544KB
FIND_INTERACT 625225 150460 881928 651576
31557
running time: 8ms
memory usage: 128544KB
FIND_INTERACT 263621 746678 838099 767479
3120
running time: 4ms
memory usage: 128544KB
FIND_INTERACT 231728 533998 290058 776733
3464
running time: 4ms
memory usage: 128544KB
FIND_INTERACT 307654 95477 384904 550309
8056
running time: 8ms
memory usage: 128544KB
FIND_INTERACT 253837 693187 379085 779582
1412
running time: 4ms
memory usage: 128544KB
FIND_INTERACT 681401 370573 813597 772662
14101
running time: 8ms
memory usage: 128544KB
FIND_INTERACT 582627 216321 779201 556188
15560
running time: 4ms
memory usage: 128544KB
FIND_INTERACT 415064 293891 846936 409863
12993
running time: 4ms
memory usage: 128544KB
FIND_INTERACT 260365 142597 507687 335860
13095
running time: 8ms
memory usage: 128544KB
FIND_INTERACT 102289 138297 883658 408594
53931
running time: 4ms
memory usage: 128544KB
FIND_INTERACT 131774 192846 748343 685171
76469
running time: 8ms
memory usage: 128544KB
FIND_INTERACT 251705 225521 430155 477592
11431
running time: 4ms
memory usage: 128544KB
FIND_INTERACT 298495 488153 308495 702816
1027
running time: 8ms
memory usage: 128544KB
FIND_INTERACT 256774 142600 668389 248185
12385
running time: 4ms
memory usage: 128544KB
FIND_INTERACT 222604 195438 536637 316615
10357
running time: 4ms
memory usage: 128544KB
FIND_INTERACT 390610 224114 399354 627659
580
running time: 4ms
memory usage: 128544KB
FIND_INTERACT 244081 124323 331905 281906
3848
running time: 4ms
memory usage: 128544KB
FIND_INTERACT 84469 281685 721488 662047
58175
running time: 4ms
memory usage: 128544KB
FIND_INTERACT 798955 711359 883950 765437
1500
running time: 8ms
memory usage: 128544KB
FIND_INTERACT 138350 259497 502398 275817
1775
running time: 4ms
memory usage: 128544KB
FIND_INTERACT 570547 605450 809777 699098
6476
running time: 4ms
memory usage: 128544KB
FIND_INTERACT 397040 217337 501840 296647
2611
running time: 8ms
memory usage: 128544KB
FIND_INTERACT 138694 150762 537545 319031
17456
running time: 4ms
memory usage: 128544KB
FIND_INTERACT 355335 390311 950994 437551
7274
running time: 4ms
memory usage: 128544KB
FIND_INTERACT 448666 185446 900141 300216
13647
running time: 8ms
memory usage: 128544KB
FIND_INTERACT 850647 534348 915575 682335
2233
running time: 4ms
memory usage: 128544KB
FIND_INTERACT 668262 295214 927522 825966
34287
running time: 4ms
memory usage: 128544KB
FIND_INTERACT 725093 184029 816952 644424
9909
running time: 8ms
memory usage: 128544KB
FIND_INTERACT 339364 195590 522633 505779
15266
running time: 4ms
memory usage: 128544KB
FIND_INTERACT 159727 295611 440424 751976
31646
running time: 4ms
memory usage: 128544KB
FIND_INTERACT 153757 396463 506936 775481
32345
running time: 8ms
memory usage: 128544KB
FIND_INTERACT 867226 272167 898491 563342
1574
running time: 4ms
memory usage: 128544KB
FIND_INTERACT 335286 32499 546614 516082
24431
running time: 4ms
memory usage: 128544KB
FIND_INTERACT 485289 137004 839200 715564
52070
running time: 8ms
memory usage: 128544KB
FIND_INTERACT 516221 272223 668644 691398
16268
running time: 4ms
memory usage: 128544KB
FIND_INTERACT 291758 358160 652494 691988
29644
running time: 4ms
memory usage: 128544KB
FIND_INTERACT 331423 658729 687528 835175
13242
running time: 4ms
memory usage: 128544KB
FIND_INTERACT 111257 140257 236382 602064
13181
running time: 4ms
memory usage: 128544KB
FIND_INTERACT 204459 103011 671849 589674
57260
running time: 8ms
memory usage: 128544KB
FIND_INTERACT 456224 305435 809120 414332
9801
running time: 4ms
memory usage: 128544KB
FIND_INTERACT 699968 -25788 837661 796010
28674
running time: 4ms
memory usage: 128544KB
FIND_INTERACT 290208 373386 742731 833164
48216
running time: 8ms
memory usage: 128544KB
FIND_INTERACT 662903 390057 917618 715458
20327
running time: 4ms
memory usage: 128544KB
FIND_INTERACT 260617 55658 289777 764457
5869
running time: 8ms
memory usage: 128544KB
FIND_INTERACT 425661 336882 868389 520840
19395
running time: 4ms
memory usage: 128544KB
FIND_INTERACT 561717 600417 881049 820223
20062
running time: 4ms
memory usage: 128544KB
FIND_INTERACT 247930 145447 647384 490814
36743
running time: 8ms
memory usage: 128544KB
FIND_INTERACT 206241 720567 976468 920490
29586
running time: 4ms
memory usage: 128544KB
FIND_INTERACT 128895 19230 188458 332518
3698
running time: 4ms
memory usage: 128544KB
FIND_INTERACT 615154 814133 767605 817456
105
running time: 8ms
memory usage: 128544KB
FIND_INTERACT 206936 466522 272593 584580
1670
running time: 4ms
memory usage: 128544KB
FIND_INTERACT 238466 722476 459466 861532
5347
running time: 4ms
memory usage: 128544KB
FIND_INTERACT 210009 154437 545366 467857
28563
running time: 8ms
memory usage: 128544KB
FIND_INTERACT 466704 555000 502312 598944
538
running time: 4ms
memory usage: 128544KB
FIND_INTERACT 402765 723912 920813 818006
12608
running time: 4ms
memory usage: 128544KB
FIND_INTERACT 76310 126448 542734 596847
53253
running time: 8ms
memory usage: 128544KB
FIND_INTERACT 257927 247296 592054 882747
48606
running time: 4ms
memory usage: 128544KB
FIND_INTERACT 447154 140523 881417 603197
49469
running time: 8ms
memory usage: 128544KB
FIND_INTERACT 131793 -15079 796794 193820
22903
running time: 4ms
memory usage: 128544KB
FIND_INTERACT 632491 525894 796435 714853
7960
running time: 4ms
memory usage: 128544KB
FIND_INTERACT 515135 508620 626029 664141
3862
running time: 8ms
memory usage: 128544KB
FIND_INTERACT 543393 434234 915182 618907
15246
running time: 4ms
memory usage: 128544KB
FIND_INTERACT 323456 -24454 614377 681457
45827
running time: 4ms
memory usage: 128544KB
FIND_INTERACT 684400 25583 879878 679145
29444
running time: 8ms
memory usage: 128544KB
FIND_INTERACT 576422 174594 683498 300236
3925
running time: 4ms
memory usage: 128544KB
FIND_INTERACT 166727 27362 258786 166964
2319
running time: 8ms
memory usage: 128544KB
FIND_INTERACT 675321 63841 942239 598297
30987
running time: 4ms
memory usage: 128544KB
FIND_INTERACT 396927 229213 566461 708478
19684
running time: 4ms
memory usage: 128544KB
FIND_INTERACT 140030 189551 208347 585610
6988
running time: 8ms
memory usage: 128544KB
FIND_INTERACT 708524 154436 826148 840132
21467
running time: 4ms
memory usage: 128544KB
FIND_INTERACT 199025 401501 876783 596002
30791
running time: 4ms
memory usage: 128544KB
FIND_INTERACT 677841 687703 919329 785640
8038
running time: 8ms
memory usage: 128544KB
FIND_INTERACT 235215 130771 523607 381395
19894
running time: 4ms
memory usage: 128544KB
FIND_INTERACT 662157 377148 884621 680589
16885
running time: 4ms
memory usage: 128544KB
FIND_INTERACT 304222 275192 687695 658677
36165
running time: 8ms
memory usage: 128544KB
FIND_INTERACT 534557 745371 720017 888528
5073
running time: 4ms
memory usage: 128544KB
FIND_INTERACT 457063 399895 673445 661817
13482
running time: 8ms
memory usage: 128544KB
FIND_INTERACT 676533 649180 816133 833723
7356
running time: 4ms
memory usage: 128544KB
FIND_INTERACT 281859 643104 389043 805607
3567
running time: 4ms
memory usage: 128544KB
FIND_INTERACT 159050 41727 301638 498106
16464
running time: 8ms
memory usage: 128544KB
FIND_INTERACT 111257 140257 588777 466141
40291
running time: 4ms
memory usage: 128544KB
FIND_INTERACT 405887 357270 806137 840376
46503
running time: 8ms
memory usage: 128544KB
FIND_INTERACT 766848 344354 790736 548084
1531
running time: 4ms
memory usage: 128544KB
FIND_NO_OVERLAP 165287 182249 364206 883313
26955
running time: 4ms
memory usage: 128544KB
FIND_NO_OVERLAP 265533 459491 788358 916116
39977
running time: 1004ms
memory usage: 134992KB
FIND_NO_OVERLAP 217285 195263 700757 704486
48523
running time: 1148ms
memory usage: 145760KB
FIND_NO_OVERLAP 423668 693521 844077 882355
14080
running time: 1612ms
memory usage: 159768KB
FIND_NO_OVERLAP 302148 274015 781519 718317
40426
running time: 276ms
memory usage: 162540KB
FIND_NO_OVERLAP 666972 118083 882375 244827
5375
running time: 1172ms
memory usage: 174176KB
FIND_NO_OVERLAP 82666 95549 647977 306567
22165
running time: 128ms
memory usage: 174704KB
FIND_NO_OVERLAP 705869 150771 996128 469021
15147
running time: 564ms
memory usage: 181204KB
FIND_NO_OVERLAP 211464 190312 694976 442499
25795
running time: 344ms
memory usage: 185208KB
FIND_NO_OVERLAP 297068 329876 337361 477707
683
running time: 616ms
memory usage: 193036KB
FIND_NO_OVERLAP 552181 382421 864492 449388
3741
running time: 16ms
memory usage: 193036KB
FIND_NO_OVERLAP 466511 183020 666134 287021
4710
running time: 60ms
memory usage: 193300KB
FIND_NO_OVERLAP 75696 175943 755086 657157
61709
running time: 84ms
memory usage: 194680KB
FIND_NO_OVERLAP 574736 300416 826617 765710
22866
running time: 1960ms
memory usage: 213524KB
FIND_NO_OVERLAP 155403 263371 456157 424539
9856
running time: 692ms
memory usage: 218144KB
FIND_NO_OVERLAP 352985 635665 562508 647703
485
running time: 208ms
memory usage: 220656KB
FIND_NO_OVERLAP 701140 390954 948061 803239
20228
running time: 8ms
memory usage: 220656KB
FIND_NO_OVERLAP 586775 221945 858545 396692
9168
running time: 624ms
memory usage: 226472KB
FIND_NO_OVERLAP 325467 287559 434476 577623
5679
running time: 188ms
memory usage: 228740KB
FIND_NO_OVERLAP 662786 384592 775587 526200
3025
running time: 132ms
memory usage: 230100KB
FIND_NO_OVERLAP 323543 341447 875416 387814
5409
running time: 60ms
memory usage: 230924KB
FIND_NO_OVERLAP 329214 44161 349473 662920
1983
running time: 84ms
memory usage: 232508KB
FIND_NO_OVERLAP 722357 658984 863723 737116
2273
running time: 60ms
memory usage: 232904KB
FIND_NO_OVERLAP 587938 338268 838339 477799
7174
running time: 44ms
memory usage: 233564KB
FIND_NO_OVERLAP 402869 240017 842990 546914
24920
running time: 140ms
memory usage: 235688KB
FIND_NO_OVERLAP 121376 220553 242220 719829
11095
running time: 608ms
memory usage: 243100KB
FIND_NO_OVERLAP 251957 772829 339710 780529
62
running time: 324ms
memory usage: 245608KB
FIND_NO_OVERLAP 511186 356714 801903 660472
16589
running time: 4ms
memory usage: 245608KB
FIND_NO_OVERLAP 505854 298572 775266 339701
2060
running time: 388ms
memory usage: 250364KB
FIND_NO_OVERLAP 460489 199480 906502 824243
54161
running time: 36ms
memory usage: 250496KB
FIND_NO_OVERLAP 375210 668231 799308 784859
9906
running time: 2156ms
memory usage: 267420KB
FIND_NO_OVERLAP 220440 357503 223329 586367
148
running time: 188ms
memory usage: 268344KB
FIND_NO_OVERLAP 592348 173575 812549 312272
5542
running time: 8ms
memory usage: 268344KB
FIND_NO_OVERLAP 472521 -16663 839323 571595
36538
running time: 120ms
memory usage: 269828KB
FIND_NO_OVERLAP 452464 387951 542986 849140
7812
running time: 1240ms
memory usage: 280584KB
FIND_NO_OVERLAP 285106 374632 402289 383721
186
running time: 228ms
memory usage: 281904KB
FIND_NO_OVERLAP 148376 241836 493503 709602
31425
running time: 4ms
memory usage: 281904KB
FIND_NO_OVERLAP 352298 101279 562907 329453
9931
running time: 964ms
memory usage: 291508KB
FIND_NO_OVERLAP 472014 437076 902165 710942
22395
running time: 292ms
memory usage: 293488KB
FIND_NO_OVERLAP 424324 216985 496034 277528
920
running time: 548ms
memory usage: 299840KB
FIND_NO_OVERLAP 857764 -30203 885612 247268
1201
running time: 16ms
memory usage: 299840KB
FIND_NO_OVERLAP 901124 197893 921462 457289
667
running time: 28ms
memory usage: 299972KB
FIND_NO_OVERLAP 233529 122425 878104 225487
13860
running time: 16ms
memory usage: 300104KB
FIND_NO_OVERLAP 331236 661161 855344 720150
6176
running time: 292ms
memory usage: 304432KB
FIND_NO_OVERLAP 581849 377903 1001932 824366
33851
running time: 96ms
memory usage: 305872KB
FIND_NO_OVERLAP 217683 342472 883113 689427
44903
running time: 1076ms
memory usage: 315940KB
FIND_NO_OVERLAP 111841 32997 410500 562591
28692
running time: 1580ms
memory usage: 328288KB
FIND_NO_OVERLAP 440883 661899 763341 781354
8451
running time: 944ms
memory usage: 336160KB
FIND_NO_OVERLAP 530450 677993 708604 791797
4223
running time: 164ms
memory usage: 337744KB
FIND_NO_OVERLAP 218702 357570 766830 785808
44153
running time: 88ms
memory usage: 338932KB
FIND_NO_OVERLAP 132586 112936 891872 145862
4653
running time: 1364ms
memory usage: 351952KB
FIND_NO_OVERLAP 642235 324812 833525 350653
652
running time: 68ms
memory usage: 352348KB
FIND_NO_OVERLAP 228851 417745 695997 685171
23283
running time: 12ms
memory usage: 352348KB
FIND_NO_OVERLAP 371153 242656 938560 823397
61300
running time: 596ms
memory usage: 359600KB
FIND_NO_OVERLAP 739636 674253 753495 695606
81
running time: 4420ms
memory usage: 377588KB
FIND_NO_OVERLAP 468831 165265 823209 411533
17613
running time: 8ms
memory usage: 377588KB
FIND_NO_OVERLAP 264182 819350 921958 880826
5572
running time: 444ms
memory usage: 380888KB
FIND_NO_OVERLAP 555041 564250 997938 927412
28434
running time: 80ms
memory usage: 381944KB
FIND_NO_OVERLAP 635451 273170 654286 938251
2724
running time: 980ms
memory usage: 390440KB
FIND_NO_OVERLAP 470550 571982 761560 814255
13916
running time: 96ms
memory usage: 390440KB
FIND_NO_OVERLAP 258197 405921 726134 654013
21710
running time: 332ms
memory usage: 394452KB
FIND_NO_OVERLAP 296941 208007 715466 676013
37409
running time: 520ms
memory usage: 400420KB
FIND_NO_OVERLAP 392897 159927 782303 504477
26226
running time: 1128ms
memory usage: 411208KB
FIND_NO_OVERLAP 327568 479947 584636 611036
5981
running time: 696ms
memory usage: 418452KB
FIND_NO_OVERLAP 492747 44996 700299 684109
23721
running time: 108ms
memory usage: 419112KB
FIND_NO_OVERLAP 285153 16955 354330 427074
5341
running time: 800ms
memory usage: 426220KB
FIND_NO_OVERLAP 365023 3910 844616 339395
26540
running time: 160ms
memory usage: 427144KB
FIND_NO_OVERLAP 203759 553163 718597 711872
16846
running time: 660ms
memory usage: 435320KB
FIND_NO_OVERLAP 124847 251421 277664 539632
9077
running time: 348ms
memory usage: 439420KB
FIND_NO_OVERLAP 614534 441630 781556 834922
12829
running time: 240ms
memory usage: 441648KB
FIND_NO_OVERLAP 466625 215358 495126 622114
2234
running time: 420ms
memory usage: 445436KB
FIND_NO_OVERLAP 62770 369390 246961 577055
5781
running time: 64ms
memory usage: 445700KB
FIND_NO_OVERLAP 454774 182754 614583 724755
18148
running time: 112ms
memory usage: 447180KB
FIND_NO_OVERLAP 345037 -16934 869061 337239
29268
running time: 624ms
memory usage: 452668KB
FIND_NO_OVERLAP 121004 198460 745089 246338
6387
running time: 1120ms
memory usage: 461048KB
FIND_NO_OVERLAP 708940 763133 918220 884203
4770
running time: 100ms
memory usage: 462104KB
FIND_NO_OVERLAP 136979 342940 252753 815492
10319
running time: 92ms
memory usage: 463292KB
FIND_NO_OVERLAP 721910 619547 833500 732336
3196
running time: 292ms
memory usage: 466160KB
FIND_NO_OVERLAP 519126 478034 883341 670961
13173
running time: 72ms
memory usage: 466952KB
FIND_NO_OVERLAP 486898 374035 860072 554327
12744
running time: 272ms
memory usage: 470820KB
FIND_NO_OVERLAP 581002 768613 682740 812356
571
running time: 260ms
memory usage: 474352KB
FIND_NO_OVERLAP 512575 441080 781600 740391
15559
running time: 12ms
memory usage: 474352KB
FIND_NO_OVERLAP 287113 122010 615568 827996
43613
running time: 384ms
memory usage: 478844KB
FIND_NO_OVERLAP 255201 448025 838306 612166
16548
running time: 1696ms
memory usage: 491360KB
FIND_NO_OVERLAP 705644 790800 838038 812932
581
running time: 336ms
memory usage: 495368KB
FIND_NO_OVERLAP 290881 222086 620562 296548
4904
running time: 12ms
memory usage: 495368KB
FIND_NO_OVERLAP 260798 590716 849548 892143
31677
running time: 100ms
memory usage: 496424KB
FIND_NO_OVERLAP 303223 49016 416507 877787
16527
running time: 748ms
memory usage: 505948KB
FIND_NO_OVERLAP 206995 261822 237061 343123
355
running time: 684ms
memory usage: 510012KB
FIND_NO_OVERLAP 348306 1856 355692 4858
16
running time: 12ms
memory usage: 510012KB
FIND_NO_OVERLAP 169203 405168 996195 412843
1327
running time: 4ms
memory usage: 510012KB
FIND_NO_OVERLAP 202627 118607 669236 530086
38557
running time: 16ms
memory usage: 510012KB
FIND_NO_OVERLAP 283736 153416 454960 802650
20104
running time: 1152ms
memory usage: 521720KB
FIND_NO_OVERLAP 491889 469959 801546 581367
5706
running time: 716ms
memory usage: 526844KB
FIND_NO_OVERLAP 399662 -9508 883106 195059
13629
running time: 100ms
memory usage: 528032KB
FIND_NO_OVERLAP 726032 157520 841261 418637
5940
running time: 364ms
memory usage: 531988KB
FIND_NO_OVERLAP 223080 255269 430790 458158
8723
running time: 132ms
memory usage: 533216KB
FIND_NO_OVERLAP 476977 327656 508859 560076
1862
running time: 216ms
memory usage: 535760KB
FIND_NO_OVERLAP 173726 210494 572885 280175
6251
running time: 52ms
memory usage: 536156KB
FIND_NO_OVERLAP 788121 518335 827781 936034
3675
running time: 116ms
memory usage: 537920KB
FIND_AREA_LESS_THAN 155257
88988
running time: 116ms
memory usage: 538844KB
FIND_AREA_LESS_THAN 138234
84427
running time: 4ms
memory usage: 538844KB
FIND_AREA_LESS_THAN 173027
93649
running time: 0ms
memory usage: 538844KB
FIND_AREA_LESS_THAN 99687
71349
running time: 4ms
memory usage: 538844KB
FIND_AREA_LESS_THAN 666381
170923
running time: 0ms
memory usage: 538844KB
FIND_AREA_LESS_THAN 267338
127028
running time: 4ms
memory usage: 538844KB
FIND_AREA_LESS_THAN 105723
73595
running time: 0ms
memory usage: 538844KB
FIND_AREA_LESS_THAN 66615
56477
running time: 4ms
memory usage: 538844KB
FIND_AREA_LESS_THAN 567141
166291
running time: 4ms
memory usage: 538844KB
FIND_AREA_LESS_THAN 165423
91647
running time: 0ms
memory usage: 538844KB
FIND_AREA_LESS_THAN 154853
88896
running time: 4ms
memory usage: 538844KB
FIND_AREA_LESS_THAN 178083
94981
running time: 0ms
memory usage: 538844KB
FIND_AREA_LESS_THAN 196634
99725
running time: 4ms
memory usage: 538844KB
FIND_AREA_LESS_THAN 523017
163604
running time: 0ms
memory usage: 538844KB
FIND_AREA_LESS_THAN 162493
90855
running time: 4ms
memory usage: 538844KB
FIND_AREA_LESS_THAN 130101
82100
running time: 0ms
memory usage: 538844KB
FIND_AREA_LESS_THAN 431090
155637
running time: 4ms
memory usage: 538844KB
FIND_AREA_LESS_THAN 183345
96263
running time: 0ms
memory usage: 538844KB
FIND_AREA_LESS_THAN 305981
137322
running time: 4ms
memory usage: 538844KB
FIND_AREA_LESS_THAN 347913
144016
running time: 0ms
memory usage: 538844KB
FIND_AREA_LESS_THAN 429253
155468
running time: 4ms
memory usage: 538844KB
FIND_AREA_LESS_THAN 154690
88856
running time: 0ms
memory usage: 538844KB
FIND_AREA_LESS_THAN 165200
91577
running time: 4ms
memory usage: 538844KB
FIND_AREA_LESS_THAN 132828
82901
running time: 4ms
memory usage: 538844KB
FIND_AREA_LESS_THAN 92192
68344
running time: 0ms
memory usage: 538844KB
FIND_AREA_LESS_THAN 63189
54647
running time: 4ms
memory usage: 538844KB
FIND_AREA_LESS_THAN 222620
108617
running time: 0ms
memory usage: 538844KB
FIND_AREA_LESS_THAN 234545
113314
running time: 4ms
memory usage: 538844KB
FIND_AREA_LESS_THAN 281098
131810
running time: 0ms
memory usage: 538844KB
FIND_AREA_LESS_THAN 42913
42731
running time: 4ms
memory usage: 538844KB
FIND_AREA_LESS_THAN 113311
76395
running time: 4ms
memory usage: 538844KB
FIND_AREA_LESS_THAN 559049
165814
running time: 0ms
memory usage: 538844KB
FIND_AREA_LESS_THAN 237309
114162
running time: 4ms
memory usage: 538844KB
FIND_AREA_LESS_THAN 493802
161357
running time: 0ms
memory usage: 538844KB
FIND_AREA_LESS_THAN 111628
75797
running time: 4ms
memory usage: 538844KB
FIND_AREA_LESS_THAN 300480
136309
running time: 0ms
memory usage: 538844KB
FIND_AREA_LESS_THAN 373408
148125
running time: 4ms
memory usage: 538844KB
FIND_AREA_LESS_THAN 210857
103829
running time: 0ms
memory usage: 538844KB
FIND_AREA_LESS_THAN 111650
75824
running time: 0ms
memory usage: 538844KB
FIND_AREA_LESS_THAN 597086
167978
running time: 4ms
memory usage: 538844KB
FIND_AREA_LESS_THAN 62162
54080
running time: 0ms
memory usage: 538844KB
FIND_AREA_LESS_THAN 153634
88568
running time: 4ms
memory usage: 538844KB
FIND_AREA_LESS_THAN 82711
63963
running time: 0ms
memory usage: 538844KB
FIND_AREA_LESS_THAN 290804
134333
running time: 4ms
memory usage: 538844KB
FIND_AREA_LESS_THAN 109613
75019
running time: 0ms
memory usage: 538844KB
FIND_AREA_LESS_THAN 148557
87224
running time: 4ms
memory usage: 538844KB
FIND_AREA_LESS_THAN 205376
101925
running time: 4ms
memory usage: 538844KB
FIND_AREA_LESS_THAN 38550
39767
running time: 0ms
memory usage: 538844KB
FIND_AREA_LESS_THAN 157782
89661
running time: 4ms
memory usage: 538844KB
FIND_AREA_LESS_THAN 174003
93877
running time: 0ms
memory usage: 538844KB
FIND_AREA_LESS_THAN 79092
62232
running time: 4ms
memory usage: 538844KB
FIND_AREA_LESS_THAN 219502
107209
running time: 4ms
memory usage: 538844KB
FIND_AREA_LESS_THAN 253742
120951
running time: 0ms
memory usage: 538844KB
FIND_AREA_LESS_THAN 165139
91544
running time: 4ms
memory usage: 538844KB
FIND_AREA_LESS_THAN 185175
96628
running time: 0ms
memory usage: 538844KB
FIND_AREA_LESS_THAN 25254
29722
running time: 4ms
memory usage: 538844KB
FIND_AREA_LESS_THAN 140375
85039
running time: 0ms
memory usage: 538844KB
FIND_AREA_LESS_THAN 133043
83000
running time: 4ms
memory usage: 538844KB
FIND_AREA_LESS_THAN 235551
113751
running time: 0ms
memory usage: 538844KB
FIND_AREA_LESS_THAN 124625
80331
running time: 4ms
memory usage: 538844KB
FIND_AREA_LESS_THAN 101059
71865
running time: 0ms
memory usage: 538844KB
FIND_AREA_LESS_THAN 168174
92300
running time: 4ms
memory usage: 538844KB
FIND_AREA_LESS_THAN 27168
31337
running time: 4ms
memory usage: 538844KB
FIND_AREA_LESS_THAN 59577
52536
running time: 0ms
memory usage: 538844KB
FIND_AREA_LESS_THAN 173445
93721
running time: 4ms
memory usage: 538844KB
FIND_AREA_LESS_THAN 126561
80962
running time: 0ms
memory usage: 538844KB
FIND_AREA_LESS_THAN 246864
118482
running time: 4ms
memory usage: 538844KB
FIND_AREA_LESS_THAN 331280
141334
running time: 4ms
memory usage: 538844KB
FIND_AREA_LESS_THAN 273918
129683
running time: 0ms
memory usage: 538844KB
FIND_AREA_LESS_THAN 110960
75531
running time: 4ms
memory usage: 538844KB
FIND_AREA_LESS_THAN 223036
108755
running time: 0ms
memory usage: 538844KB
FIND_AREA_LESS_THAN 873848
175785
running time: 4ms
memory usage: 538844KB
FIND_AREA_LESS_THAN 15843
21181
running time: 0ms
memory usage: 538844KB
FIND_AREA_LESS_THAN 133971
83270
running time: 4ms
memory usage: 538844KB
FIND_AREA_LESS_THAN 279484
130863
running time: 0ms
memory usage: 538844KB
FIND_AREA_LESS_THAN 180149
95421
running time: 4ms
memory usage: 538844KB
FIND_AREA_LESS_THAN 342523
143218
running time: 0ms
memory usage: 538844KB
FIND_AREA_LESS_THAN 140526
85085
running time: 4ms
memory usage: 538844KB
FIND_AREA_LESS_THAN 22592
27360
running time: 4ms
memory usage: 538844KB
FIND_AREA_LESS_THAN 158211
89769
running time: 0ms
memory usage: 538844KB
FIND_AREA_LESS_THAN 208583
103206
running time: 4ms
memory usage: 538844KB
FIND_AREA_LESS_THAN 58558
52027
running time: 0ms
memory usage: 538844KB
FIND_AREA_LESS_THAN 140170
84991
running time: 4ms
memory usage: 538844KB
FIND_AREA_LESS_THAN 536477
164517
running time: 0ms
memory usage: 538844KB
FIND_AREA_LESS_THAN 426276
155200
running time: 4ms
memory usage: 538844KB
FIND_AREA_LESS_THAN 320068
139502
running time: 0ms
memory usage: 538844KB
FIND_AREA_LESS_THAN 116973
77770
running time: 4ms
memory usage: 538844KB
FIND_AREA_LESS_THAN 94656
69374
running time: 0ms
memory usage: 538844KB
FIND_AREA_LESS_THAN 365638
146807
running time: 4ms
memory usage: 538844KB
FIND_AREA_LESS_THAN 244906
117956
running time: 4ms
memory usage: 538844KB
FIND_AREA_LESS_THAN 148080
87094
running time: 0ms
memory usage: 538844KB
FIND_AREA_LESS_THAN 566145
166231
running time: 4ms
memory usage: 538844KB
FIND_AREA_LESS_THAN 145918
86540
running time: 0ms
memory usage: 538844KB
FIND_AREA_LESS_THAN 17176
22467
running time: 4ms
memory usage: 538844KB
FIND_AREA_LESS_THAN 52662
48669
running time: 0ms
memory usage: 538844KB
FIND_AREA_LESS_THAN 66602
56466
running time: 4ms
memory usage: 538844KB
FIND_AREA_LESS_THAN 67536
56955
running time: 4ms
memory usage: 538844KB
FIND_AREA_LESS_THAN 81002
63205
running time: 0ms
memory usage: 538844KB
FIND_AREA_LESS_THAN 42917
42731
running time: 4ms
memory usage: 538844KB
FIND_AREA_LESS_THAN 10365
15370
running time: 0ms
memory usage: 538844KB
FIND_DENSITY_INSIDE 611458 45041 729945 586443
21.7291%
running time: 4ms
memory usage: 538844KB
FIND_DENSITY_INSIDE 504195 260773 512760 753955
8.45049%
running time: 496ms
memory usage: 541872KB
FIND_DENSITY_INSIDE 281492 137209 710626 153695
4.7492%
running time: 52ms
memory usage: 542004KB
FIND_DENSITY_INSIDE 269616 124716 834600 512711
-28.3657%
running time: 20ms
memory usage: 542268KB
FIND_DENSITY_INSIDE 168787 487356 212954 537173
8.12074%
running time: 2628ms
memory usage: 554732KB
FIND_DENSITY_INSIDE 98943 140880 619971 857765
38.5553%
running time: 12ms
memory usage: 554732KB
FIND_DENSITY_INSIDE 140725 172693 997806 487143
19.7862%
running time: 6040ms
memory usage: 574296KB
FIND_DENSITY_INSIDE 787406 47526 929088 837329
32.7068%
running time: 2792ms
memory usage: 587760KB
FIND_DENSITY_INSIDE 172066 690622 343845 843698
3.9715%
running time: 1492ms
memory usage: 593172KB
FIND_DENSITY_INSIDE 414254 614548 728683 699336
8.0405%
running time: 64ms
memory usage: 593964KB
FIND_DENSITY_INSIDE 413554 529762 727832 582838
6.2518%
running time: 88ms
memory usage: 595460KB
FIND_DENSITY_INSIDE 103606 538279 891894 638342
14.1366%
running time: 44ms
memory usage: 596252KB
FIND_DENSITY_INSIDE 109103 283362 719869 598100
22.3194%
running time: 264ms
memory usage: 600600KB
FIND_DENSITY_INSIDE 211266 79904 839692 145140
-138.81%
running time: 1508ms
memory usage: 610732KB
FIND_DENSITY_INSIDE 369359 662742 436876 750504
2.4985%
running time: 88ms
memory usage: 611788KB
FIND_DENSITY_INSIDE 240046 489720 685362 718770
0.241812%
running time: 12ms
memory usage: 611920KB
FIND_DENSITY_INSIDE 468089 -7033 618103 125607
-25.9043%
running time: 564ms
memory usage: 617644KB
FIND_DENSITY_INSIDE 104319 201833 841455 475171
-2.92658%
running time: 32ms
memory usage: 617776KB
FIND_DENSITY_INSIDE 625966 158482 923642 297820
76.9831%
running time: 1492ms
memory usage: 629132KB
FIND_DENSITY_INSIDE 810892 597962 949525 843951
18.6984%
running time: 176ms
memory usage: 630848KB
FIND_DENSITY_INSIDE 337593 260433 817340 706959
7.73431%
running time: 240ms
memory usage: 632896KB
FIND_DENSITY_INSIDE 817797 622129 829955 677757
13.4879%
running time: 2616ms
memory usage: 644432KB
FIND_DENSITY_INSIDE 556255 537766 757468 814775
21.1781%
running time: 12ms
memory usage: 644432KB
FIND_DENSITY_INSIDE 413513 477413 763780 780205
20.562%
running time: 292ms
memory usage: 646940KB
FIND_DENSITY_INSIDE 301251 223102 978168 889726
39.1332%
running time: 688ms
memory usage: 652452KB
FIND_DENSITY_INSIDE 625401 271953 747563 697989
5.92781%
running time: 8520ms
memory usage: 674544KB
FIND_DENSITY_INSIDE 345762 357891 724844 575260
52.1985%
running time: 336ms
memory usage: 676260KB
FIND_DENSITY_INSIDE 781566 423375 948663 536137
-3.21942%
running time: 376ms
memory usage: 680544KB
FIND_DENSITY_INSIDE 160616 584712 476166 657172
6.40383%
running time: 52ms
memory usage: 681072KB
FIND_DENSITY_INSIDE 934707 483788 996351 908551
3.69812%
running time: 84ms
memory usage: 682540KB
FIND_DENSITY_INSIDE 467600 626502 868072 902646
24.637%
running time: 64ms
memory usage: 683200KB
FIND_DENSITY_INSIDE 190351 537095 875280 689585
30.8743%
running time: 588ms
memory usage: 689140KB
FIND_DENSITY_INSIDE 259459 297575 786681 914733
31.686%
running time: 420ms
memory usage: 694968KB
FIND_DENSITY_INSIDE 216348 189346 285319 330869
5.73264%
running time: 3952ms
memory usage: 711172KB
FIND_DENSITY_INSIDE 187431 321355 219543 583179
7.62346%
running time: 36ms
memory usage: 711172KB
FIND_DENSITY_INSIDE 260685 574630 771332 909286
8.80625%
running time: 68ms
memory usage: 711304KB
FIND_DENSITY_INSIDE 201720 865773 346206 895263
2.47812%
running time: 992ms
memory usage: 719572KB
FIND_DENSITY_INSIDE 516202 311413 657858 510723
12.6688%
running time: 8ms
memory usage: 719572KB
FIND_DENSITY_INSIDE 262574 389461 584303 481448
4.60205%
running time: 128ms
memory usage: 720628KB
FIND_DENSITY_INSIDE 375358 254308 502962 601674
10.7235%
running time: 100ms
memory usage: 722212KB
FIND_DENSITY_INSIDE 433835 453381 778613 556765
4.26831%
running time: 284ms
memory usage: 724548KB
FIND_DENSITY_INSIDE 157036 366837 552840 603175
42.6299%
running time: 104ms
memory usage: 726000KB
FIND_DENSITY_INSIDE 411905 396521 681754 883304
28.139%
running time: 504ms
memory usage: 731324KB
FIND_DENSITY_INSIDE 560702 89283 824429 810433
26.7546%
running time: 1040ms
memory usage: 737416KB
FIND_DENSITY_INSIDE 205149 263378 736084 484886
14.2732%
running time: 2432ms
memory usage: 747488KB
FIND_DENSITY_INSIDE 823858 146084 960293 843914
55.8352%
running time: 640ms
memory usage: 753692KB
FIND_DENSITY_INSIDE 250262 657167 760889 721139
10.6218%
running time: 964ms
memory usage: 758124KB
FIND_DENSITY_INSIDE 596046 830381 668143 832398
-550.014%
running time: 112ms
memory usage: 759840KB
FIND_DENSITY_INSIDE 593493 224134 657157 307096
5.53035%
running time: 4ms
memory usage: 759840KB
FIND_DENSITY_INSIDE 147270 546016 320246 657538
5.84848%
running time: 20ms
memory usage: 760104KB
FIND_DENSITY_INSIDE 193835 19107 253601 601203
31.8535%
running time: 64ms
memory usage: 761160KB
FIND_DENSITY_INSIDE 136948 587432 302932 672000
4.20722%
running time: 320ms
memory usage: 763140KB
FIND_DENSITY_INSIDE 242682 95159 667230 892704
38.7706%
running time: 48ms
memory usage: 763932KB
FIND_DENSITY_INSIDE 369337 234568 744316 561467
17.089%
running time: 5864ms
memory usage: 781964KB
FIND_DENSITY_INSIDE 308241 37524 832263 705761
27.582%
running time: 700ms
memory usage: 787244KB
FIND_DENSITY_INSIDE 472826 419850 528674 510042
7.33149%
running time: 3608ms
memory usage: 805484KB
FIND_DENSITY_INSIDE 678415 275925 996104 459714
58.1968%
running time: 24ms
memory usage: 805484KB
FIND_DENSITY_INSIDE 711850 628376 717096 767384
7.38815%
running time: 164ms
memory usage: 807332KB
FIND_DENSITY_INSIDE 117185 164563 706957 740067
23.5486%
running time: 8ms
memory usage: 807332KB
FIND_DENSITY_INSIDE 223439 163935 458281 203256
7.28174%
running time: 4140ms
memory usage: 826372KB
FIND_DENSITY_INSIDE 248494 604225 813414 825989
11.7999%
running time: 40ms
memory usage: 826372KB
FIND_DENSITY_INSIDE 410874 335248 500466 552645
6.33499%
running time: 668ms
memory usage: 832644KB
FIND_DENSITY_INSIDE 493680 453307 720494 751299
48.6692%
running time: 88ms
memory usage: 833436KB
FIND_DENSITY_INSIDE 183294 92968 886019 152065
-22.0224%
running time: 484ms
memory usage: 837240KB
FIND_DENSITY_INSIDE 878506 654300 976472 720431
3.52836%
running time: 92ms
memory usage: 838956KB
FIND_DENSITY_INSIDE 147684 309652 848868 924640
32.1221%
running time: 16ms
memory usage: 838956KB
FIND_DENSITY_INSIDE 443875 685538 519203 786107
6.45121%
running time: 7812ms
memory usage: 860984KB
FIND_DENSITY_INSIDE 799619 118813 834403 582936
6.33218%
running time: 32ms
memory usage: 860984KB
FIND_DENSITY_INSIDE 472435 273292 953510 274317
5.18047%
running time: 132ms
memory usage: 861380KB
FIND_DENSITY_INSIDE 425133 329360 595359 630073
20.0976%
running time: 8ms
memory usage: 861380KB
FIND_DENSITY_INSIDE 374256 335375 593841 764758
22.6254%
running time: 340ms
memory usage: 863984KB
FIND_DENSITY_INSIDE 294251 188328 301988 535251
6.64843%
running time: 692ms
memory usage: 868852KB
FIND_DENSITY_INSIDE 277458 80160 656524 591116
34.837%
running time: 24ms
memory usage: 868852KB
FIND_DENSITY_INSIDE 522804 437238 685882 457661
-67.3026%
running time: 2716ms
memory usage: 879260KB
FIND_DENSITY_INSIDE 240057 340861 882419 568922
8.61313%
running time: 12ms
memory usage: 879260KB
FIND_DENSITY_INSIDE 324908 96854 658088 804427
11.3514%
running time: 904ms
memory usage: 887008KB
FIND_DENSITY_INSIDE 381248 675479 630852 892898
-10.4055%
running time: 2720ms
memory usage: 898844KB
FIND_DENSITY_INSIDE 648725 156793 795835 183740
2.90381%
running time: 200ms
memory usage: 900560KB
FIND_DENSITY_INSIDE 164836 9008 410689 235610
5.86527%
running time: 20ms
memory usage: 900692KB
FIND_DENSITY_INSIDE 718832 377205 729742 734077
9.30756%
running time: 208ms
memory usage: 903416KB
FIND_DENSITY_INSIDE 298684 700879 820819 768946
-36.5368%
running time: 48ms
memory usage: 903680KB
FIND_DENSITY_INSIDE 231748 672013 383638 732008
2.94273%
running time: 108ms
memory usage: 905624KB
FIND_DENSITY_INSIDE 245874 616277 686647 728179
34.1515%
running time: 28ms
memory usage: 906020KB
FIND_DENSITY_INSIDE 548070 443515 659321 827693
31.8919%
running time: 184ms
memory usage: 909016KB
FIND_DENSITY_INSIDE 640617 646865 665404 842329
17.0423%
running time: 260ms
memory usage: 911004KB
FIND_DENSITY_INSIDE 260333 50454 828263 759364
22.4265%
running time: 28ms
memory usage: 911268KB
FIND_DENSITY_INSIDE 349415 54209 790405 223925
-14.9913%
running time: 7620ms
memory usage: 932972KB
FIND_DENSITY_INSIDE 235645 102062 361144 161319
1.30318%
running time: 340ms
memory usage: 935480KB
FIND_DENSITY_INSIDE 444841 538252 864188 562772
6.23101%
running time: 24ms
memory usage: 935744KB
FIND_DENSITY_INSIDE 726517 590293 871122 881818
21.5082%
running time: 28ms
memory usage: 936404KB
FIND_DENSITY_INSIDE 446205 403573 725547 434560
4.65403%
running time: 284ms
memory usage: 938856KB
FIND_DENSITY_INSIDE 675045 372915 789752 437805
9.62763%
running time: 24ms
memory usage: 939252KB
FIND_DENSITY_INSIDE 449652 741550 791510 883796
11.8514%
running time: 28ms
memory usage: 939648KB
FIND_DENSITY_INSIDE 822479 487143 934386 617979
-24.9871%
running time: 128ms
memory usage: 941752KB
FIND_DENSITY_INSIDE 443979 736596 721845 836037
5.10544%
running time: 44ms
memory usage: 942280KB
FIND_DENSITY_INSIDE 349638 48757 788528 736288
35.9074%
running time: 72ms
memory usage: 943600KB
FIND_DENSITY_INSIDE 116765 108725 766993 774636
39.3974%
running time: 4272ms
memory usage: 959624KB
FIND_DENSITY_INSIDE 320975 229704 427827 646617
29.0265%
running time: 10424ms
memory usage: 982244KB
FIND_DENSITY_INSIDE 406497 661903 819637 680030
4.57109%
running time: 344ms
memory usage: 983564KB
FIND_DENSITY_INSIDE 695962 739258 978394 799249
6.38788%
running time: 16ms
memory usage: 983828KB
Average running time and memory for each problems: 
Total number of polygons: 180378
FIND_INSIDE: 
	running time: 4.24026ms
	memory: 126.452MB
FIND_INTERACT: 
	running time: 5.40034ms
	memory: 128.513MB
FIND_NO_OVERLAP: 
	running time: 460.909ms
	memory: 352.743MB
FIND_AREA_LESS_THAN: 
	running time: 2.20014ms
	memory: 538.844MB
FIND_DENSITY_INSIDE: 
	running time: 1000.66ms
	memory: 773.039MB
