FIND_INSIDE 512576 395498 640770 421311
1025
running time: 140069246715ms
memory usage: 140069246726600KB
FIND_INSIDE 868472 726251 936898 811514
2708
running time: 4ms
memory usage: 146524KB
FIND_INSIDE 444487 501348 878172 825243
47248
running time: 8ms
memory usage: 146524KB
FIND_INSIDE 117204 625879 123262 767151
303
running time: 4ms
memory usage: 146524KB
FIND_INSIDE 288836 469714 602446 619899
14298
running time: 4ms
memory usage: 146524KB
FIND_INSIDE 546334 548103 983266 674518
16838
running time: 8ms
memory usage: 146524KB
FIND_INSIDE 344906 296236 990929 493503
38029
running time: 4ms
memory usage: 146524KB
FIND_INSIDE 193603 384806 635191 815510
58704
running time: 8ms
memory usage: 146524KB
FIND_INSIDE 350584 13619 856077 261360
35036
running time: 4ms
memory usage: 146524KB
FIND_INSIDE 254646 191796 373923 852141
27313
running time: 4ms
memory usage: 146524KB
FIND_INSIDE 253292 566201 385518 633092
3608
running time: 8ms
memory usage: 146524KB
FIND_INSIDE 205065 493984 797878 797308
57004
running time: 4ms
memory usage: 146524KB
FIND_INSIDE 303587 486940 796287 550984
8377
running time: 4ms
memory usage: 146524KB
FIND_INSIDE 778187 142857 883321 539490
13534
running time: 8ms
memory usage: 146524KB
FIND_INSIDE 471778 432896 800463 761847
36856
running time: 4ms
memory usage: 146524KB
FIND_INSIDE 547743 227372 656811 674495
16415
running time: 4ms
memory usage: 146524KB
FIND_INSIDE 226922 159257 358128 681073
26214
running time: 8ms
memory usage: 146524KB
FIND_INSIDE 386925 186254 787080 480220
40527
running time: 4ms
memory usage: 146524KB
FIND_INSIDE 842507 319071 969773 531911
5495
running time: 4ms
memory usage: 146524KB
FIND_INSIDE 389679 427237 883297 789682
58683
running time: 8ms
memory usage: 146524KB
FIND_INSIDE 227950 259055 997429 670487
98475
running time: 4ms
memory usage: 146524KB
FIND_INSIDE 505610 432832 837885 748498
35625
running time: 8ms
memory usage: 146524KB
FIND_INSIDE 814145 828575 937452 910965
2535
running time: 4ms
memory usage: 146524KB
FIND_INSIDE 111696 231483 706729 739379
98158
running time: 4ms
memory usage: 146524KB
FIND_INSIDE 95103 21544 711546 748510
137486
running time: 8ms
memory usage: 146524KB
FIND_INSIDE 606169 333310 852547 414206
6717
running time: 4ms
memory usage: 146524KB
FIND_INSIDE 207129 433267 568489 461543
3153
running time: 4ms
memory usage: 146524KB
FIND_INSIDE 407330 59976 842882 499888
60706
running time: 8ms
memory usage: 146524KB
FIND_INSIDE 394328 493744 655080 777852
23118
running time: 4ms
memory usage: 146524KB
FIND_INSIDE 285823 132694 550070 834056
60036
running time: 8ms
memory usage: 146524KB
FIND_INSIDE 249542 17192 478449 755053
53593
running time: 4ms
memory usage: 146524KB
FIND_INSIDE 286303 339893 568244 931385
45965
running time: 4ms
memory usage: 146524KB
FIND_INSIDE 119690 276424 218104 334787
1615
running time: 8ms
memory usage: 146524KB
FIND_INSIDE 762497 560337 839773 620435
1667
running time: 4ms
memory usage: 146524KB
FIND_INSIDE 466011 182520 929817 416704
36079
running time: 4ms
memory usage: 146524KB
FIND_INSIDE 319676 139535 565316 490179
30493
running time: 8ms
memory usage: 146524KB
FIND_INSIDE 221404 286316 609503 445708
23201
running time: 4ms
memory usage: 146524KB
FIND_INSIDE 301488 114564 721000 708189
82659
running time: 4ms
memory usage: 146524KB
FIND_INSIDE 621628 326079 819841 391660
4253
running time: 8ms
memory usage: 146524KB
FIND_INSIDE 699602 115398 754203 154680
554
running time: 4ms
memory usage: 146524KB
FIND_INSIDE 375757 191759 621934 915147
53831
running time: 4ms
memory usage: 146524KB
FIND_INSIDE 495848 592852 732956 639043
3870
running time: 8ms
memory usage: 146524KB
FIND_INSIDE 762975 126912 840857 159647
1085
running time: 4ms
memory usage: 146524KB
FIND_INSIDE 162524 100848 832615 654907
124851
running time: 4ms
memory usage: 146524KB
FIND_INSIDE 516826 160131 865378 373469
24474
running time: 8ms
memory usage: 146524KB
FIND_INSIDE 628547 439579 848367 650363
15442
running time: 4ms
memory usage: 146524KB
FIND_INSIDE 414994 181121 543373 410975
10029
running time: 4ms
memory usage: 146524KB
FIND_INSIDE 330406 276993 717079 393687
15527
running time: 8ms
memory usage: 146524KB
FIND_INSIDE 202219 531254 405259 569703
1842
running time: 4ms
memory usage: 146524KB
FIND_INSIDE 536656 154059 919201 274292
14566
running time: 4ms
memory usage: 146524KB
FIND_INSIDE 605986 124961 892613 427582
28541
running time: 8ms
memory usage: 146524KB
FIND_INSIDE 131340 89592 797880 200582
22875
running time: 4ms
memory usage: 146524KB
FIND_INSIDE 244848 262257 927967 941245
138923
running time: 4ms
memory usage: 146524KB
FIND_INSIDE 374240 201893 452764 565540
8563
running time: 8ms
memory usage: 146524KB
FIND_INSIDE 214182 450690 726098 807177
55212
running time: 4ms
memory usage: 146524KB
FIND_INSIDE 601082 179877 614455 915783
3304
running time: 8ms
memory usage: 146524KB
FIND_INSIDE 211842 464426 784170 709453
45318
running time: 4ms
memory usage: 146524KB
FIND_INSIDE 155099 99699 299874 271680
8817
running time: 8ms
memory usage: 146524KB
FIND_INSIDE 284548 79002 743705 392534
46926
running time: 4ms
memory usage: 146524KB
FIND_INSIDE 127984 615575 614141 835303
30594
running time: 4ms
memory usage: 146524KB
FIND_INSIDE 196077 611074 473188 703279
9848
running time: 4ms
memory usage: 146524KB
FIND_INSIDE 260349 314394 277245 641253
1980
running time: 8ms
memory usage: 146524KB
FIND_INSIDE 351924 192256 551746 659548
31355
running time: 8ms
memory usage: 146524KB
FIND_INSIDE 70560 168478 224854 282451
4390
running time: 8ms
memory usage: 146524KB
FIND_INSIDE 301328 554956 469067 601076
3435
running time: 8ms
memory usage: 146524KB
FIND_INSIDE 466376 194817 765639 372031
17497
running time: 4ms
memory usage: 146524KB
FIND_INSIDE 127621 617108 531646 712100
13217
running time: 4ms
memory usage: 146524KB
FIND_INSIDE 418036 191943 780612 447390
31353
running time: 8ms
memory usage: 146524KB
FIND_INSIDE 242347 818191 326493 909094
1983
running time: 4ms
memory usage: 146524KB
FIND_INSIDE 258418 77845 589341 615528
59054
running time: 4ms
memory usage: 146524KB
FIND_INSIDE 719326 554042 777572 622762
1370
running time: 8ms
memory usage: 146524KB
FIND_INSIDE 247332 589970 428597 834671
12910
running time: 4ms
memory usage: 146524KB
FIND_INSIDE 406995 282520 930396 333430
8762
running time: 4ms
memory usage: 146524KB
FIND_INSIDE 414098 234311 934791 810653
96222
running time: 4ms
memory usage: 146524KB
FIND_INSIDE 536865 126724 547138 493179
1424
running time: 4ms
memory usage: 146524KB
FIND_INSIDE 227810 192612 986815 645744
108835
running time: 8ms
memory usage: 146524KB
FIND_INSIDE 85548 372839 516703 438525
9727
running time: 4ms
memory usage: 146524KB
FIND_INSIDE 664837 685442 913807 893525
17759
running time: 4ms
memory usage: 146524KB
FIND_INSIDE 83251 285769 558209 355050
10336
running time: 8ms
memory usage: 146524KB
FIND_INSIDE 256971 360289 468315 420443
4766
running time: 4ms
memory usage: 146524KB
FIND_INSIDE 473461 303523 774656 754120
44836
running time: 8ms
memory usage: 146524KB
FIND_INSIDE 471252 504058 745503 876344
29995
running time: 4ms
memory usage: 146524KB
FIND_INSIDE 532037 188403 823595 634704
41224
running time: 4ms
memory usage: 146524KB
FIND_INSIDE 485123 203565 775959 245019
3757
running time: 8ms
memory usage: 146524KB
FIND_INSIDE 190044 408728 428158 589840
14010
running time: 4ms
memory usage: 146524KB
FIND_INSIDE 473444 222747 648086 391578
11069
running time: 4ms
memory usage: 146524KB
FIND_INSIDE 790745 780012 829712 804607
249
running time: 8ms
memory usage: 146524KB
FIND_INSIDE 148731 319429 520821 503044
25110
running time: 4ms
memory usage: 146524KB
FIND_INSIDE 154804 320967 822889 552771
51155
running time: 4ms
memory usage: 146524KB
FIND_INSIDE 659841 581330 716195 765328
3402
running time: 8ms
memory usage: 146524KB
FIND_INSIDE 321682 620111 374666 770728
1972
running time: 4ms
memory usage: 146524KB
FIND_INSIDE 205194 223217 303137 288084
2068
running time: 4ms
memory usage: 146524KB
FIND_INSIDE 436657 113676 657463 325133
16878
running time: 8ms
memory usage: 146524KB
FIND_INSIDE 415868 439354 850966 914277
61739
running time: 4ms
memory usage: 146524KB
FIND_INSIDE 156386 116679 618652 502612
63665
running time: 4ms
memory usage: 146524KB
FIND_INSIDE 322419 370709 714771 539065
20603
running time: 4ms
memory usage: 146524KB
FIND_INSIDE 156977 536693 921389 619771
19387
running time: 4ms
memory usage: 146524KB
FIND_INSIDE 322927 305211 617152 632082
31144
running time: 8ms
memory usage: 146524KB
FIND_INSIDE 150914 38511 666943 293556
39371
running time: 4ms
memory usage: 146524KB
FIND_INSIDE 388453 243481 471116 642711
10196
running time: 8ms
memory usage: 146524KB
FIND_INTERACT 186030 108253 220619 685403
8098
running time: 4ms
memory usage: 146524KB
FIND_INTERACT 289416 84605 544237 434913
31639
running time: 8ms
memory usage: 146668KB
FIND_INTERACT 378118 773398 940163 802855
5452
running time: 4ms
memory usage: 147144KB
FIND_INTERACT 724533 156970 876314 402049
12142
running time: 8ms
memory usage: 147144KB
FIND_INTERACT 459191 299426 881027 650479
48369
running time: 8ms
memory usage: 147144KB
FIND_INTERACT 305904 350337 851640 619759
46548
running time: 8ms
memory usage: 147656KB
FIND_INTERACT 722767 614689 871937 739983
7147
running time: 8ms
memory usage: 147656KB
FIND_INTERACT 380304 660734 963906 764077
19688
running time: 4ms
memory usage: 147656KB
FIND_INTERACT 152700 270496 971362 433241
43785
running time: 8ms
memory usage: 147656KB
FIND_INTERACT 772532 353773 814914 774461
6850
running time: 8ms
memory usage: 147656KB
FIND_INTERACT 467387 223290 703924 814803
46160
running time: 8ms
memory usage: 147656KB
FIND_INTERACT 78499 572666 472506 825426
27003
running time: 8ms
memory usage: 147656KB
FIND_INTERACT 508640 179529 565496 474258
5788
running time: 4ms
memory usage: 147656KB
FIND_INTERACT 359141 106144 569684 689237
41463
running time: 8ms
memory usage: 147656KB
FIND_INTERACT 271745 462949 548411 468870
294
running time: 8ms
memory usage: 147656KB
FIND_INTERACT 512374 647686 590196 657420
236
running time: 8ms
memory usage: 147656KB
FIND_INTERACT 151770 54057 409095 256485
16476
running time: 4ms
memory usage: 147656KB
FIND_INTERACT 456766 90791 832610 301588
25509
running time: 8ms
memory usage: 147656KB
FIND_INTERACT 700638 520597 849505 825353
17642
running time: 8ms
memory usage: 147656KB
FIND_INTERACT 495753 139459 509381 781985
4550
running time: 8ms
memory usage: 147656KB
FIND_INTERACT 504679 553593 808747 563296
849
running time: 4ms
memory usage: 147656KB
FIND_INTERACT 229811 200507 872067 574690
79770
running time: 8ms
memory usage: 147656KB
FIND_INTERACT 323632 326359 909424 629329
55892
running time: 8ms
memory usage: 148676KB
FIND_INTERACT 468517 442770 660126 674920
13650
running time: 8ms
memory usage: 148676KB
FIND_INTERACT 99172 420226 106800 436463
112
running time: 8ms
memory usage: 148676KB
FIND_INTERACT 256934 173410 907932 527887
77898
running time: 4ms
memory usage: 148676KB
FIND_INTERACT 366777 415916 517904 434850
1446
running time: 8ms
memory usage: 148676KB
FIND_INTERACT 580008 192874 763214 274478
4008
running time: 8ms
memory usage: 148676KB
FIND_INTERACT 812787 290531 846387 362163
1226
running time: 8ms
memory usage: 148676KB
FIND_INTERACT 683885 254183 815682 329212
1920
running time: 4ms
memory usage: 148676KB
FIND_INTERACT 720730 423670 985612 801648
31302
running time: 8ms
memory usage: 148676KB
FIND_INTERACT 819010 86230 821507 294369
278
running time: 8ms
memory usage: 148676KB
FIND_INTERACT 341220 835607 727741 901025
4386
running time: 8ms
memory usage: 148676KB
FIND_INTERACT 393604 814339 809248 830701
2005
running time: 4ms
memory usage: 148676KB
FIND_INTERACT 597927 392962 942812 850263
51849
running time: 8ms
memory usage: 148676KB
FIND_INTERACT 440771 320409 491718 394910
554
running time: 8ms
memory usage: 148676KB
FIND_INTERACT 406069 656416 820106 683286
3241
running time: 8ms
memory usage: 148676KB
FIND_INTERACT 107407 408909 403014 823975
37617
running time: 4ms
memory usage: 148676KB
FIND_INTERACT 290101 682717 896763 795040
22744
running time: 8ms
memory usage: 148676KB
FIND_INTERACT 586180 128727 891426 252925
12564
running time: 8ms
memory usage: 148676KB
FIND_INTERACT 667662 91552 844270 622918
29687
running time: 8ms
memory usage: 148676KB
FIND_INTERACT 543255 335341 909465 392048
7357
running time: 4ms
memory usage: 148676KB
FIND_INTERACT 389280 220031 927656 464472
43466
running time: 8ms
memory usage: 148676KB
FIND_INTERACT 530236 689627 834094 850245
17306
running time: 8ms
memory usage: 148676KB
FIND_INTERACT 709284 275128 920379 465207
12532
running time: 8ms
memory usage: 148676KB
FIND_INTERACT 438470 198771 612988 260857
4345
running time: 4ms
memory usage: 148676KB
FIND_INTERACT 274241 390381 939370 670639
59022
running time: 8ms
memory usage: 148676KB
FIND_INTERACT 182179 339510 744953 591108
46387
running time: 8ms
memory usage: 148676KB
FIND_INTERACT 138062 744522 285993 805179
2162
running time: 8ms
memory usage: 148676KB
FIND_INTERACT 445695 479086 634353 672047
11767
running time: 8ms
memory usage: 148676KB
FIND_INTERACT 264883 264141 724096 608586
51294
running time: 4ms
memory usage: 148676KB
FIND_INTERACT 283487 396410 348538 821967
9192
running time: 8ms
memory usage: 148676KB
FIND_INTERACT 938981 830162 941308 897163
104
running time: 8ms
memory usage: 148676KB
FIND_INTERACT 428805 446378 657157 811929
24817
running time: 8ms
memory usage: 148676KB
FIND_INTERACT 472815 416634 835106 687887
31506
running time: 4ms
memory usage: 148676KB
FIND_INTERACT 115117 112398 195910 207578
1917
running time: 8ms
memory usage: 148676KB
FIND_INTERACT 626173 284075 985426 550870
26484
running time: 8ms
memory usage: 148676KB
FIND_INTERACT 683958 455790 789266 724768
9056
running time: 8ms
memory usage: 148676KB
FIND_INTERACT 275597 252788 710537 538392
40268
running time: 8ms
memory usage: 148676KB
FIND_INTERACT 781736 641013 819041 931343
4221
running time: 4ms
memory usage: 148676KB
FIND_INTERACT 343080 129068 525247 303075
12514
running time: 8ms
memory usage: 148676KB
FIND_INTERACT 205676 257005 882444 570421
69063
running time: 8ms
memory usage: 148676KB
FIND_INTERACT 445664 664212 600673 763267
6379
running time: 8ms
memory usage: 148676KB
FIND_INTERACT 239634 623270 816747 774227
30312
running time: 8ms
memory usage: 148676KB
FIND_INTERACT 239486 719751 554838 876551
11312
running time: 8ms
memory usage: 148676KB
FIND_INTERACT 760226 161326 851616 919157
25243
running time: 8ms
memory usage: 148676KB
FIND_INTERACT 882746 765370 1008716 836768
2970
running time: 8ms
memory usage: 148676KB
FIND_INTERACT 738584 390005 739559 651186
70
running time: 4ms
memory usage: 148676KB
FIND_INTERACT 414430 174847 665594 711068
45561
running time: 8ms
memory usage: 148676KB
FIND_INTERACT 324616 502751 820786 634186
19723
running time: 8ms
memory usage: 148676KB
FIND_INTERACT 224740 376805 291598 475621
2922
running time: 8ms
memory usage: 148676KB
FIND_INTERACT 294239 75990 833291 215416
24166
running time: 4ms
memory usage: 148676KB
FIND_INTERACT 371600 334700 631475 531891
15087
running time: 8ms
memory usage: 148676KB
FIND_INTERACT 213245 232985 810165 402927
33999
running time: 8ms
memory usage: 148676KB
FIND_INTERACT 628703 125944 822919 456420
21253
running time: 8ms
memory usage: 148676KB
FIND_INTERACT 304019 21900 712987 86096
3949
running time: 4ms
memory usage: 148676KB
FIND_INTERACT 764900 336452 898119 760979
19978
running time: 8ms
memory usage: 148676KB
FIND_INTERACT 231643 24802 330242 534106
17481
running time: 8ms
memory usage: 148676KB
FIND_INTERACT 556745 115535 658606 161950
733
running time: 8ms
memory usage: 148676KB
FIND_INTERACT 586063 214823 905307 502080
29356
running time: 4ms
memory usage: 148676KB
FIND_INTERACT 293172 338083 341092 812832
6895
running time: 8ms
memory usage: 148676KB
FIND_INTERACT 247769 416911 976898 526996
23807
running time: 8ms
memory usage: 148676KB
FIND_INTERACT 181546 134917 932499 152285
4503
running time: 8ms
memory usage: 148676KB
FIND_INTERACT 156506 98616 424341 455858
34352
running time: 4ms
memory usage: 148676KB
FIND_INTERACT 185885 527208 375516 572198
2047
running time: 8ms
memory usage: 148676KB
FIND_INTERACT 222696 695333 1003137 807637
26888
running time: 8ms
memory usage: 148676KB
FIND_INTERACT 371600 531816 924859 954943
65458
running time: 8ms
memory usage: 148676KB
FIND_INTERACT 346029 367572 667773 814542
43221
running time: 4ms
memory usage: 148676KB
FIND_INTERACT 263195 805796 726405 921235
10339
running time: 4ms
memory usage: 148676KB
FIND_INTERACT 264900 337007 352837 513355
6377
running time: 8ms
memory usage: 148676KB
FIND_INTERACT 396635 309883 579417 624427
18733
running time: 8ms
memory usage: 148676KB
FIND_INTERACT 206774 383785 636421 492874
15573
running time: 8ms
memory usage: 148676KB
FIND_INTERACT 540563 554981 870630 699750
16644
running time: 8ms
memory usage: 148676KB
FIND_INTERACT 278774 271076 799254 358933
15218
running time: 8ms
memory usage: 148676KB
FIND_INTERACT 193618 458186 450536 554288
7467
running time: 8ms
memory usage: 148676KB
FIND_INTERACT 284907 677884 395210 807820
2462
running time: 4ms
memory usage: 148676KB
FIND_INTERACT 260673 141989 280394 762979
4510
running time: 8ms
memory usage: 148676KB
FIND_INTERACT 463235 298717 586379 835195
21906
running time: 8ms
memory usage: 148676KB
FIND_INTERACT 233703 140351 810541 355125
43772
running time: 8ms
memory usage: 148676KB
FIND_INTERACT 175525 72881 987888 143711
12711
running time: 8ms
memory usage: 148676KB
FIND_NO_OVERLAP 642503 444813 928950 905288
25559
running time: 8ms
memory usage: 148676KB
FIND_NO_OVERLAP 475943 382645 728586 622244
11194
running time: 804ms
memory usage: 154600KB
FIND_NO_OVERLAP 614227 -23904 885487 373124
17648
running time: 272ms
memory usage: 157212KB
FIND_NO_OVERLAP 313470 360134 695655 541143
12373
running time: 456ms
memory usage: 162048KB
FIND_NO_OVERLAP 782283 871001 915921 918901
1042
running time: 272ms
memory usage: 165512KB
FIND_NO_OVERLAP 258829 637763 837597 721586
10964
running time: 20ms
memory usage: 165512KB
FIND_NO_OVERLAP 430968 327248 649334 523549
8300
running time: 200ms
memory usage: 168892KB
FIND_NO_OVERLAP 197310 463099 798729 910981
47825
running time: 192ms
memory usage: 170828KB
FIND_NO_OVERLAP 720066 274776 949830 506050
9139
running time: 1420ms
memory usage: 185672KB
FIND_NO_OVERLAP 615985 370018 751345 813368
12264
running time: 204ms
memory usage: 186332KB
FIND_NO_OVERLAP 299508 374700 466772 504477
3672
running time: 380ms
memory usage: 189924KB
FIND_NO_OVERLAP 220170 117859 263773 202103
1040
running time: 80ms
memory usage: 190584KB
FIND_NO_OVERLAP 220607 557144 321230 637833
2026
running time: 24ms
memory usage: 190848KB
FIND_NO_OVERLAP 70936 297418 578180 929823
53349
running time: 40ms
memory usage: 191376KB
FIND_NO_OVERLAP 221454 344611 260029 442496
1127
running time: 1884ms
memory usage: 208008KB
FIND_NO_OVERLAP 725449 581187 888061 709783
4603
running time: 32ms
memory usage: 208008KB
FIND_NO_OVERLAP 821295 151057 867245 626539
4586
running time: 104ms
memory usage: 208008KB
FIND_NO_OVERLAP 655116 276379 932388 768156
26153
running time: 144ms
memory usage: 208932KB
FIND_NO_OVERLAP 331664 213062 551971 727611
22269
running time: 852ms
memory usage: 217060KB
FIND_NO_OVERLAP 221434 159397 725474 787437
63397
running time: 784ms
memory usage: 223224KB
FIND_NO_OVERLAP 191821 607487 874223 646145
6253
running time: 2488ms
memory usage: 242100KB
FIND_NO_OVERLAP 147669 300119 333823 711992
16754
running time: 100ms
memory usage: 242100KB
FIND_NO_OVERLAP 467757 178627 888710 787596
53515
running time: 560ms
memory usage: 247028KB
FIND_NO_OVERLAP 145250 -10497 210274 681838
8914
running time: 2076ms
memory usage: 263596KB
FIND_NO_OVERLAP 217757 259355 885234 663597
53782
running time: 352ms
memory usage: 264256KB
FIND_NO_OVERLAP 101993 398850 282576 407408
256
running time: 1708ms
memory usage: 281124KB
FIND_NO_OVERLAP 344026 290596 726420 863172
40619
running time: 8ms
memory usage: 281124KB
FIND_NO_OVERLAP 780741 761519 972281 913717
5659
running time: 1404ms
memory usage: 292332KB
FIND_NO_OVERLAP 76762 567039 780605 582005
2027
running time: 112ms
memory usage: 292332KB
FIND_NO_OVERLAP 582709 249123 899053 320289
4531
running time: 32ms
memory usage: 292464KB
FIND_NO_OVERLAP 244488 36338 482581 432584
18503
running time: 92ms
memory usage: 293928KB
FIND_NO_OVERLAP 251939 139123 751985 631656
48732
running time: 588ms
memory usage: 299608KB
FIND_NO_OVERLAP 486345 212037 913181 317381
8806
running time: 1696ms
memory usage: 314984KB
FIND_NO_OVERLAP 536993 327035 633088 521394
3496
running time: 180ms
memory usage: 315644KB
FIND_NO_OVERLAP 97582 546919 245320 844902
7169
running time: 80ms
memory usage: 316568KB
FIND_NO_OVERLAP 354305 535237 980323 648222
13668
running time: 164ms
memory usage: 318600KB
FIND_NO_OVERLAP 642932 460097 674576 632071
976
running time: 268ms
memory usage: 322520KB
FIND_NO_OVERLAP 173924 209853 469307 899206
37760
running time: 24ms
memory usage: 322520KB
FIND_NO_OVERLAP 324827 298254 619933 766348
26785
running time: 1468ms
memory usage: 333732KB
FIND_NO_OVERLAP 376328 764932 810784 829082
4387
running time: 904ms
memory usage: 341092KB
FIND_NO_OVERLAP 207210 147106 713345 673039
53653
running time: 72ms
memory usage: 341488KB
FIND_NO_OVERLAP 142603 514004 547180 666010
12274
running time: 1952ms
memory usage: 358608KB
FIND_NO_OVERLAP 430546 517181 666358 823229
13691
running time: 260ms
memory usage: 360324KB
FIND_NO_OVERLAP 238824 371666 917081 878209
65092
running time: 368ms
memory usage: 364224KB
FIND_NO_OVERLAP 429477 342065 647479 615369
11317
running time: 2164ms
memory usage: 383768KB
FIND_NO_OVERLAP 192691 561406 307821 887412
7569
running time: 284ms
memory usage: 385352KB
FIND_NO_OVERLAP 178718 498126 407953 574738
3025
running time: 200ms
memory usage: 387156KB
FIND_NO_OVERLAP 308188 195701 830505 769732
59184
running time: 56ms
memory usage: 387816KB
FIND_NO_OVERLAP 635405 353071 750127 454491
2759
running time: 2212ms
memory usage: 406316KB
FIND_NO_OVERLAP 245747 368272 663370 377742
914
running time: 52ms
memory usage: 406316KB
FIND_NO_OVERLAP 282495 56951 490849 366844
12539
running time: 16ms
memory usage: 406316KB
FIND_NO_OVERLAP 418405 106246 831537 179917
5703
running time: 352ms
memory usage: 409352KB
FIND_NO_OVERLAP 420712 699809 662126 909235
7833
running time: 100ms
memory usage: 410680KB
FIND_NO_OVERLAP 284946 132538 823553 661978
56942
running time: 172ms
memory usage: 412768KB
FIND_NO_OVERLAP 596632 381498 920045 650059
16444
running time: 2032ms
memory usage: 430608KB
FIND_NO_OVERLAP 504889 225665 516346 340201
375
running time: 384ms
memory usage: 433644KB
FIND_NO_OVERLAP 209920 255272 717258 790138
52454
running time: 12ms
memory usage: 433644KB
FIND_NO_OVERLAP 283234 700744 858466 754216
6129
running time: 1852ms
memory usage: 449988KB
FIND_NO_OVERLAP 277963 206782 947252 791562
75956
running time: 100ms
memory usage: 449988KB
FIND_NO_OVERLAP 356917 536923 625417 657378
6706
running time: 2788ms
memory usage: 472720KB
FIND_NO_OVERLAP 406555 192718 683488 451076
15575
running time: 132ms
memory usage: 472852KB
FIND_NO_OVERLAP 565210 456102 786250 464298
434
running time: 416ms
memory usage: 477484KB
FIND_NO_OVERLAP 205191 628955 324894 673047
1576
running time: 12ms
memory usage: 477484KB
FIND_NO_OVERLAP 520498 19587 702584 447919
13293
running time: 32ms
memory usage: 477616KB
FIND_NO_OVERLAP 289774 323233 353780 382915
1056
running time: 384ms
memory usage: 481828KB
FIND_NO_OVERLAP 120432 50467 744074 816975
88566
running time: 28ms
memory usage: 481828KB
FIND_NO_OVERLAP 367374 107344 838038 190539
7785
running time: 3696ms
memory usage: 510288KB
FIND_NO_OVERLAP 434130 47085 877943 415291
30635
running time: 140ms
memory usage: 510288KB
FIND_NO_OVERLAP 777461 223090 947663 306675
2976
running time: 848ms
memory usage: 517872KB
FIND_NO_OVERLAP 282946 401723 328151 685443
2999
running time: 60ms
memory usage: 517872KB
FIND_NO_OVERLAP 369473 69110 839617 125466
3287
running time: 92ms
memory usage: 518696KB
FIND_NO_OVERLAP 60651 -41247 169619 583132
8085
running time: 52ms
memory usage: 519488KB
FIND_NO_OVERLAP 467670 281644 855677 557276
21119
running time: 216ms
memory usage: 521712KB
FIND_NO_OVERLAP 364083 357164 372050 767159
629
running time: 564ms
memory usage: 528420KB
FIND_NO_OVERLAP 78593 799359 403482 814818
659
running time: 20ms
memory usage: 528420KB
FIND_NO_OVERLAP 159591 354084 188272 643008
1555
running time: 12ms
memory usage: 528420KB
FIND_NO_OVERLAP 722016 676811 724150 761035
109
running time: 44ms
memory usage: 528420KB
FIND_NO_OVERLAP 669926 843350 767414 856961
190
running time: 8ms
memory usage: 528420KB
FIND_NO_OVERLAP 401676 210479 632641 262650
2540
running time: 8ms
memory usage: 528420KB
FIND_NO_OVERLAP 195621 239682 635446 526738
25173
running time: 48ms
memory usage: 529080KB
FIND_NO_OVERLAP 512826 277975 658153 487321
6684
running time: 724ms
memory usage: 537108KB
FIND_NO_OVERLAP 793247 730187 947895 833058
3996
running time: 156ms
memory usage: 538296KB
FIND_NO_OVERLAP 174515 31480 849547 700690
87075
running time: 84ms
memory usage: 539352KB
FIND_NO_OVERLAP 136664 525821 292814 653346
3551
running time: 3500ms
memory usage: 567648KB
FIND_NO_OVERLAP 410534 231800 678901 567864
17418
running time: 64ms
memory usage: 567648KB
FIND_NO_OVERLAP 492047 226439 821112 741571
34587
running time: 476ms
memory usage: 569760KB
FIND_NO_OVERLAP 217082 154377 774451 817132
72392
running time: 1200ms
memory usage: 579960KB
FIND_NO_OVERLAP 442073 572533 937626 816458
25432
running time: 2924ms
memory usage: 601252KB
FIND_NO_OVERLAP 296020 162753 607594 324030
11323
running time: 644ms
memory usage: 607192KB
FIND_NO_OVERLAP 608177 329856 611292 765882
350
running time: 272ms
memory usage: 610072KB
FIND_NO_OVERLAP 726342 350847 789841 881502
6785
running time: 16ms
memory usage: 610072KB
FIND_NO_OVERLAP 359761 124245 369218 421715
538
running time: 228ms
memory usage: 611700KB
FIND_NO_OVERLAP 153866 176112 286774 261992
2434
running time: 16ms
memory usage: 611700KB
FIND_NO_OVERLAP 388268 258572 860633 437006
17245
running time: 52ms
memory usage: 612388KB
FIND_NO_OVERLAP 179949 296491 685593 754484
46412
running time: 372ms
memory usage: 617588KB
FIND_NO_OVERLAP 447305 178004 936157 930732
69480
running time: 1536ms
memory usage: 632276KB
FIND_NO_OVERLAP 740933 723741 815013 830502
2083
running time: 2940ms
memory usage: 651456KB
FIND_NO_OVERLAP 160314 520756 936385 815498
44567
running time: 40ms
memory usage: 651456KB
FIND_NO_OVERLAP 947631 412167 1000505 495336
467
running time: 1176ms
memory usage: 664228KB
FIND_NO_OVERLAP 140424 21488 909985 849741
118933
running time: 12ms
memory usage: 664228KB
FIND_AREA_LESS_THAN 155408
120912
running time: 5312ms
memory usage: 699376KB
FIND_AREA_LESS_THAN 119380
105120
running time: 4ms
memory usage: 699376KB
FIND_AREA_LESS_THAN 2333
5388
running time: 0ms
memory usage: 699376KB
FIND_AREA_LESS_THAN 145702
117060
running time: 4ms
memory usage: 699376KB
FIND_AREA_LESS_THAN 256235
174680
running time: 4ms
memory usage: 699376KB
FIND_AREA_LESS_THAN 58675
67016
running time: 4ms
memory usage: 699376KB
FIND_AREA_LESS_THAN 252322
171704
running time: 0ms
memory usage: 699376KB
FIND_AREA_LESS_THAN 252427
171736
running time: 4ms
memory usage: 699376KB
FIND_AREA_LESS_THAN 66595
73060
running time: 4ms
memory usage: 699376KB
FIND_AREA_LESS_THAN 19694
30600
running time: 0ms
memory usage: 699376KB
FIND_AREA_LESS_THAN 213685
145260
running time: 0ms
memory usage: 699376KB
FIND_AREA_LESS_THAN 109553
99736
running time: 4ms
memory usage: 699376KB
FIND_AREA_LESS_THAN 257348
175436
running time: 4ms
memory usage: 699376KB
FIND_AREA_LESS_THAN 278950
188080
running time: 0ms
memory usage: 699376KB
FIND_AREA_LESS_THAN 363834
210140
running time: 4ms
memory usage: 699376KB
FIND_AREA_LESS_THAN 93912
91032
running time: 4ms
memory usage: 699376KB
FIND_AREA_LESS_THAN 27467
39456
running time: 4ms
memory usage: 699376KB
FIND_AREA_LESS_THAN 337346
204332
running time: 0ms
memory usage: 699376KB
FIND_AREA_LESS_THAN 202996
139724
running time: 4ms
memory usage: 699376KB
FIND_AREA_LESS_THAN 179636
130320
running time: 4ms
memory usage: 699376KB
FIND_AREA_LESS_THAN 260606
178488
running time: 4ms
memory usage: 699376KB
FIND_AREA_LESS_THAN 81627
83024
running time: 0ms
memory usage: 699376KB
FIND_AREA_LESS_THAN 119942
105412
running time: 4ms
memory usage: 699376KB
FIND_AREA_LESS_THAN 160588
122848
running time: 4ms
memory usage: 699376KB
FIND_AREA_LESS_THAN 156768
121432
running time: 4ms
memory usage: 699376KB
FIND_AREA_LESS_THAN 116422
103472
running time: 4ms
memory usage: 699376KB
FIND_AREA_LESS_THAN 253085
172944
running time: 4ms
memory usage: 699376KB
FIND_AREA_LESS_THAN 23984
35572
running time: 0ms
memory usage: 699376KB
FIND_AREA_LESS_THAN 129377
109968
running time: 4ms
memory usage: 699376KB
FIND_AREA_LESS_THAN 203479
139844
running time: 4ms
memory usage: 699376KB
FIND_AREA_LESS_THAN 33197
45368
running time: 4ms
memory usage: 699376KB
FIND_AREA_LESS_THAN 106075
97860
running time: 0ms
memory usage: 699376KB
FIND_AREA_LESS_THAN 451196
224124
running time: 4ms
memory usage: 699376KB
FIND_AREA_LESS_THAN 138937
114136
running time: 4ms
memory usage: 699376KB
FIND_AREA_LESS_THAN 50606
60740
running time: 4ms
memory usage: 699376KB
FIND_AREA_LESS_THAN 28974
41120
running time: 4ms
memory usage: 699376KB
FIND_AREA_LESS_THAN 149678
118668
running time: 4ms
memory usage: 699376KB
FIND_AREA_LESS_THAN 126273
108472
running time: 4ms
memory usage: 699376KB
FIND_AREA_LESS_THAN 110320
100120
running time: 4ms
memory usage: 699376KB
FIND_AREA_LESS_THAN 485124
227268
running time: 4ms
memory usage: 699376KB
FIND_AREA_LESS_THAN 247542
168024
running time: 0ms
memory usage: 699376KB
FIND_AREA_LESS_THAN 358706
208944
running time: 4ms
memory usage: 699376KB
FIND_AREA_LESS_THAN 683414
235640
running time: 0ms
memory usage: 699376KB
FIND_AREA_LESS_THAN 162417
123536
running time: 4ms
memory usage: 699376KB
FIND_AREA_LESS_THAN 259292
176232
running time: 4ms
memory usage: 699376KB
FIND_AREA_LESS_THAN 42639
53992
running time: 4ms
memory usage: 699376KB
FIND_AREA_LESS_THAN 201602
139280
running time: 0ms
memory usage: 699376KB
FIND_AREA_LESS_THAN 183666
131812
running time: 4ms
memory usage: 699376KB
FIND_AREA_LESS_THAN 298559
196080
running time: 4ms
memory usage: 699376KB
FIND_AREA_LESS_THAN 90362
88832
running time: 4ms
memory usage: 699376KB
FIND_AREA_LESS_THAN 256272
174736
running time: 0ms
memory usage: 699376KB
FIND_AREA_LESS_THAN 17691
28256
running time: 4ms
memory usage: 699376KB
FIND_AREA_LESS_THAN 262246
180352
running time: 4ms
memory usage: 699376KB
FIND_AREA_LESS_THAN 214174
145404
running time: 0ms
memory usage: 699376KB
FIND_AREA_LESS_THAN 168072
125676
running time: 4ms
memory usage: 699376KB
FIND_AREA_LESS_THAN 497100
228240
running time: 4ms
memory usage: 699376KB
FIND_AREA_LESS_THAN 84837
85240
running time: 4ms
memory usage: 699376KB
FIND_AREA_LESS_THAN 13419
22800
running time: 4ms
memory usage: 699376KB
FIND_AREA_LESS_THAN 314170
199336
running time: 0ms
memory usage: 699376KB
FIND_AREA_LESS_THAN 334875
203792
running time: 4ms
memory usage: 699376KB
FIND_AREA_LESS_THAN 395719
217080
running time: 0ms
memory usage: 699376KB
FIND_AREA_LESS_THAN 22806
34248
running time: 4ms
memory usage: 699376KB
FIND_AREA_LESS_THAN 117963
104368
running time: 4ms
memory usage: 699376KB
FIND_AREA_LESS_THAN 167683
125556
running time: 0ms
memory usage: 699376KB
FIND_AREA_LESS_THAN 125162
107952
running time: 4ms
memory usage: 699376KB
FIND_AREA_LESS_THAN 37386
49208
running time: 4ms
memory usage: 699376KB
FIND_AREA_LESS_THAN 207829
142108
running time: 4ms
memory usage: 699376KB
FIND_AREA_LESS_THAN 128625
109584
running time: 4ms
memory usage: 699376KB
FIND_AREA_LESS_THAN 136326
113044
running time: 4ms
memory usage: 699376KB
FIND_AREA_LESS_THAN 166922
125240
running time: 0ms
memory usage: 699376KB
FIND_AREA_LESS_THAN 48187
58756
running time: 4ms
memory usage: 699376KB
FIND_AREA_LESS_THAN 125074
107924
running time: 4ms
memory usage: 699376KB
FIND_AREA_LESS_THAN 50221
60392
running time: 4ms
memory usage: 699376KB
FIND_AREA_LESS_THAN 30396
42484
running time: 4ms
memory usage: 699376KB
FIND_AREA_LESS_THAN 158119
121920
running time: 0ms
memory usage: 699376KB
FIND_AREA_LESS_THAN 260870
178776
running time: 4ms
memory usage: 699376KB
FIND_AREA_LESS_THAN 56500
65352
running time: 4ms
memory usage: 699376KB
FIND_AREA_LESS_THAN 349258
206988
running time: 4ms
memory usage: 699376KB
FIND_AREA_LESS_THAN 29010
41164
running time: 0ms
memory usage: 699376KB
FIND_AREA_LESS_THAN 200396
138792
running time: 4ms
memory usage: 699376KB
FIND_AREA_LESS_THAN 170287
126600
running time: 4ms
memory usage: 699376KB
FIND_AREA_LESS_THAN 107783
98884
running time: 4ms
memory usage: 699376KB
FIND_AREA_LESS_THAN 207243
141652
running time: 0ms
memory usage: 699376KB
FIND_AREA_LESS_THAN 243084
165124
running time: 4ms
memory usage: 699376KB
FIND_AREA_LESS_THAN 22809
34248
running time: 4ms
memory usage: 699376KB
FIND_AREA_LESS_THAN 119800
105356
running time: 4ms
memory usage: 699376KB
FIND_AREA_LESS_THAN 139290
114308
running time: 0ms
memory usage: 699376KB
FIND_AREA_LESS_THAN 142659
115816
running time: 0ms
memory usage: 699376KB
FIND_AREA_LESS_THAN 113684
101940
running time: 4ms
memory usage: 699376KB
FIND_AREA_LESS_THAN 281549
190848
running time: 4ms
memory usage: 699376KB
FIND_AREA_LESS_THAN 166818
125204
running time: 4ms
memory usage: 699376KB
FIND_AREA_LESS_THAN 102303
95892
running time: 4ms
memory usage: 699376KB
FIND_AREA_LESS_THAN 178157
129844
running time: 0ms
memory usage: 699376KB
FIND_AREA_LESS_THAN 375045
212588
running time: 4ms
memory usage: 699376KB
FIND_AREA_LESS_THAN 192204
135328
running time: 4ms
memory usage: 699376KB
FIND_AREA_LESS_THAN 69228
75000
running time: 4ms
memory usage: 699376KB
FIND_AREA_LESS_THAN 169937
126468
running time: 4ms
memory usage: 699376KB
FIND_AREA_LESS_THAN 167711
125568
running time: 0ms
memory usage: 699376KB
FIND_AREA_LESS_THAN 256914
175076
running time: 4ms
memory usage: 699376KB
FIND_AREA_LESS_THAN 241195
163212
running time: 4ms
memory usage: 699376KB
FIND_DENSITY_INSIDE 737032 248103 780599 702825
4.81582%
running time: 4ms
memory usage: 699376KB
FIND_DENSITY_INSIDE 708334 216526 853941 799011
5.89934%
running time: 140ms
memory usage: 699376KB
FIND_DENSITY_INSIDE 409186 578958 880802 785614
6.04887%
running time: 1052ms
memory usage: 701488KB
FIND_DENSITY_INSIDE 80204 383580 310701 694792
5.42997%
running time: 584ms
memory usage: 707612KB
FIND_DENSITY_INSIDE 352776 361686 737119 589737
5.21784%
running time: 492ms
memory usage: 711176KB
FIND_DENSITY_INSIDE 298698 516486 842830 626742
5.38823%
running time: 452ms
memory usage: 715756KB
FIND_DENSITY_INSIDE 272376 379128 350880 418031
6.56585%
running time: 216ms
memory usage: 718960KB
FIND_DENSITY_INSIDE 231685 436992 493198 533178
4.41072%
running time: 16ms
memory usage: 718960KB
FIND_DENSITY_INSIDE 400851 186814 767967 265371
5.98975%
running time: 80ms
memory usage: 720016KB
FIND_DENSITY_INSIDE 386992 656854 614437 915157
3.93327%
running time: 108ms
memory usage: 721888KB
FIND_DENSITY_INSIDE 170557 -17851 959129 267185
4.19665%
running time: 200ms
memory usage: 724132KB
FIND_DENSITY_INSIDE 159715 65171 826675 357556
5.30654%
running time: 964ms
memory usage: 733792KB
FIND_DENSITY_INSIDE 134672 112541 353903 430693
5.96425%
running time: 1208ms
memory usage: 743980KB
FIND_DENSITY_INSIDE 400795 187387 642540 799121
5.60669%
running time: 560ms
memory usage: 747940KB
FIND_DENSITY_INSIDE 605173 405791 876969 715323
5.46696%
running time: 1960ms
memory usage: 756368KB
FIND_DENSITY_INSIDE 271879 470148 916056 653347
5.34029%
running time: 560ms
memory usage: 760592KB
FIND_DENSITY_INSIDE 503579 372120 596505 761865
5.6461%
running time: 568ms
memory usage: 767140KB
FIND_DENSITY_INSIDE 444575 134173 858028 373580
5.80295%
running time: 320ms
memory usage: 768724KB
FIND_DENSITY_INSIDE 334262 -27894 616951 68234
2.1927%
running time: 592ms
memory usage: 774884KB
FIND_DENSITY_INSIDE 121117 229118 808352 243734
5.05169%
running time: 40ms
memory usage: 775016KB
FIND_DENSITY_INSIDE 636320 585033 824773 734603
6.27867%
running time: 24ms
memory usage: 775544KB
FIND_DENSITY_INSIDE 187760 353210 544691 445530
6.7815%
running time: 172ms
memory usage: 777320KB
FIND_DENSITY_INSIDE 234916 142527 617447 867078
5.52777%
running time: 168ms
memory usage: 779520KB
FIND_DENSITY_INSIDE 305497 227299 664601 869512
5.11023%
running time: 4052ms
memory usage: 795664KB
FIND_DENSITY_INSIDE 360993 -3250 879289 137039
2.86473%
running time: 2636ms
memory usage: 807332KB
FIND_DENSITY_INSIDE 320811 179229 768910 700864
5.56782%
running time: 132ms
memory usage: 808520KB
FIND_DENSITY_INSIDE 668931 596161 727569 897753
5.07474%
running time: 2640ms
memory usage: 822320KB
FIND_DENSITY_INSIDE 340818 312216 779098 608769
5.31426%
running time: 104ms
memory usage: 822320KB
FIND_DENSITY_INSIDE 414220 404405 976030 652339
5.05986%
running time: 836ms
memory usage: 829452KB
FIND_DENSITY_INSIDE 199840 552292 703667 631069
5.5091%
running time: 708ms
memory usage: 836428KB
FIND_DENSITY_INSIDE 640119 440490 723661 464560
9.42532%
running time: 132ms
memory usage: 838276KB
FIND_DENSITY_INSIDE 368649 27531 555653 347429
5.26389%
running time: 16ms
memory usage: 838276KB
FIND_DENSITY_INSIDE 561831 728987 647784 926316
4.01377%
running time: 388ms
memory usage: 841648KB
FIND_DENSITY_INSIDE 220389 142750 696862 788776
5.6551%
running time: 60ms
memory usage: 842176KB
FIND_DENSITY_INSIDE 65868 649518 891427 758770
5.42504%
running time: 4188ms
memory usage: 860440KB
FIND_DENSITY_INSIDE 230807 279080 442063 516018
5.97948%
running time: 336ms
memory usage: 864532KB
FIND_DENSITY_INSIDE 695003 684809 983729 697149
4.32286%
running time: 356ms
memory usage: 867516KB
FIND_DENSITY_INSIDE 89370 259043 686148 373708
5.87727%
running time: 8ms
memory usage: 867516KB
FIND_DENSITY_INSIDE 532133 497761 598083 716780
5.69306%
running time: 284ms
memory usage: 871600KB
FIND_DENSITY_INSIDE 185807 523749 771298 545692
4.38657%
running time: 96ms
memory usage: 872260KB
FIND_DENSITY_INSIDE 697571 761254 713559 781160
10.7133%
running time: 28ms
memory usage: 872788KB
FIND_DENSITY_INSIDE 564399 90879 663878 626268
5.06447%
running time: 8ms
memory usage: 872788KB
FIND_DENSITY_INSIDE 160881 530911 499812 592821
5.40767%
running time: 468ms
memory usage: 875676KB
FIND_DENSITY_INSIDE 308153 427006 480680 604459
4.98337%
running time: 68ms
memory usage: 876732KB
FIND_DENSITY_INSIDE 111173 254188 411448 581923
5.52178%
running time: 124ms
memory usage: 878320KB
FIND_DENSITY_INSIDE 196990 -33675 838222 477254
4.85556%
running time: 732ms
memory usage: 883768KB
FIND_DENSITY_INSIDE 447523 631953 885588 785402
6.53761%
running time: 2704ms
memory usage: 900316KB
FIND_DENSITY_INSIDE 764423 471642 790363 615785
8.12003%
running time: 400ms
memory usage: 903880KB
FIND_DENSITY_INSIDE 950376 133820 958206 264145
4.61332%
running time: 32ms
memory usage: 904012KB
FIND_DENSITY_INSIDE 137515 750480 586071 825157
3.35762%
running time: 8ms
memory usage: 904012KB
FIND_DENSITY_INSIDE 601482 276349 909797 300237
6.0556%
running time: 64ms
memory usage: 905212KB
FIND_DENSITY_INSIDE 154402 87377 675951 342378
5.71779%
running time: 24ms
memory usage: 905608KB
FIND_DENSITY_INSIDE 382912 248194 858889 854951
5.41871%
running time: 860ms
memory usage: 913680KB
FIND_DENSITY_INSIDE 277154 330568 661718 907327
4.91655%
running time: 3364ms
memory usage: 929636KB
FIND_DENSITY_INSIDE 737673 602582 820389 638990
7.45472%
running time: 2096ms
memory usage: 939932KB
FIND_DENSITY_INSIDE 671299 129994 771833 286301
4.86021%
running time: 16ms
memory usage: 939932KB
FIND_DENSITY_INSIDE 84686 330224 237984 582612
4.88687%
running time: 60ms
memory usage: 940460KB
FIND_DENSITY_INSIDE 300583 441820 552055 553702
4.40369%
running time: 188ms
memory usage: 942464KB
FIND_DENSITY_INSIDE 263837 606990 586838 758130
5.60855%
running time: 88ms
memory usage: 943520KB
FIND_DENSITY_INSIDE 205785 493465 276178 698101
5.7666%
running time: 220ms
memory usage: 946460KB
FIND_DENSITY_INSIDE 710820 412887 950701 629876
4.97539%
running time: 80ms
memory usage: 947120KB
FIND_DENSITY_INSIDE 256629 388113 653623 842843
5.14809%
running time: 220ms
memory usage: 949792KB
FIND_DENSITY_INSIDE 567928 446272 703903 637047
4.65535%
running time: 1504ms
memory usage: 959332KB
FIND_DENSITY_INSIDE 971878 415909 975743 503585
3.69315%
running time: 112ms
memory usage: 960124KB
FIND_DENSITY_INSIDE 412993 344214 928645 828182
5.40407%
running time: 8ms
memory usage: 960124KB
FIND_DENSITY_INSIDE 141093 478298 685296 740946
5.46151%
running time: 2388ms
memory usage: 974480KB
FIND_DENSITY_INSIDE 582895 255225 665443 772940
5.85962%
running time: 892ms
memory usage: 981740KB
FIND_DENSITY_INSIDE 387533 654388 585710 763325
5.3829%
running time: 476ms
memory usage: 983852KB
FIND_DENSITY_INSIDE 549082 610395 800397 722278
6.84077%
running time: 88ms
memory usage: 984908KB
FIND_DENSITY_INSIDE 194431 400697 684756 752712
5.54802%
running time: 156ms
memory usage: 986912KB
FIND_DENSITY_INSIDE 242272 528105 721197 775796
5.40897%
running time: 1320ms
memory usage: 996864KB
FIND_DENSITY_INSIDE 321939 45115 359416 323390
4.45812%
running time: 684ms
memory usage: 1003220KB
FIND_DENSITY_INSIDE 148282 143948 356986 704402
6.22927%
running time: 60ms
memory usage: 1003220KB
FIND_DENSITY_INSIDE 226486 188536 998235 301143
5.78433%
running time: 1684ms
memory usage: 1010864KB
FIND_DENSITY_INSIDE 341708 652510 458020 783396
2.75852%
running time: 380ms
memory usage: 1015616KB
FIND_DENSITY_INSIDE 270004 320628 572995 488609
5.94559%
running time: 32ms
memory usage: 1015880KB
FIND_DENSITY_INSIDE 469297 153455 479122 719226
6.74372%
running time: 284ms
memory usage: 1018992KB
FIND_DENSITY_INSIDE 498415 343072 810966 836716
5.54027%
running time: 92ms
memory usage: 1019256KB
FIND_DENSITY_INSIDE 290057 673037 404745 800731
2.72884%
running time: 1512ms
memory usage: 1028168KB
FIND_DENSITY_INSIDE 256622 326418 296254 834748
6.76055%
running time: 24ms
memory usage: 1028168KB
FIND_DENSITY_INSIDE 333194 713687 691707 855068
4.22408%
running time: 320ms
memory usage: 1029572KB
FIND_DENSITY_INSIDE 291098 480178 868719 647646
5.39887%
running time: 152ms
memory usage: 1031632KB
FIND_DENSITY_INSIDE 390215 204892 553675 463497
6.03908%
running time: 440ms
memory usage: 1037028KB
FIND_DENSITY_INSIDE 85629 69076 106327 405780
3.83288%
running time: 316ms
memory usage: 1039404KB
FIND_DENSITY_INSIDE 351361 250844 416190 310302
5.75736%
running time: 28ms
memory usage: 1039536KB
FIND_DENSITY_INSIDE 63982 236392 431444 584759
5.10191%
running time: 20ms
memory usage: 1039800KB
FIND_DENSITY_INSIDE 289903 650202 327718 824288
3.68119%
running time: 888ms
memory usage: 1046760KB
FIND_DENSITY_INSIDE 775691 446064 824134 833694
6.7034%
running time: 24ms
memory usage: 1046760KB
FIND_DENSITY_INSIDE 471494 584362 828142 680686
5.9693%
running time: 224ms
memory usage: 1047816KB
FIND_DENSITY_INSIDE 351777 309259 604599 460175
5.91335%
running time: 136ms
memory usage: 1049884KB
FIND_DENSITY_INSIDE 839385 614790 917907 670409
6.56383%
running time: 196ms
memory usage: 1052152KB
FIND_DENSITY_INSIDE 449027 133647 694726 188757
5.39891%
running time: 20ms
memory usage: 1052284KB
FIND_DENSITY_INSIDE 548002 517339 918314 748343
5.71665%
running time: 44ms
memory usage: 1053100KB
FIND_DENSITY_INSIDE 465000 139858 892771 817711
5.76908%
running time: 516ms
memory usage: 1058060KB
FIND_DENSITY_INSIDE 430301 229037 718408 549566
5.35472%
running time: 4264ms
memory usage: 1075552KB
FIND_DENSITY_INSIDE 497465 419442 922508 896624
5.31089%
running time: 652ms
memory usage: 1079644KB
FIND_DENSITY_INSIDE 339979 318008 538619 375961
6.01925%
running time: 1832ms
memory usage: 1090704KB
FIND_DENSITY_INSIDE 340056 271168 888573 338856
5.56084%
running time: 48ms
memory usage: 1090836KB
FIND_DENSITY_INSIDE 428949 282997 850163 343668
6.01364%
running time: 124ms
memory usage: 1093008KB
FIND_DENSITY_INSIDE 259684 148095 399757 185328
4.57627%
running time: 92ms
memory usage: 1094564KB
Average running time and memory for each problems: 
Total number of polygons: 237960
FIND_INSIDE: 
	running time: 5.44035ms
	memory: 146.524MB
FIND_INTERACT: 
	running time: 7.12044ms
	memory: 148.437MB
FIND_NO_OVERLAP: 
	running time: 664.562ms
	memory: 404.51MB
FIND_AREA_LESS_THAN: 
	running time: 3.00019ms
	memory: 699.376MB
FIND_DENSITY_INSIDE: 
	running time: 613.558ms
	memory: 908.371MB
