FIND_INSIDE 7206367 213571 7835920 6586983
9109
running time: 140260900075ms
memory usage: 140260900086216KB
FIND_INSIDE -7378058 -5486365 1499576 -123853
73224
running time: 12ms
memory usage: 260236KB
FIND_INSIDE 14872 -5289154 3206328 -5078711
3499
running time: 8ms
memory usage: 260236KB
FIND_INSIDE 7023694 -4885598 7526477 6298881
14291
running time: 8ms
memory usage: 260236KB
FIND_INSIDE 3258706 -5054288 7664510 5552199
58753
running time: 12ms
memory usage: 260236KB
FIND_INSIDE -6854616 -5825369 6952802 -3496326
66143
running time: 8ms
memory usage: 260236KB
FIND_INSIDE -7966751 -5609723 7038327 6063847
288486
running time: 8ms
memory usage: 260236KB
FIND_INSIDE -3111361 -5421374 -222940 5348203
28558
running time: 12ms
memory usage: 260236KB
FIND_INSIDE -7316860 -6408402 -978514 5369461
119028
running time: 8ms
memory usage: 260236KB
FIND_INSIDE -7992148 -6464044 -6042229 -5578975
21207
running time: 12ms
memory usage: 260236KB
FIND_INSIDE -1607373 -146092 3029775 5438379
31528
running time: 8ms
memory usage: 260236KB
FIND_INSIDE -7113519 -5879793 7297231 5209861
215815
running time: 8ms
memory usage: 260236KB
FIND_INSIDE -7166823 -6004322 4297566 5085448
161737
running time: 12ms
memory usage: 260236KB
FIND_INSIDE -55491 5036850 571085 5167795
1053
running time: 8ms
memory usage: 260236KB
FIND_INSIDE -7054525 -6565621 -6851285 -369308
19045
running time: 12ms
memory usage: 260236KB
FIND_INSIDE 3261514 -5866127 7797394 5324410
79085
running time: 8ms
memory usage: 260236KB
FIND_INSIDE -760804 -5548814 6928246 5572722
109690
running time: 8ms
memory usage: 260236KB
FIND_INSIDE -7616109 -5880651 4086126 5891610
224591
running time: 12ms
memory usage: 260236KB
FIND_INSIDE -6994272 -1270454 7184744 6192114
155663
running time: 8ms
memory usage: 260236KB
FIND_INSIDE -4340909 -5207707 2088522 124065
42119
running time: 8ms
memory usage: 260236KB
FIND_INSIDE -6934703 5489522 -4177185 5740858
1712
running time: 8ms
memory usage: 260236KB
FIND_INSIDE -4953656 5531245 7092483 5549989
707
running time: 12ms
memory usage: 260236KB
FIND_INSIDE -7241450 -5888633 -1531953 87196
66492
running time: 8ms
memory usage: 260236KB
FIND_INSIDE 7236152 -6087863 7822826 5186721
11706
running time: 12ms
memory usage: 260236KB
FIND_INSIDE -4095953 -5885342 3818958 5428478
120874
running time: 8ms
memory usage: 260236KB
FIND_INSIDE -7957563 -6117360 4220320 -5689843
18050
running time: 12ms
memory usage: 260236KB
FIND_INSIDE 3123823 -761777 6069859 5923784
22125
running time: 12ms
memory usage: 260236KB
FIND_INSIDE -6020360 5301108 2622386 5431241
12266
running time: 8ms
memory usage: 260236KB
FIND_INSIDE -7463702 6195408 7149730 6300677
2924
running time: 12ms
memory usage: 260236KB
FIND_INSIDE -7961117 -5239486 3131119 -5103224
11008
running time: 12ms
memory usage: 260236KB
FIND_INSIDE 2641447 -2199516 3269816 5354879
8320
running time: 8ms
memory usage: 260236KB
FIND_INSIDE -6891654 29280 285804 547893
6569
running time: 12ms
memory usage: 260236KB
FIND_INSIDE 3304262 -5309254 7826647 -5153643
6673
running time: 8ms
memory usage: 260236KB
FIND_INSIDE -7881918 -6295298 4250850 -6155080
5118
running time: 12ms
memory usage: 260236KB
FIND_INSIDE -89672 5333882 1862631 5411805
1604
running time: 8ms
memory usage: 260236KB
FIND_INSIDE 772529 -5721993 4105872 6422492
59214
running time: 12ms
memory usage: 260236KB
FIND_INSIDE -7998337 -4943548 -7088541 -656708
1633
running time: 8ms
memory usage: 260236KB
FIND_INSIDE 4177113 -5651593 7257923 5456705
56613
running time: 8ms
memory usage: 260236KB
FIND_INSIDE 623493 5258710 7807957 6041719
33120
running time: 8ms
memory usage: 260236KB
FIND_INSIDE 2157663 -5386477 4150956 -97982
16547
running time: 8ms
memory usage: 260236KB
FIND_INSIDE -6955347 1510970 -6923391 3213587
696
running time: 12ms
memory usage: 260236KB
FIND_INSIDE -1237797 5299987 4314772 5901939
19498
running time: 8ms
memory usage: 260236KB
FIND_INSIDE -6901557 -1289394 3156406 5076118
41076
running time: 12ms
memory usage: 260236KB
FIND_INSIDE -6969069 138975 6949875 902882
7560
running time: 12ms
memory usage: 260236KB
FIND_INSIDE 7875863 5611077 7988237 6236649
1349
running time: 8ms
memory usage: 260236KB
FIND_INSIDE -6887191 -929231 -4472709 5450009
11149
running time: 12ms
memory usage: 260236KB
FIND_INSIDE -7951438 5056214 7842968 6380098
112821
running time: 8ms
memory usage: 260236KB
FIND_INSIDE -7636191 -5944298 -7351658 5492923
8242
running time: 12ms
memory usage: 260236KB
FIND_INSIDE -8087696 -5850811 7940088 6088104
337107
running time: 8ms
memory usage: 260236KB
FIND_INSIDE -6787177 195296 -6560027 5409989
1755
running time: 12ms
memory usage: 260236KB
FIND_INSIDE -6930042 -6046166 7102820 5629728
240062
running time: 12ms
memory usage: 260236KB
FIND_INSIDE 3127843 -4130350 7011577 39409
11981
running time: 8ms
memory usage: 260236KB
FIND_INSIDE 1681862 -5458952 4280367 5427006
39365
running time: 12ms
memory usage: 260236KB
FIND_INSIDE 7000267 -5913879 7766750 5404415
27818
running time: 8ms
memory usage: 260236KB
FIND_INSIDE -6960622 136693 -1307868 3189803
5708
running time: 8ms
memory usage: 260236KB
FIND_INSIDE 6926366 3213233 6966775 4703912
1074
running time: 12ms
memory usage: 260236KB
FIND_INSIDE -7007884 3276277 -3404535 5352078
14748
running time: 8ms
memory usage: 260236KB
FIND_INSIDE -7011067 -2450364 1516954 367058
37645
running time: 12ms
memory usage: 260236KB
FIND_INSIDE -4049624 -1079307 -3135868 5459408
6906
running time: 12ms
memory usage: 260236KB
FIND_INSIDE -813419 -5957964 3505552 6514098
81499
running time: 12ms
memory usage: 260236KB
FIND_INSIDE -5110498 -5467555 7517935 5198361
155252
running time: 8ms
memory usage: 260236KB
FIND_INSIDE -4353169 5276780 1905372 5372176
4613
running time: 12ms
memory usage: 260236KB
FIND_INSIDE -7001825 5097130 -1517120 5446567
17199
running time: 8ms
memory usage: 260236KB
FIND_INSIDE -7352957 -6291462 6851970 6587369
277625
running time: 8ms
memory usage: 260236KB
FIND_INSIDE -7834625 -6078422 -6952492 -2974560
22385
running time: 8ms
memory usage: 260236KB
FIND_INSIDE -4200209 -4930387 7805620 5339575
119041
running time: 8ms
memory usage: 260236KB
FIND_INSIDE -6869653 -6610526 -3222783 -2486482
26013
running time: 12ms
memory usage: 260236KB
FIND_INSIDE 4156488 -5248972 6095327 5837132
11842
running time: 8ms
memory usage: 260236KB
FIND_INSIDE -4071298 649783 7073998 5406250
48881
running time: 8ms
memory usage: 260236KB
FIND_INSIDE 4132711 -6527429 7086256 -250374
35341
running time: 12ms
memory usage: 260236KB
FIND_INSIDE -2645877 -5374803 3221997 26252
43349
running time: 8ms
memory usage: 260236KB
FIND_INSIDE -7522066 -5159236 3446215 6099145
169531
running time: 8ms
memory usage: 260236KB
FIND_INSIDE -7286562 -4756104 -6943155 5598452
22447
running time: 12ms
memory usage: 260236KB
FIND_INSIDE -8009892 -6442367 6951324 -4982748
111898
running time: 8ms
memory usage: 260236KB
FIND_INSIDE -6575118 -2172965 6963545 901650
39680
running time: 12ms
memory usage: 260236KB
FIND_INSIDE -6837724 -5874962 454557 5071486
71083
running time: 8ms
memory usage: 260236KB
FIND_INSIDE 4254363 -5571309 8011474 5090542
57325
running time: 12ms
memory usage: 260236KB
FIND_INSIDE -6863006 -5844627 -3088754 -2507988
20489
running time: 8ms
memory usage: 260236KB
FIND_INSIDE -7838867 -874392 6998777 240084
36399
running time: 8ms
memory usage: 260236KB
FIND_INSIDE 5873429 -5443493 7829610 6008647
61274
running time: 12ms
memory usage: 260236KB
FIND_INSIDE -6921572 -6290398 7883464 1748632
181745
running time: 8ms
memory usage: 260236KB
FIND_INSIDE -7024790 1486628 -23096 5390449
29236
running time: 12ms
memory usage: 260236KB
FIND_INSIDE -4222 -4977262 7517678 84395
39233
running time: 8ms
memory usage: 260236KB
FIND_INSIDE -7284270 -5463506 -887872 6476117
124644
running time: 8ms
memory usage: 260236KB
FIND_INSIDE -7000837 -3338912 -1897546 -52441
18889
running time: 12ms
memory usage: 260236KB
FIND_INSIDE 424997 -723373 6917800 101195
9588
running time: 8ms
memory usage: 260236KB
FIND_INSIDE -7172758 6322663 -3565292 6648362
3808
running time: 8ms
memory usage: 260236KB
FIND_INSIDE 2240680 -5176242 3113515 -1851595
4141
running time: 12ms
memory usage: 260236KB
FIND_INSIDE -2826238 -6156202 8036063 -34415
115037
running time: 8ms
memory usage: 260236KB
FIND_INSIDE -6050673 -5322003 7233338 6661200
207862
running time: 8ms
memory usage: 260236KB
FIND_INSIDE -7652034 -6513195 3491690 5141116
184084
running time: 12ms
memory usage: 260236KB
FIND_INSIDE -7998899 5353500 -7493039 5428788
687
running time: 8ms
memory usage: 260236KB
FIND_INSIDE -7801247 -5492376 3446873 -5077309
42944
running time: 12ms
memory usage: 260236KB
FIND_INSIDE 4091277 5169178 6396738 5240398
998
running time: 8ms
memory usage: 260236KB
FIND_INSIDE -7094414 -5832891 -6594282 -5397855
2798
running time: 12ms
memory usage: 260236KB
FIND_INSIDE 3272127 -2438620 5254070 5346791
8214
running time: 8ms
memory usage: 260236KB
FIND_INSIDE -6894859 -6410792 6891538 -3593196
81357
running time: 8ms
memory usage: 260236KB
FIND_INSIDE -1481437 5177113 3372579 6154757
20328
running time: 12ms
memory usage: 260236KB
FIND_INSIDE -7814267 -5643750 8030744 5767418
304016
running time: 8ms
memory usage: 260236KB
FIND_INSIDE -6942962 -2454953 -4110624 5296545
15993
running time: 12ms
memory usage: 260236KB
FIND_INTERACT -7115521 -1589908 3176860 -496398
9516
running time: 8ms
memory usage: 260236KB
FIND_INTERACT -1224098 -6099499 3428003 -5350678
12413
running time: 12ms
memory usage: 260424KB
FIND_INTERACT -4016869 -5088773 4105647 5332776
79447
running time: 12ms
memory usage: 260424KB
FIND_INTERACT -7733303 -4864692 2559768 -75133
42335
running time: 16ms
memory usage: 262344KB
FIND_INTERACT -7941989 -5050729 5157936 5190329
119347
running time: 12ms
memory usage: 262344KB
FIND_INTERACT -7783082 -5305476 4330384 5215497
143272
running time: 16ms
memory usage: 262344KB
FIND_INTERACT 3592362 -5313456 6796894 6647524
27880
running time: 12ms
memory usage: 264388KB
FIND_INTERACT -6901958 5081183 6501831 5558451
55245
running time: 12ms
memory usage: 264388KB
FIND_INTERACT 1502029 -6424390 8032373 6576593
170054
running time: 12ms
memory usage: 264388KB
FIND_INTERACT 2380430 -6123795 3369762 -2447343
6344
running time: 16ms
memory usage: 264388KB
FIND_INTERACT 6951597 -5442230 7004838 -4504037
902
running time: 12ms
memory usage: 264388KB
FIND_INTERACT -376280 -5303839 8045347 6045708
147279
running time: 12ms
memory usage: 264388KB
FIND_INTERACT -7380601 -5773519 7480977 5454896
261887
running time: 16ms
memory usage: 264388KB
FIND_INTERACT 3127427 -6647589 3365580 -823259
7505
running time: 16ms
memory usage: 264388KB
FIND_INTERACT -7033421 -1943641 -7017969 5602265
2303
running time: 12ms
memory usage: 264388KB
FIND_INTERACT 4057583 -6562660 7454842 5190559
66957
running time: 12ms
memory usage: 264388KB
FIND_INTERACT 2130437 -2400925 2884263 -2389053
252
running time: 12ms
memory usage: 264388KB
FIND_INTERACT -6870877 -5481907 3120073 4390907
91488
running time: 12ms
memory usage: 264388KB
FIND_INTERACT 1767211 -2262353 3137546 5418729
11541
running time: 12ms
memory usage: 264388KB
FIND_INTERACT -7924188 -5482699 -4820738 5068270
57496
running time: 12ms
memory usage: 264388KB
FIND_INTERACT 3468308 -590015 6902905 5921826
21491
running time: 12ms
memory usage: 264388KB
FIND_INTERACT -1693698 -5142271 7649959 -117500
44684
running time: 12ms
memory usage: 264388KB
FIND_INTERACT -4172371 5077107 7718028 5130549
5346
running time: 12ms
memory usage: 264388KB
FIND_INTERACT -3036540 -5685760 -1030262 -177427
14473
running time: 12ms
memory usage: 264388KB
FIND_INTERACT -1892597 -5421954 573998 -5240867
3564
running time: 12ms
memory usage: 264388KB
FIND_INTERACT -6797609 -6052853 -2507287 -2185997
26379
running time: 12ms
memory usage: 264388KB
FIND_INTERACT -7420585 -6419135 6986323 5035653
208146
running time: 12ms
memory usage: 264388KB
FIND_INTERACT 3119411 5081349 7927336 6036105
37865
running time: 16ms
memory usage: 264388KB
FIND_INTERACT -7619865 -5017092 -7443003 5194232
1490
running time: 12ms
memory usage: 264388KB
FIND_INTERACT -7367502 -4686480 -7029890 6630817
12473
running time: 12ms
memory usage: 264388KB
FIND_INTERACT -2141442 -5234774 3837130 5026948
51202
running time: 12ms
memory usage: 264388KB
FIND_INTERACT 3339762 -5896905 7727809 6650497
107792
running time: 12ms
memory usage: 264388KB
FIND_INTERACT -6985050 4290688 -6310666 5466373
5020
running time: 12ms
memory usage: 264388KB
FIND_INTERACT 1702574 -5837549 7774501 -2315127
50810
running time: 12ms
memory usage: 264388KB
FIND_INTERACT -6950182 4686919 -6880304 5110854
615
running time: 16ms
memory usage: 264388KB
FIND_INTERACT -5457968 -5460387 -264070 5220156
49654
running time: 12ms
memory usage: 264388KB
FIND_INTERACT -6795238 -6644197 7271464 -6223760
12421
running time: 12ms
memory usage: 264388KB
FIND_INTERACT -7534511 5692169 3297616 6501348
15336
running time: 12ms
memory usage: 264388KB
FIND_INTERACT -6624427 -5429394 352060 -5123089
16329
running time: 12ms
memory usage: 264388KB
FIND_INTERACT -6635795 5133448 -4885266 6075242
7520
running time: 12ms
memory usage: 264388KB
FIND_INTERACT -7250354 -5300624 -6974602 5082628
16637
running time: 12ms
memory usage: 264388KB
FIND_INTERACT -7650480 -5108655 4026666 377507
82337
running time: 12ms
memory usage: 264388KB
FIND_INTERACT -1795706 29147 4373997 5368635
29021
running time: 12ms
memory usage: 264388KB
FIND_INTERACT -7768300 5134378 3940061 5522812
44947
running time: 12ms
memory usage: 264388KB
FIND_INTERACT -2229903 -150342 7279181 6590734
104844
running time: 12ms
memory usage: 264388KB
FIND_INTERACT 7132643 -5717650 7830398 6649453
23263
running time: 16ms
memory usage: 264388KB
FIND_INTERACT 4043467 5954144 6916913 6526212
3640
running time: 12ms
memory usage: 264388KB
FIND_INTERACT -7442021 -6144621 -7008026 -3130699
11382
running time: 8ms
memory usage: 264388KB
FIND_INTERACT -7570953 4175990 -5699 5412882
29048
running time: 16ms
memory usage: 264388KB
FIND_INTERACT -8019020 -2461851 2807027 6251066
145049
running time: 12ms
memory usage: 264388KB
FIND_INTERACT -6973010 -2528890 6927085 708501
62290
running time: 12ms
memory usage: 264388KB
FIND_INTERACT -6777802 -5450238 3263028 6325110
144405
running time: 16ms
memory usage: 264388KB
FIND_INTERACT -3135105 -662975 1771520 -41995
6223
running time: 12ms
memory usage: 264388KB
FIND_INTERACT -7393552 4959487 -6913956 6427130
7946
running time: 12ms
memory usage: 264388KB
FIND_INTERACT 2992517 -5076871 3474447 5015404
8668
running time: 12ms
memory usage: 264388KB
FIND_INTERACT -6714060 -5655814 6934442 99709
110004
running time: 12ms
memory usage: 264388KB
FIND_INTERACT -7716428 5613195 7918913 5879061
12259
running time: 16ms
memory usage: 264388KB
FIND_INTERACT 110792 -5468357 3683150 104027
36961
running time: 16ms
memory usage: 264388KB
FIND_INTERACT -6999887 -5436825 -1623978 -3844279
21319
running time: 20ms
memory usage: 264388KB
FIND_INTERACT -7611554 2170888 -7012790 6299352
10365
running time: 16ms
memory usage: 264388KB
FIND_INTERACT -239969 -22167 2407032 5226252
14909
running time: 12ms
memory usage: 264388KB
FIND_INTERACT -7009795 -5112857 5536611 3064662
84916
running time: 12ms
memory usage: 264388KB
FIND_INTERACT -7319465 -6182530 -3219054 5262564
78029
running time: 20ms
memory usage: 264388KB
FIND_INTERACT 7016288 -4441747 7137969 5913022
8934
running time: 12ms
memory usage: 264388KB
FIND_INTERACT 3149611 -5079111 7512799 -986573
15353
running time: 16ms
memory usage: 264388KB
FIND_INTERACT -384178 -5434823 6092736 5440465
81929
running time: 12ms
memory usage: 264388KB
FIND_INTERACT -6754133 -6382825 3391629 6397762
166791
running time: 12ms
memory usage: 264388KB
FIND_INTERACT 3383792 -5944653 4231163 -364297
8075
running time: 16ms
memory usage: 264388KB
FIND_INTERACT -7404485 -5695409 -6893902 -4992315
6183
running time: 12ms
memory usage: 264388KB
FIND_INTERACT -587129 -5467192 3380691 6197248
70083
running time: 12ms
memory usage: 264388KB
FIND_INTERACT -5938560 5128628 3241261 6504137
42116
running time: 12ms
memory usage: 264388KB
FIND_INTERACT -7351147 -6001727 -7222394 -5722127
787
running time: 16ms
memory usage: 264388KB
FIND_INTERACT -7129994 -2369459 1793995 -412963
17701
running time: 12ms
memory usage: 264388KB
FIND_INTERACT -1074673 -5470988 3257072 5668169
67865
running time: 12ms
memory usage: 264388KB
FIND_INTERACT -3404609 -5999305 3500806 -5254776
21378
running time: 12ms
memory usage: 264388KB
FIND_INTERACT -6991969 -5697506 6957249 2869923
144849
running time: 12ms
memory usage: 264388KB
FIND_INTERACT -106510 -4914275 7411859 2697787
55014
running time: 16ms
memory usage: 264388KB
FIND_INTERACT -644367 -5441490 7915093 5837755
152780
running time: 12ms
memory usage: 264388KB
FIND_INTERACT -7639341 -5816009 3114396 -1621201
84014
running time: 16ms
memory usage: 264388KB
FIND_INTERACT -4736252 -5157740 3436387 5436989
94805
running time: 20ms
memory usage: 264388KB
FIND_INTERACT 3316336 -5966580 5119677 5452773
24800
running time: 16ms
memory usage: 264388KB
FIND_INTERACT -2681334 5063234 5162612 5171794
6083
running time: 12ms
memory usage: 264388KB
FIND_INTERACT -6900159 -4039994 7791535 5904520
175396
running time: 16ms
memory usage: 264388KB
FIND_INTERACT 736384 -5056441 7027271 -2960855
6414
running time: 12ms
memory usage: 264388KB
FIND_INTERACT -8071954 -118725 -6934433 5923598
28990
running time: 16ms
memory usage: 264388KB
FIND_INTERACT 5891624 -3848472 6944995 5385151
10717
running time: 12ms
memory usage: 264388KB
FIND_INTERACT -3917543 -2341897 2204171 5103208
37765
running time: 12ms
memory usage: 264388KB
FIND_INTERACT -7304405 5735528 -6788669 6218892
1077
running time: 12ms
memory usage: 264388KB
FIND_INTERACT -5390498 -6648576 4041964 -5986474
8764
running time: 16ms
memory usage: 264388KB
FIND_INTERACT 7051865 -6162827 7805489 5784934
25813
running time: 12ms
memory usage: 264388KB
FIND_INTERACT -7737159 -6553114 7828441 6211051
357466
running time: 12ms
memory usage: 264388KB
FIND_INTERACT -2421695 -6474269 7967888 6243251
223551
running time: 20ms
memory usage: 268488KB
FIND_INTERACT -5000199 -5397202 -2449688 140623
19758
running time: 16ms
memory usage: 268488KB
FIND_INTERACT -7225449 -5026770 -6790525 6156722
39586
running time: 12ms
memory usage: 268488KB
FIND_INTERACT -6900729 -1044808 2610074 -60507
8801
running time: 12ms
memory usage: 268488KB
FIND_INTERACT -7211172 -6626815 7546163 -6598955
1875
running time: 12ms
memory usage: 268488KB
FIND_INTERACT -2517275 -674424 -1266516 6520610
11413
running time: 12ms
memory usage: 268488KB
FIND_INTERACT -4960263 -5439064 2970616 -5248498
12939
running time: 12ms
memory usage: 268488KB
FIND_INTERACT -4796507 4599915 6918243 5468063
52282
running time: 12ms
memory usage: 268488KB
FIND_INTERACT -7840127 -6587962 7629630 5617321
334048
running time: 12ms
memory usage: 268488KB
FIND_NO_OVERLAP -4374362 -5222094 7135758 5106150
104446
running time: 20ms
memory usage: 268488KB
FIND_NO_OVERLAP -3704136 -5110254 7870168 6173151
162129
running time: 3424ms
memory usage: 281768KB
FIND_NO_OVERLAP -7775096 -6296459 4193907 5236124
187543
running time: 5020ms
memory usage: 314368KB
FIND_NO_OVERLAP -7595372 -6351374 -6884520 447200
34149
running time: 6728ms
memory usage: 349784KB
FIND_NO_OVERLAP -1836918 -2493912 7110888 -159778
23172
running time: 1424ms
memory usage: 353348KB
FIND_NO_OVERLAP -2519142 2783058 7009044 6229359
58911
running time: 408ms
memory usage: 357112KB
FIND_NO_OVERLAP -6052918 -6101050 6976348 -1049692
93138
running time: 908ms
memory usage: 369372KB
FIND_NO_OVERLAP -320627 926169 1099199 5366165
7941
running time: 1448ms
memory usage: 387568KB
FIND_NO_OVERLAP -7021304 1952593 -990693 5433077
27496
running time: 116ms
memory usage: 387568KB
FIND_NO_OVERLAP -2906246 5436355 7041585 5676906
11925
running time: 456ms
memory usage: 392844KB
FIND_NO_OVERLAP -2074842 5436638 6841849 5873083
13654
running time: 104ms
memory usage: 394900KB
FIND_NO_OVERLAP -1427899 -6612934 7780910 -5428377
35049
running time: 132ms
memory usage: 397460KB
FIND_NO_OVERLAP 3373770 -6455843 7879228 -5588306
16279
running time: 500ms
memory usage: 405092KB
FIND_NO_OVERLAP -6931017 -5468353 4912013 3444987
105581
running time: 252ms
memory usage: 407760KB
FIND_NO_OVERLAP -7096049 -5936454 615337 5438397
128119
running time: 2148ms
memory usage: 429040KB
FIND_NO_OVERLAP -4877878 -6015842 4202025 6277259
149521
running time: 5204ms
memory usage: 455308KB
FIND_NO_OVERLAP 7121418 -6076402 8088021 6050095
30564
running time: 2964ms
memory usage: 483200KB
FIND_NO_OVERLAP -4943584 -5124917 -422489 5391549
36071
running time: 772ms
memory usage: 486104KB
FIND_NO_OVERLAP -7696976 -5981779 6942420 -395971
126129
running time: 584ms
memory usage: 492888KB
FIND_NO_OVERLAP -7509941 -5341510 7129319 6298483
238361
running time: 2520ms
memory usage: 519900KB
FIND_NO_OVERLAP -1652019 -6643860 5785 -5217309
6965
running time: 9724ms
memory usage: 567156KB
FIND_NO_OVERLAP -1600093 -2276982 6959357 3967716
33334
running time: 88ms
memory usage: 567156KB
FIND_NO_OVERLAP 4055188 -5876279 4294996 5863540
6011
running time: 700ms
memory usage: 569400KB
FIND_NO_OVERLAP -7955438 5749706 3545119 6185816
11249
running time: 128ms
memory usage: 569664KB
FIND_NO_OVERLAP -2139146 -6026146 6708973 5254248
95278
running time: 132ms
memory usage: 572036KB
FIND_NO_OVERLAP -7920746 -5834189 -4115551 5283750
71974
running time: 1600ms
memory usage: 591432KB
FIND_NO_OVERLAP -7899530 -4961824 -3108036 -2401334
9420
running time: 4156ms
memory usage: 605284KB
FIND_NO_OVERLAP -4200504 -5357143 510470 5340960
53688
running time: 224ms
memory usage: 605284KB
FIND_NO_OVERLAP -6969701 -5659714 -5990242 1719503
18038
running time: 924ms
memory usage: 616112KB
FIND_NO_OVERLAP -435834 -5331601 3110624 -5301903
808
running time: 912ms
memory usage: 619004KB
FIND_NO_OVERLAP -7032037 -2327055 -1349283 4616218
33637
running time: 16ms
memory usage: 619004KB
FIND_NO_OVERLAP -6241980 -6607184 -5087349 -5411594
3095
running time: 1344ms
memory usage: 626040KB
FIND_NO_OVERLAP 2095884 27288 4067976 5818370
13623
running time: 44ms
memory usage: 626040KB
FIND_NO_OVERLAP -6902872 1608660 -99216 9661227
44247
running time: 180ms
memory usage: 628528KB
FIND_NO_OVERLAP 3098085 -5440279 7557008 -851287
32106
running time: 692ms
memory usage: 637692KB
FIND_NO_OVERLAP -7550187 -5365842 -6884941 417401
21108
running time: 696ms
memory usage: 643844KB
FIND_NO_OVERLAP -6926219 -5658171 -1236526 -1092383
37816
running time: 836ms
memory usage: 647460KB
FIND_NO_OVERLAP -2199033 5169581 7809258 6028998
47473
running time: 616ms
memory usage: 655068KB
FIND_NO_OVERLAP 1840106 -5798917 3514017 -2509090
8182
running time: 592ms
memory usage: 664200KB
FIND_NO_OVERLAP 6887884 5268568 7899198 6011507
8826
running time: 108ms
memory usage: 664992KB
FIND_NO_OVERLAP -7575151 -6497436 -1195018 -6148604
7165
running time: 128ms
memory usage: 666708KB
FIND_NO_OVERLAP -7960824 -5956985 7115348 610976
174671
running time: 96ms
memory usage: 668124KB
FIND_NO_OVERLAP -255499 -6502649 3282478 -5331644
7803
running time: 4200ms
memory usage: 705108KB
FIND_NO_OVERLAP -7654853 76317 -1697900 5339687
33343
running time: 84ms
memory usage: 705108KB
FIND_NO_OVERLAP -4325757 -5185635 5022756 5386482
91038
running time: 888ms
memory usage: 709888KB
FIND_NO_OVERLAP -7436036 -6618657 -6236785 5409674
59133
running time: 1540ms
memory usage: 727588KB
FIND_NO_OVERLAP -7754134 -6586499 -7430743 -6322804
1130
running time: 4808ms
memory usage: 738568KB
FIND_NO_OVERLAP 6809205 -5552367 7618042 5313814
38259
running time: 24ms
memory usage: 738568KB
FIND_NO_OVERLAP -6693950 -6379413 8090694 5127395
189817
running time: 2660ms
memory usage: 745796KB
FIND_NO_OVERLAP -3147420 -1385880 6884418 6126275
84071
running time: 5948ms
memory usage: 784688KB
FIND_NO_OVERLAP -7250102 4523305 -6896952 5487467
3577
running time: 1248ms
memory usage: 798280KB
FIND_NO_OVERLAP 1031227 847593 4995782 5091843
2675
running time: 56ms
memory usage: 798280KB
FIND_NO_OVERLAP -567792 -5849936 4144420 5507714
76205
running time: 32ms
memory usage: 798280KB
FIND_NO_OVERLAP -1543972 5692031 7946925 6446206
17549
running time: 1360ms
memory usage: 813656KB
FIND_NO_OVERLAP -6997210 -6231069 -5061531 2134992
28022
running time: 256ms
memory usage: 815504KB
FIND_NO_OVERLAP -7188386 -6147603 -7149397 -5643265
390
running time: 1548ms
memory usage: 820968KB
FIND_NO_OVERLAP -308727 5207393 1931177 5386240
3386
running time: 16ms
memory usage: 820968KB
FIND_NO_OVERLAP -7011318 -803526 -6492346 5452633
17345
running time: 40ms
memory usage: 821232KB
FIND_NO_OVERLAP -3090797 -2003838 -1253492 5438904
13809
running time: 828ms
memory usage: 824972KB
FIND_NO_OVERLAP -2457453 -2516827 -1278311 5876346
13892
running time: 208ms
memory usage: 827352KB
FIND_NO_OVERLAP 7065126 -6173556 7144353 5905676
5442
running time: 200ms
memory usage: 829940KB
FIND_NO_OVERLAP 1760404 -5427232 5299490 5306669
36930
running time: 212ms
memory usage: 830864KB
FIND_NO_OVERLAP -5089546 5422344 7879335 5747601
22343
running time: 644ms
memory usage: 838760KB
FIND_NO_OVERLAP -6851504 -6365861 -4665121 5318937
16549
running time: 204ms
memory usage: 842592KB
FIND_NO_OVERLAP 2544480 -4981236 7387155 5301093
49763
running time: 288ms
memory usage: 845620KB
FIND_NO_OVERLAP -1770377 -6252929 3295389 56035
47734
running time: 2560ms
memory usage: 855656KB
FIND_NO_OVERLAP 6982460 -3532844 7002545 1954935
1975
running time: 736ms
memory usage: 864500KB
FIND_NO_OVERLAP -2260681 -62662 4714684 5387158
36554
running time: 104ms
memory usage: 864500KB
FIND_NO_OVERLAP -6026469 -6129919 6937063 5832571
188120
running time: 444ms
memory usage: 871644KB
FIND_NO_OVERLAP -7623887 -5463198 5446271 5408897
178790
running time: 4124ms
memory usage: 910016KB
FIND_NO_OVERLAP -6869115 1946491 4210720 5139770
11945
running time: 5812ms
memory usage: 943672KB
FIND_NO_OVERLAP -7594081 -6213318 -1863988 -2445317
51131
running time: 124ms
memory usage: 943672KB
FIND_NO_OVERLAP -7553920 -6014212 -4149692 5089784
61151
running time: 972ms
memory usage: 952752KB
FIND_NO_OVERLAP 7205127 -5627332 7876193 -5464878
1709
running time: 3900ms
memory usage: 964916KB
FIND_NO_OVERLAP -5062015 5289708 -821054 6096847
14469
running time: 24ms
memory usage: 964916KB
FIND_NO_OVERLAP 3371693 5284683 7428403 6588236
26431
running time: 156ms
memory usage: 966764KB
FIND_NO_OVERLAP -6991401 -364205 -6906496 3998014
5829
running time: 384ms
memory usage: 972228KB
FIND_NO_OVERLAP 2130144 5193677 6804091 6333097
23607
running time: 228ms
memory usage: 973020KB
FIND_NO_OVERLAP -1391893 -1806921 1311439 5393165
20007
running time: 320ms
memory usage: 977864KB
FIND_NO_OVERLAP -1595336 -2318954 3225865 5445371
42973
running time: 300ms
memory usage: 981500KB
FIND_NO_OVERLAP 6481665 -5571089 7335592 -5433184
1634
running time: 672ms
memory usage: 989928KB
FIND_NO_OVERLAP -7698660 -6488737 -6868301 3650205
50709
running time: 24ms
memory usage: 989928KB
FIND_NO_OVERLAP 4776716 -5429727 6788742 5166221
7277
running time: 3248ms
memory usage: 1000108KB
FIND_NO_OVERLAP -5061404 5156456 -4010930 6006238
5881
running time: 96ms
memory usage: 1000504KB
FIND_NO_OVERLAP -6987398 3529617 -6741742 5353351
4335
running time: 80ms
memory usage: 1001620KB
FIND_NO_OVERLAP -7713920 -5176971 -3106565 5926624
78007
running time: 100ms
memory usage: 1002548KB
FIND_NO_OVERLAP 3227672 -6477543 6966984 4623871
42657
running time: 4176ms
memory usage: 1019436KB
FIND_NO_OVERLAP -1916816 -6657100 7690569 -2241076
84429
running time: 1640ms
memory usage: 1026540KB
FIND_NO_OVERLAP -6359332 -6421599 6939122 5158869
146179
running time: 1488ms
memory usage: 1043760KB
FIND_NO_OVERLAP -7348850 1462674 -6926483 6390560
12168
running time: 3112ms
memory usage: 1073252KB
FIND_NO_OVERLAP 6906225 1231979 7024746 1273331
102
running time: 372ms
memory usage: 1073252KB
FIND_NO_OVERLAP -6013762 -201085 6960024 5820654
93598
running time: 16ms
memory usage: 1073252KB
FIND_NO_OVERLAP 2867151 -2380141 6995545 2087391
14906
running time: 1376ms
memory usage: 1091056KB
FIND_NO_OVERLAP -6789153 -6081991 3579792 -5167196
39030
running time: 428ms
memory usage: 1092244KB
FIND_NO_OVERLAP 3215346 5862792 3344942 6144129
599
running time: 448ms
memory usage: 1100352KB
FIND_NO_OVERLAP -6966058 -5083326 -4134640 6080353
34806
running time: 20ms
memory usage: 1100352KB
FIND_NO_OVERLAP -6955015 -17053 2984818 468081
14043
running time: 2052ms
memory usage: 1107196KB
FIND_NO_OVERLAP -6895679 3936231 -3676602 5009942
919
running time: 120ms
memory usage: 1108912KB
FIND_NO_OVERLAP -1277265 5197582 -248652 5475104
2749
running time: 24ms
memory usage: 1108912KB
FIND_NO_OVERLAP -6886669 -2314883 7000627 -155761
20088
running time: 32ms
memory usage: 1109308KB
FIND_AREA_LESS_THAN 2.74683e+07
358843
running time: 384ms
memory usage: 1113548KB
FIND_AREA_LESS_THAN 1.47962e+07
302204
running time: 4ms
memory usage: 1113548KB
FIND_AREA_LESS_THAN 2.6804e+07
356861
running time: 4ms
memory usage: 1113548KB
FIND_AREA_LESS_THAN 2.01713e+07
332303
running time: 4ms
memory usage: 1113548KB
FIND_AREA_LESS_THAN 6.26688e+06
213190
running time: 4ms
memory usage: 1113548KB
FIND_AREA_LESS_THAN 8.02494e+06
238579
running time: 8ms
memory usage: 1113548KB
FIND_AREA_LESS_THAN 3.39258e+07
374645
running time: 4ms
memory usage: 1113548KB
FIND_AREA_LESS_THAN 7.2413e+06
227778
running time: 4ms
memory usage: 1113548KB
FIND_AREA_LESS_THAN 3.35758e+07
373937
running time: 4ms
memory usage: 1113548KB
FIND_AREA_LESS_THAN 6.02773e+06
209190
running time: 4ms
memory usage: 1113548KB
FIND_AREA_LESS_THAN 3.59353e+07
378453
running time: 4ms
memory usage: 1113548KB
FIND_AREA_LESS_THAN 1.75111e+07
318854
running time: 4ms
memory usage: 1113548KB
FIND_AREA_LESS_THAN 2.46106e+07
349664
running time: 4ms
memory usage: 1113548KB
FIND_AREA_LESS_THAN 4.04879e+06
171061
running time: 4ms
memory usage: 1113548KB
FIND_AREA_LESS_THAN 1.64564e+07
312868
running time: 8ms
memory usage: 1113548KB
FIND_AREA_LESS_THAN 3.06038e+07
367245
running time: 4ms
memory usage: 1113548KB
FIND_AREA_LESS_THAN 1.50811e+06
98503
running time: 4ms
memory usage: 1113548KB
FIND_AREA_LESS_THAN 1.6017e+07
310184
running time: 4ms
memory usage: 1113548KB
FIND_AREA_LESS_THAN 2.34566e+07
345559
running time: 4ms
memory usage: 1113548KB
FIND_AREA_LESS_THAN 4.46892e+07
391659
running time: 4ms
memory usage: 1113548KB
FIND_AREA_LESS_THAN 1.32628e+07
291094
running time: 4ms
memory usage: 1113548KB
FIND_AREA_LESS_THAN 3.07633e+06
147580
running time: 4ms
memory usage: 1113548KB
FIND_AREA_LESS_THAN 1.65547e+07
313465
running time: 4ms
memory usage: 1113548KB
FIND_AREA_LESS_THAN 4.43356e+06
179497
running time: 4ms
memory usage: 1113548KB
FIND_AREA_LESS_THAN 2.25312e+07
342073
running time: 4ms
memory usage: 1113548KB
FIND_AREA_LESS_THAN 3.9317e+06
168430
running time: 8ms
memory usage: 1113548KB
FIND_AREA_LESS_THAN 5.50841e+06
200113
running time: 4ms
memory usage: 1113548KB
FIND_AREA_LESS_THAN 6.71766e+07
409882
running time: 4ms
memory usage: 1113548KB
FIND_AREA_LESS_THAN 2.90935e+06
143148
running time: 4ms
memory usage: 1113548KB
FIND_AREA_LESS_THAN 3.46277e+06
157438
running time: 8ms
memory usage: 1113548KB
FIND_AREA_LESS_THAN 1.19078e+07
279827
running time: 4ms
memory usage: 1113548KB
FIND_AREA_LESS_THAN 1.65677e+07
313548
running time: 4ms
memory usage: 1113548KB
FIND_AREA_LESS_THAN 2.75448e+07
359064
running time: 4ms
memory usage: 1113548KB
FIND_AREA_LESS_THAN 656742
60540
running time: 4ms
memory usage: 1113548KB
FIND_AREA_LESS_THAN 5.85362e+06
206220
running time: 4ms
memory usage: 1113548KB
FIND_AREA_LESS_THAN 4.17915e+06
174083
running time: 8ms
memory usage: 1113548KB
FIND_AREA_LESS_THAN 1.81233e+07
322159
running time: 4ms
memory usage: 1113548KB
FIND_AREA_LESS_THAN 8.47452e+06
244254
running time: 4ms
memory usage: 1113548KB
FIND_AREA_LESS_THAN 7.72383e+07
414259
running time: 8ms
memory usage: 1113548KB
FIND_AREA_LESS_THAN 1.60861e+07
310636
running time: 4ms
memory usage: 1113548KB
FIND_AREA_LESS_THAN 1.19377e+07
280096
running time: 4ms
memory usage: 1113548KB
FIND_AREA_LESS_THAN 1.96294e+07
329747
running time: 4ms
memory usage: 1113548KB
FIND_AREA_LESS_THAN 1.72728e+06
106524
running time: 4ms
memory usage: 1113548KB
FIND_AREA_LESS_THAN 2.7185e+07
357919
running time: 4ms
memory usage: 1113548KB
FIND_AREA_LESS_THAN 2.18438e+06
121796
running time: 4ms
memory usage: 1113548KB
FIND_AREA_LESS_THAN 9.83408e+06
259688
running time: 8ms
memory usage: 1113548KB
FIND_AREA_LESS_THAN 2.95771e+06
144458
running time: 4ms
memory usage: 1113548KB
FIND_AREA_LESS_THAN 1.7253e+07
317417
running time: 4ms
memory usage: 1113548KB
FIND_AREA_LESS_THAN 4.95963e+06
189887
running time: 4ms
memory usage: 1113548KB
FIND_AREA_LESS_THAN 4.22494e+06
175067
running time: 8ms
memory usage: 1113548KB
FIND_AREA_LESS_THAN 3.5093e+07
376951
running time: 4ms
memory usage: 1113548KB
FIND_AREA_LESS_THAN 1.80076e+06
109069
running time: 4ms
memory usage: 1113548KB
FIND_AREA_LESS_THAN 1.70333e+06
105633
running time: 4ms
memory usage: 1113548KB
FIND_AREA_LESS_THAN 4.04963e+06
171082
running time: 8ms
memory usage: 1113548KB
FIND_AREA_LESS_THAN 2.59888e+07
354322
running time: 4ms
memory usage: 1113548KB
FIND_AREA_LESS_THAN 3.00028e+07
365795
running time: 4ms
memory usage: 1113548KB
FIND_AREA_LESS_THAN 4.98324e+07
397332
running time: 4ms
memory usage: 1113548KB
FIND_AREA_LESS_THAN 1.33949e+07
292080
running time: 4ms
memory usage: 1113548KB
FIND_AREA_LESS_THAN 4.45035e+07
391382
running time: 4ms
memory usage: 1113548KB
FIND_AREA_LESS_THAN 8.9552e+06
249967
running time: 4ms
memory usage: 1113548KB
FIND_AREA_LESS_THAN 1.1257e+07
273916
running time: 8ms
memory usage: 1113548KB
FIND_AREA_LESS_THAN 2.28176e+06
124798
running time: 4ms
memory usage: 1113548KB
FIND_AREA_LESS_THAN 5.57645e+07
402613
running time: 4ms
memory usage: 1113548KB
FIND_AREA_LESS_THAN 2.93998e+06
144007
running time: 4ms
memory usage: 1113548KB
FIND_AREA_LESS_THAN 9.10864e+06
251713
running time: 4ms
memory usage: 1113548KB
FIND_AREA_LESS_THAN 6.72933e+06
220424
running time: 8ms
memory usage: 1113548KB
FIND_AREA_LESS_THAN 4.64664e+07
393697
running time: 4ms
memory usage: 1113548KB
FIND_AREA_LESS_THAN 6.3659e+06
214692
running time: 4ms
memory usage: 1113548KB
FIND_AREA_LESS_THAN 2.87714e+06
142264
running time: 4ms
memory usage: 1113548KB
FIND_AREA_LESS_THAN 411068
45720
running time: 8ms
memory usage: 1113548KB
FIND_AREA_LESS_THAN 820741
69060
running time: 4ms
memory usage: 1113548KB
FIND_AREA_LESS_THAN 1.53348e+07
305816
running time: 4ms
memory usage: 1113548KB
FIND_AREA_LESS_THAN 8.64362e+06
246304
running time: 4ms
memory usage: 1113548KB
FIND_AREA_LESS_THAN 2.10532e+07
336177
running time: 4ms
memory usage: 1113548KB
FIND_AREA_LESS_THAN 3.68534e+06
162659
running time: 4ms
memory usage: 1113548KB
FIND_AREA_LESS_THAN 9.29197e+06
253700
running time: 8ms
memory usage: 1113548KB
FIND_AREA_LESS_THAN 2.06794e+07
334596
running time: 4ms
memory usage: 1113548KB
FIND_AREA_LESS_THAN 3.26762e+06
152512
running time: 4ms
memory usage: 1113548KB
FIND_AREA_LESS_THAN 7.45922e+06
230994
running time: 4ms
memory usage: 1113548KB
FIND_AREA_LESS_THAN 4.93834e+06
189479
running time: 8ms
memory usage: 1113548KB
FIND_AREA_LESS_THAN 3.69051e+06
162800
running time: 4ms
memory usage: 1113548KB
FIND_AREA_LESS_THAN 1.68434e+06
104966
running time: 8ms
memory usage: 1113548KB
FIND_AREA_LESS_THAN 461661
49065
running time: 4ms
memory usage: 1113548KB
FIND_AREA_LESS_THAN 1.22429e+07
282705
running time: 4ms
memory usage: 1113548KB
FIND_AREA_LESS_THAN 7.46591e+06
231084
running time: 4ms
memory usage: 1113548KB
FIND_AREA_LESS_THAN 2.3627e+07
346195
running time: 8ms
memory usage: 1113548KB
FIND_AREA_LESS_THAN 3.92714e+06
168329
running time: 4ms
memory usage: 1113548KB
FIND_AREA_LESS_THAN 3.27004e+07
372040
running time: 4ms
memory usage: 1113548KB
FIND_AREA_LESS_THAN 6.12212e+06
210745
running time: 4ms
memory usage: 1113548KB
FIND_AREA_LESS_THAN 2.21448e+07
340572
running time: 8ms
memory usage: 1113548KB
FIND_AREA_LESS_THAN 7.58304e+07
413714
running time: 4ms
memory usage: 1113548KB
FIND_AREA_LESS_THAN 2.44873e+06
129933
running time: 4ms
memory usage: 1113548KB
FIND_AREA_LESS_THAN 2.46692e+07
349880
running time: 4ms
memory usage: 1113548KB
FIND_AREA_LESS_THAN 2.14199e+07
337725
running time: 4ms
memory usage: 1113548KB
FIND_AREA_LESS_THAN 2.816e+06
140541
running time: 4ms
memory usage: 1113548KB
FIND_AREA_LESS_THAN 1.15976e+07
277045
running time: 4ms
memory usage: 1113548KB
FIND_AREA_LESS_THAN 2.7931e+07
360075
running time: 8ms
memory usage: 1113548KB
FIND_AREA_LESS_THAN 5.569e+06
201232
running time: 4ms
memory usage: 1113548KB
FIND_AREA_LESS_THAN 4.54566e+07
392545
running time: 4ms
memory usage: 1113548KB
FIND_AREA_LESS_THAN 2.77942e+06
139539
running time: 4ms
memory usage: 1113548KB
FIND_DENSITY_INSIDE -6898302 -6256255 4041880 -5239751
5.50682%
running time: 4ms
memory usage: 1113548KB
FIND_DENSITY_INSIDE -6932990 4701907 -1216138 5979232
6.28791%
running time: 444ms
memory usage: 1121132KB
FIND_DENSITY_INSIDE -7703860 -6611538 7133065 284159
2.72331%
running time: 360ms
memory usage: 1126544KB
FIND_DENSITY_INSIDE 1034026 904962 4193220 5988334
1.66353%
running time: 9028ms
memory usage: 1164792KB
FIND_DENSITY_INSIDE -430088 5183390 7845236 5334466
13.043%
running time: 256ms
memory usage: 1166508KB
FIND_DENSITY_INSIDE -244391 -5250611 3567735 5247012
1.32638%
running time: 88ms
memory usage: 1168488KB
FIND_DENSITY_INSIDE 6763368 5600007 6827151 6613130
21.0249%
running time: 1004ms
memory usage: 1176840KB
FIND_DENSITY_INSIDE -5066866 5774834 -4958122 5898655
26.626%
running time: 28ms
memory usage: 1176840KB
FIND_DENSITY_INSIDE -6881346 3334758 7129017 5662863
3.21566%
running time: 16ms
memory usage: 1176840KB
FIND_DENSITY_INSIDE -7595060 -5125986 -5995317 6339407
4.39994%
running time: 932ms
memory usage: 1191004KB
FIND_DENSITY_INSIDE -3060869 -5481354 -1091949 -5396507
22.6196%
running time: 9396ms
memory usage: 1200880KB
FIND_DENSITY_INSIDE -6740514 -5142857 3966488 5107229
0.769425%
running time: 24ms
memory usage: 1200880KB
FIND_DENSITY_INSIDE -7025261 -5597649 -2406941 3963528
1.8018%
running time: 1476ms
memory usage: 1214548KB
FIND_DENSITY_INSIDE -7252166 -5644950 -2589458 -5375731
11.0859%
running time: 6184ms
memory usage: 1224448KB
FIND_DENSITY_INSIDE 602927 158627 7003608 3199675
0.414049%
running time: 80ms
memory usage: 1225900KB
FIND_DENSITY_INSIDE -7960422 -6399071 3503714 -5496173
4.90996%
running time: 220ms
memory usage: 1226956KB
FIND_DENSITY_INSIDE 4076941 -5442538 5221458 5642716
1.31322%
running time: 580ms
memory usage: 1233696KB
FIND_DENSITY_INSIDE -3396283 -5362287 6616386 -4674188
4.26655%
running time: 200ms
memory usage: 1235412KB
FIND_DENSITY_INSIDE 589940 5193189 3457182 6140867
6.14817%
running time: 208ms
memory usage: 1239432KB
FIND_DENSITY_INSIDE -6945568 -3256739 -5419 9483961
1.37268%
running time: 132ms
memory usage: 1241464KB
FIND_DENSITY_INSIDE 6671164 -5468287 7550373 -4916362
24.1509%
running time: 4140ms
memory usage: 1257400KB
FIND_DENSITY_INSIDE -7268334 -5841105 -6768867 5505239
11.3006%
running time: 108ms
memory usage: 1257796KB
FIND_DENSITY_INSIDE 7117086 -5487158 7901885 6559970
3.71376%
running time: 9616ms
memory usage: 1266348KB
FIND_DENSITY_INSIDE -6583499 5382770 4251595 5407473
27.3435%
running time: 876ms
memory usage: 1270572KB
FIND_DENSITY_INSIDE -3075577 -2442351 7901465 5929211
1.94269%
running time: 36ms
memory usage: 1271496KB
FIND_DENSITY_INSIDE -7382260 795514 -7035996 3590958
1.14178%
running time: 5500ms
memory usage: 1297336KB
FIND_DENSITY_INSIDE -3109601 -2000045 4078990 5086006
0.83241%
running time: 20ms
memory usage: 1297336KB
FIND_DENSITY_INSIDE -3100079 -2897566 6991516 -1486796
1.92264%
running time: 712ms
memory usage: 1302484KB
FIND_DENSITY_INSIDE -4794258 -2265556 -1783127 5286206
1.07295%
running time: 240ms
memory usage: 1306128KB
FIND_DENSITY_INSIDE -2465047 -6637259 -1644562 5393395
1.53731%
running time: 392ms
memory usage: 1309420KB
FIND_DENSITY_INSIDE -1635724 -5097155 7345980 30507
1.28351%
running time: 220ms
memory usage: 1311296KB
FIND_DENSITY_INSIDE -7010375 -370981 7073094 -247056
1.16551%
running time: 1616ms
memory usage: 1319804KB
FIND_DENSITY_INSIDE 6753128 -5605362 6780938 -5177148
17.2982%
running time: 20ms
memory usage: 1319804KB
FIND_DENSITY_INSIDE -7190505 -6223811 -4179078 5370785
2.58993%
running time: 12ms
memory usage: 1319804KB
FIND_DENSITY_INSIDE 453356 -5367832 720025 -12446
1.19716%
running time: 10584ms
memory usage: 1331624KB
FIND_DENSITY_INSIDE -7614478 -2110711 3150113 5142228
1.15429%
running time: 20ms
memory usage: 1331624KB
FIND_DENSITY_INSIDE -4067315 -5084507 3361856 201407
1.62006%
running time: 4276ms
memory usage: 1345152KB
FIND_DENSITY_INSIDE 3010739 -122473 3929760 5826384
2.28585%
running time: 1072ms
memory usage: 1353996KB
FIND_DENSITY_INSIDE -156801 -5068553 5496152 5140643
0.781673%
running time: 136ms
memory usage: 1355316KB
FIND_DENSITY_INSIDE -7874847 -6393224 -7187965 -5738811
28.4003%
running time: 824ms
memory usage: 1362744KB
FIND_DENSITY_INSIDE -7249867 -5687336 3319976 5443760
1.99477%
running time: 140ms
memory usage: 1363932KB
FIND_DENSITY_INSIDE -6987902 -2534030 -2037849 4332621
1.14647%
running time: 12132ms
memory usage: 1397392KB
FIND_DENSITY_INSIDE 1037698 -5319832 7337722 -4954910
8.40918%
running time: 2044ms
memory usage: 1400956KB
FIND_DENSITY_INSIDE 5731776 -434930 7127872 5456256
3.79295%
running time: 120ms
memory usage: 1403332KB
FIND_DENSITY_INSIDE 6941577 -5327773 7712217 -1346476
5.84305%
running time: 1564ms
memory usage: 1407512KB
FIND_DENSITY_INSIDE -8096136 5105130 -4173091 5660300
14.0192%
running time: 476ms
memory usage: 1409624KB
FIND_DENSITY_INSIDE -4182995 -5909683 4054787 6195579
1.93321%
running time: 228ms
memory usage: 1413620KB
FIND_DENSITY_INSIDE 6958782 -6130978 7025661 -3792554
27.4618%
running time: 3704ms
memory usage: 1440740KB
FIND_DENSITY_INSIDE -7101440 -5468874 4978028 418810
2.12998%
running time: 136ms
memory usage: 1440740KB
FIND_DENSITY_INSIDE -4841137 -6455341 6981274 -388282
2.03349%
running time: 3704ms
memory usage: 1461256KB
FIND_DENSITY_INSIDE -214973 -5975729 5051852 -5305462
7.03006%
running time: 2624ms
memory usage: 1479988KB
FIND_DENSITY_INSIDE -5802424 -5177478 -3898496 5409596
0.583699%
running time: 156ms
memory usage: 1482364KB
FIND_DENSITY_INSIDE -4378117 5083246 3510560 6083776
7.74746%
running time: 104ms
memory usage: 1483816KB
FIND_DENSITY_INSIDE -7221212 -6094842 -3158407 -44830
2.74664%
running time: 408ms
memory usage: 1491332KB
FIND_DENSITY_INSIDE -2886437 5059565 6793620 5392057
9.26849%
running time: 2468ms
memory usage: 1499788KB
FIND_DENSITY_INSIDE -7474669 -5930928 7123551 -4946249
8.17695%
running time: 192ms
memory usage: 1503616KB
FIND_DENSITY_INSIDE -4948173 5319576 -4337216 5479689
19.3528%
running time: 1032ms
memory usage: 1519176KB
FIND_DENSITY_INSIDE -6758149 -6211201 6759543 6072431
1.66618%
running time: 20ms
memory usage: 1519176KB
FIND_DENSITY_INSIDE -6887044 -6464609 -6850348 -6348762
25.2422%
running time: 5200ms
memory usage: 1556540KB
FIND_DENSITY_INSIDE -104095 -571183 7422362 6946243
2.27671%
running time: 12ms
memory usage: 1556540KB
FIND_DENSITY_INSIDE -7456617 -4928389 2103077 -60601
1.16434%
running time: 4152ms
memory usage: 1572776KB
FIND_DENSITY_INSIDE 2984025 -5452563 7630076 -413994
2.40061%
running time: 1708ms
memory usage: 1579508KB
FIND_DENSITY_INSIDE -2090165 -6235480 7068079 -145173
2.1183%
running time: 1528ms
memory usage: 1586660KB
FIND_DENSITY_INSIDE -7589362 -5531656 3366263 5620029
2.11498%
running time: 2836ms
memory usage: 1602560KB
FIND_DENSITY_INSIDE -6865934 -5452567 7729189 5141031
1.32186%
running time: 12864ms
memory usage: 1637996KB
FIND_DENSITY_INSIDE -3221444 -6409068 6732272 -5230820
4.86675%
running time: 8632ms
memory usage: 1666148KB
FIND_DENSITY_INSIDE -6954622 4816325 7099409 5897126
7.37999%
running time: 440ms
memory usage: 1671692KB
FIND_DENSITY_INSIDE -1282536 -5353856 4147426 -2179070
1.71461%
running time: 844ms
memory usage: 1686280KB
FIND_DENSITY_INSIDE -7702167 -5809342 7052487 5890044
2.22771%
running time: 208ms
memory usage: 1689580KB
FIND_DENSITY_INSIDE -4390474 -6560206 6800937 -5048056
5.5081%
running time: 22741ms
memory usage: 1743648KB
FIND_DENSITY_INSIDE 4047792 -1861771 6967393 6541247
1.73508%
running time: 920ms
memory usage: 1751700KB
FIND_DENSITY_INSIDE 6935591 -3995039 6969314 1958576
24.7148%
running time: 1996ms
memory usage: 1757088KB
FIND_DENSITY_INSIDE -7388247 -5869849 6900939 6231964
2.03334%
running time: 364ms
memory usage: 1757484KB
FIND_DENSITY_INSIDE -7896278 5213840 -1537471 5903844
10.2687%
running time: 16073ms
memory usage: 1805152KB
FIND_DENSITY_INSIDE -7196552 -2062420 3157342 6582092
1.90595%
running time: 296ms
memory usage: 1808716KB
FIND_DENSITY_INSIDE 1420976 -6373454 6907025 -26584
2.09324%
running time: 6408ms
memory usage: 1831308KB
FIND_DENSITY_INSIDE -2610069 -4152212 6993129 -2345944
0.903492%
running time: 1124ms
memory usage: 1840388KB
FIND_DENSITY_INSIDE -4044948 -5303819 4202372 5459492
1.52737%
running time: 148ms
memory usage: 1842104KB
FIND_DENSITY_INSIDE 4132042 -445758 7950651 6017968
2.83119%
running time: 2416ms
memory usage: 1862100KB
FIND_DENSITY_INSIDE -7207591 -6604836 -2520437 51657
2.94972%
running time: 2372ms
memory usage: 1870416KB
FIND_DENSITY_INSIDE -6903317 79613 200906 5080931
0.427139%
running time: 3748ms
memory usage: 1882016KB
FIND_DENSITY_INSIDE 3191816 -2188593 3249274 5250117
3.8247%
running time: 408ms
memory usage: 1884128KB
FIND_DENSITY_INSIDE -5056444 -5505654 3930353 -5340784
16.1833%
running time: 36ms
memory usage: 1884128KB
FIND_DENSITY_INSIDE 6962383 -5522123 7002993 6210871
25.5447%
running time: 104ms
memory usage: 1887500KB
FIND_DENSITY_INSIDE 305204 140643 827090 5371883
1.20743%
running time: 2256ms
memory usage: 1888952KB
FIND_DENSITY_INSIDE 356979 -6321020 3343402 169573
2.38317%
running time: 44ms
memory usage: 1889480KB
FIND_DENSITY_INSIDE -3133180 -5349206 2248559 -1913524
1.63437%
running time: 792ms
memory usage: 1896264KB
FIND_DENSITY_INSIDE -3124226 -5769252 7900209 -1711014
2.60749%
running time: 236ms
memory usage: 1900092KB
FIND_DENSITY_INSIDE -6804900 -5401819 7458830 5165518
1.22738%
running time: 1504ms
memory usage: 1915972KB
FIND_DENSITY_INSIDE 1563945 -5421117 3163347 -624572
2.05607%
running time: 8292ms
memory usage: 1942504KB
FIND_DENSITY_INSIDE 3431525 -5081014 3921248 5838418
0.927728%
running time: 228ms
memory usage: 1942768KB
FIND_DENSITY_INSIDE -5062675 -6360727 7863085 -6002645
2.8594%
running time: 60ms
memory usage: 1943296KB
FIND_DENSITY_INSIDE -7464446 -6395837 6955530 6440979
2.23165%
running time: 100ms
memory usage: 1944964KB
FIND_DENSITY_INSIDE -7261117 -5853635 4301311 5783613
2.13725%
running time: 23181ms
memory usage: 2001856KB
FIND_DENSITY_INSIDE -1022775 974087 6973081 5711770
1.77122%
running time: 14572ms
memory usage: 2037760KB
FIND_DENSITY_INSIDE -7621956 -5412247 -3131866 -867441
2.20332%
running time: 860ms
memory usage: 2044888KB
FIND_DENSITY_INSIDE -6875578 -5583843 -3970654 -3377022
2.86691%
running time: 1220ms
memory usage: 2050432KB
FIND_DENSITY_INSIDE 3260844 -6288243 3438139 5812161
3.98614%
running time: 144ms
memory usage: 2052676KB
FIND_DENSITY_INSIDE 7179361 5591213 7307940 6023480
1.30956%
running time: 248ms
memory usage: 2053864KB
FIND_DENSITY_INSIDE -7570461 -5112593 -862208 5473863
1.81866%
running time: 12ms
memory usage: 2053864KB
Average running time and memory for each problems: 
Total number of polygons: 423850
FIND_INSIDE: 
	running time: 9.7206ms
	memory: 260.236MB
FIND_INTERACT: 
	running time: 13.2808ms
	memory: 264.657MB
FIND_NO_OVERLAP: 
	running time: 1264.44ms
	memory: 757.118MB
FIND_AREA_LESS_THAN: 
	running time: 4.72029ms
	memory: 1113.55MB
FIND_DENSITY_INSIDE: 
	running time: 2628.44ms
	memory: 1538.64MB
