FIND_INSIDE 25308 616937 421108 681575
1895
running time: 139811912701ms
memory usage: 139811912712648KB
FIND_INSIDE -1484138 903441 827774 1120523
30331
running time: 16ms
memory usage: 417376KB
FIND_INSIDE -371473 -1285372 327848 -1077385
8549
running time: 16ms
memory usage: 417376KB
FIND_INSIDE -360515 -1005172 937408 -458728
54235
running time: 16ms
memory usage: 417376KB
FIND_INSIDE -1027116 -1829759 -136149 325637
52802
running time: 16ms
memory usage: 417376KB
FIND_INSIDE 101283 -469217 203756 409285
4491
running time: 12ms
memory usage: 417376KB
FIND_INSIDE -305441 -927654 305109 1917737
90841
running time: 16ms
memory usage: 417376KB
FIND_INSIDE -1381054 -1119128 300215 1084145
181608
running time: 12ms
memory usage: 417376KB
FIND_INSIDE -1652254 -600446 -102349 381517
57030
running time: 20ms
memory usage: 417376KB
FIND_INSIDE 1087199 -610875 1572547 1101974
9647
running time: 12ms
memory usage: 417376KB
FIND_INSIDE 890080 909424 1876879 1492259
6656
running time: 16ms
memory usage: 417376KB
FIND_INSIDE -1292115 -557512 692089 1293640
189836
running time: 12ms
memory usage: 417376KB
FIND_INSIDE -1126701 -557735 353734 530286
75382
running time: 20ms
memory usage: 417376KB
FIND_INSIDE -1220040 -1700117 -51890 -117061
56189
running time: 20ms
memory usage: 417376KB
FIND_INSIDE -111428 -242887 962939 -214878
1881
running time: 20ms
memory usage: 417376KB
FIND_INSIDE -38773 -1723261 635971 -1722864
5
running time: 16ms
memory usage: 417376KB
FIND_INSIDE 688041 -1862456 1003582 -1844163
436
running time: 16ms
memory usage: 417376KB
FIND_INSIDE -928264 -944315 215462 -17489
44535
running time: 16ms
memory usage: 417376KB
FIND_INSIDE -1413138 -1921638 692748 -1735028
10730
running time: 16ms
memory usage: 417376KB
FIND_INSIDE -1083591 1218365 -532308 1958665
6441
running time: 16ms
memory usage: 417376KB
FIND_INSIDE -1998665 -531868 699792 -492584
4497
running time: 20ms
memory usage: 417376KB
FIND_INSIDE -80464 -268215 234047 -12993
4721
running time: 16ms
memory usage: 417376KB
FIND_INSIDE -1204798 -547115 692030 435598
94251
running time: 12ms
memory usage: 417376KB
FIND_INSIDE -42756 -423090 615102 1024319
57029
running time: 16ms
memory usage: 417376KB
FIND_INSIDE 1020893 -524227 1040728 1411897
1853
running time: 12ms
memory usage: 417376KB
FIND_INSIDE -1107726 -1688897 1557148 1007496
342385
running time: 12ms
memory usage: 417376KB
FIND_INSIDE -1033557 -1616452 835788 -365356
112160
running time: 12ms
memory usage: 417376KB
FIND_INSIDE -1280818 -1634952 -304965 826570
77422
running time: 16ms
memory usage: 417376KB
FIND_INSIDE 42503 -721612 153267 1768117
15047
running time: 16ms
memory usage: 417376KB
FIND_INSIDE 849616 -620825 950337 -401548
2439
running time: 16ms
memory usage: 417376KB
FIND_INSIDE -1574551 -42986 -305706 1217092
88245
running time: 12ms
memory usage: 417376KB
FIND_INSIDE -1493162 -1876841 -1323501 592339
21218
running time: 16ms
memory usage: 417376KB
FIND_INSIDE -1416141 333689 -1308983 760987
4988
running time: 16ms
memory usage: 417376KB
FIND_INSIDE -1497522 730948 647211 1233456
60716
running time: 20ms
memory usage: 417376KB
FIND_INSIDE -629028 701301 1136669 1790428
87824
running time: 16ms
memory usage: 417376KB
FIND_INSIDE 111877 -102488 419485 737861
13909
running time: 16ms
memory usage: 417376KB
FIND_INSIDE -214242 -887868 1147961 -578034
32490
running time: 12ms
memory usage: 417376KB
FIND_INSIDE -1276250 231985 -974799 1287353
16242
running time: 12ms
memory usage: 417376KB
FIND_INSIDE -260153 -1892999 940232 -384436
121860
running time: 16ms
memory usage: 417376KB
FIND_INSIDE 149773 -451738 476414 1986904
40456
running time: 12ms
memory usage: 417376KB
FIND_INSIDE 23702 569312 461394 817664
7278
running time: 16ms
memory usage: 417376KB
FIND_INSIDE 701460 -1685083 1995920 997187
126913
running time: 12ms
memory usage: 417376KB
FIND_INSIDE -405473 -1904921 879092 1824119
282827
running time: 16ms
memory usage: 417376KB
FIND_INSIDE 637382 1429802 959770 1594822
2782
running time: 16ms
memory usage: 417376KB
FIND_INSIDE -373648 -1311922 848229 -326657
85389
running time: 12ms
memory usage: 417376KB
FIND_INSIDE 605746 -359841 824166 -120332
4334
running time: 12ms
memory usage: 417376KB
FIND_INSIDE -912984 -1798493 653866 670764
179442
running time: 16ms
memory usage: 417376KB
FIND_INSIDE 240415 -229812 811533 488382
28960
running time: 16ms
memory usage: 417376KB
FIND_INSIDE -1319073 -471587 537293 1904152
200114
running time: 12ms
memory usage: 417376KB
FIND_INSIDE -1128139 -1975806 -343674 -753582
11480
running time: 16ms
memory usage: 417376KB
FIND_INSIDE -1475750 -1995888 690516 -1671060
19868
running time: 16ms
memory usage: 417376KB
FIND_INSIDE -332201 -740360 608148 177811
56426
running time: 16ms
memory usage: 417376KB
FIND_INSIDE -83048 -283151 907328 438589
49061
running time: 12ms
memory usage: 417376KB
FIND_INSIDE -1224392 763102 967970 1963620
112774
running time: 16ms
memory usage: 417376KB
FIND_INSIDE -1385285 68661 -636531 1010874
41612
running time: 12ms
memory usage: 417376KB
FIND_INSIDE 185285 638140 545895 1235206
12099
running time: 16ms
memory usage: 417376KB
FIND_INSIDE -452905 -666185 675205 1020774
114054
running time: 16ms
memory usage: 417376KB
FIND_INSIDE -135350 -288421 874665 1134770
95618
running time: 12ms
memory usage: 417376KB
FIND_INSIDE -997607 790048 -327925 1555031
18225
running time: 16ms
memory usage: 417376KB
FIND_INSIDE -863492 -101710 199404 -35992
3240
running time: 12ms
memory usage: 417376KB
FIND_INSIDE -1719043 -1879775 -229145 1615649
174083
running time: 16ms
memory usage: 417376KB
FIND_INSIDE 401700 1708191 422221 1954966
355
running time: 16ms
memory usage: 417376KB
FIND_INSIDE -591429 -1514865 499127 472392
116914
running time: 12ms
memory usage: 417376KB
FIND_INSIDE -1930794 -1577359 558702 68314
145449
running time: 16ms
memory usage: 417376KB
FIND_INSIDE -1464027 -1156454 780828 986089
258579
running time: 12ms
memory usage: 417376KB
FIND_INSIDE -8472 -1321839 1535103 -1213093
9256
running time: 16ms
memory usage: 417376KB
FIND_INSIDE -1301458 -1971897 -496475 961780
72341
running time: 16ms
memory usage: 417376KB
FIND_INSIDE 1118504 532571 1922354 696001
1857
running time: 16ms
memory usage: 417376KB
FIND_INSIDE 306629 -557504 886101 940584
63421
running time: 12ms
memory usage: 417376KB
FIND_INSIDE -1358602 -1667150 1383537 306279
256665
running time: 16ms
memory usage: 417376KB
FIND_INSIDE 804446 -183270 838425 304259
1285
running time: 16ms
memory usage: 417376KB
FIND_INSIDE 240163 820219 457152 1156870
3612
running time: 12ms
memory usage: 417376KB
FIND_INSIDE -1263213 -364294 914659 1074127
178572
running time: 16ms
memory usage: 417376KB
FIND_INSIDE 20053 -715364 1358006 -150734
45711
running time: 12ms
memory usage: 417376KB
FIND_INSIDE -40740 685065 251527 892573
4112
running time: 16ms
memory usage: 417376KB
FIND_INSIDE -752907 -1017230 -40580 1030980
69221
running time: 12ms
memory usage: 417376KB
FIND_INSIDE -1932727 -1578705 508660 674775
210173
running time: 16ms
memory usage: 417376KB
FIND_INSIDE 41667 1373696 951487 1467036
3244
running time: 16ms
memory usage: 417376KB
FIND_INSIDE 776584 -321756 874323 997078
10732
running time: 16ms
memory usage: 417376KB
FIND_INSIDE -199036 -1468383 107346 1729664
54802
running time: 12ms
memory usage: 417376KB
FIND_INSIDE 209031 -544043 346931 296530
5355
running time: 16ms
memory usage: 417376KB
FIND_INSIDE 952521 -1544237 1073912 -208139
11338
running time: 16ms
memory usage: 417376KB
FIND_INSIDE 538373 -451009 971332 1863578
73753
running time: 12ms
memory usage: 417376KB
FIND_INSIDE -597948 -1709530 -235435 762829
34775
running time: 12ms
memory usage: 417376KB
FIND_INSIDE -747228 874583 -485649 1232615
4526
running time: 16ms
memory usage: 417376KB
FIND_INSIDE -386251 -1397315 -262635 -1074769
2181
running time: 12ms
memory usage: 417376KB
FIND_INSIDE 801968 -1155251 957906 -147381
15538
running time: 16ms
memory usage: 417376KB
FIND_INSIDE -1223204 -1963848 927452 1910352
398458
running time: 12ms
memory usage: 417376KB
FIND_INSIDE -1121432 -375016 431197 1112750
114566
running time: 16ms
memory usage: 417376KB
FIND_INSIDE -551848 257108 1924900 605673
41067
running time: 16ms
memory usage: 417376KB
FIND_INSIDE 11166 -1571147 218057 367650
23994
running time: 16ms
memory usage: 417376KB
FIND_INSIDE 15072 -1122131 1908419 456550
143208
running time: 12ms
memory usage: 417376KB
FIND_INSIDE -1823795 157969 -444253 913823
53714
running time: 16ms
memory usage: 417376KB
FIND_INSIDE 62547 -1032307 1809652 719832
146263
running time: 12ms
memory usage: 417376KB
FIND_INSIDE -1220672 -493290 -1144184 1708860
9364
running time: 16ms
memory usage: 417376KB
FIND_INSIDE -466644 -204676 964926 556936
72216
running time: 12ms
memory usage: 417376KB
FIND_INSIDE -486435 1707319 492205 1899860
10151
running time: 16ms
memory usage: 417376KB
FIND_INSIDE 451756 -625728 810169 1220040
51303
running time: 16ms
memory usage: 417376KB
FIND_INSIDE -169754 -1930241 -51211 -1700462
2027
running time: 12ms
memory usage: 417376KB
FIND_INSIDE -1017829 -1465150 311140 1216718
162275
running time: 16ms
memory usage: 417376KB
FIND_INTERACT 894982 -1145348 912862 -540227
1220
running time: 16ms
memory usage: 417376KB
FIND_INTERACT -248702 -1391876 -43320 322793
23942
running time: 16ms
memory usage: 417376KB
FIND_INTERACT -1146230 -505664 -137417 -188474
10675
running time: 20ms
memory usage: 417888KB
FIND_INTERACT -1219636 -606147 694652 290193
85964
running time: 20ms
memory usage: 417888KB
FIND_INTERACT -262596 -795729 510402 1813588
106510
running time: 16ms
memory usage: 419424KB
FIND_INTERACT -357335 -1096327 1375424 -823504
31378
running time: 16ms
memory usage: 419424KB
FIND_INTERACT -1185743 -1073652 -637546 523773
26607
running time: 20ms
memory usage: 419424KB
FIND_INTERACT -1111470 -772253 642485 961603
157018
running time: 20ms
memory usage: 419424KB
FIND_INTERACT 391196 -644646 898697 -107969
22339
running time: 24ms
memory usage: 421472KB
FIND_INTERACT -577701 -344695 -344906 516780
9311
running time: 20ms
memory usage: 421472KB
FIND_INTERACT 216515 -91338 921962 1023126
56637
running time: 20ms
memory usage: 421472KB
FIND_INTERACT -1252575 883321 -210588 1088646
12450
running time: 20ms
memory usage: 421472KB
FIND_INTERACT -669198 -180039 888904 659264
82473
running time: 16ms
memory usage: 421472KB
FIND_INTERACT 873972 -1310533 1510509 133687
37122
running time: 20ms
memory usage: 421472KB
FIND_INTERACT -1373722 249477 -1306883 1146719
6497
running time: 20ms
memory usage: 421472KB
FIND_INTERACT -1125484 128490 852424 1925033
164910
running time: 20ms
memory usage: 421472KB
FIND_INTERACT -873563 1313194 -750704 1521632
404
running time: 20ms
memory usage: 421472KB
FIND_INTERACT 144164 -856477 888049 284367
62393
running time: 20ms
memory usage: 421472KB
FIND_INTERACT -1255607 -764541 -1135647 -666100
697
running time: 20ms
memory usage: 421472KB
FIND_INTERACT -510944 -800746 290094 783828
72721
running time: 20ms
memory usage: 421472KB
FIND_INTERACT -1726150 272171 511043 827781
68298
running time: 20ms
memory usage: 421472KB
FIND_INTERACT -536862 230479 794294 297514
5260
running time: 24ms
memory usage: 421472KB
FIND_INTERACT 311727 153587 1161067 1859708
83153
running time: 20ms
memory usage: 421472KB
FIND_INTERACT -110759 86523 329512 1203529
29324
running time: 20ms
memory usage: 421472KB
FIND_INTERACT 712674 -726646 1009856 256153
27356
running time: 16ms
memory usage: 421472KB
FIND_INTERACT -196319 -860817 567691 111112
47752
running time: 20ms
memory usage: 421472KB
FIND_INTERACT -693562 -1928278 143927 861919
108789
running time: 20ms
memory usage: 421472KB
FIND_INTERACT -86278 -770844 868223 -584479
14053
running time: 20ms
memory usage: 421472KB
FIND_INTERACT -431284 544635 265188 1632344
30374
running time: 24ms
memory usage: 421472KB
FIND_INTERACT -897476 -1156212 641794 1513472
203057
running time: 20ms
memory usage: 421472KB
FIND_INTERACT 675925 -1360985 1071069 149909
52754
running time: 20ms
memory usage: 421472KB
FIND_INTERACT -968059 -844226 -188438 1435010
68965
running time: 20ms
memory usage: 421472KB
FIND_INTERACT -1970393 220371 -1480960 398733
1687
running time: 20ms
memory usage: 421472KB
FIND_INTERACT -116871 -1165039 103941 135770
21601
running time: 20ms
memory usage: 421472KB
FIND_INTERACT -1196070 -1044223 514538 -325247
56768
running time: 16ms
memory usage: 421472KB
FIND_INTERACT -1398430 -278100 -43529 359120
38735
running time: 20ms
memory usage: 421472KB
FIND_INTERACT -101250 -748884 231715 1837878
45778
running time: 20ms
memory usage: 421472KB
FIND_INTERACT -625657 -659277 1149612 1078042
191840
running time: 20ms
memory usage: 421472KB
FIND_INTERACT -248267 -1991574 891385 1872403
268165
running time: 20ms
memory usage: 421472KB
FIND_INTERACT 157633 937281 263606 1045851
832
running time: 24ms
memory usage: 425564KB
FIND_INTERACT -1246333 -1966956 1609685 -812731
130127
running time: 16ms
memory usage: 425564KB
FIND_INTERACT 999252 -1023971 1034262 -670403
940
running time: 20ms
memory usage: 425564KB
FIND_INTERACT -176612 -645646 1007777 791439
120218
running time: 20ms
memory usage: 425564KB
FIND_INTERACT -1342897 -1237800 92283 100444
76836
running time: 20ms
memory usage: 425564KB
FIND_INTERACT -104449 -328597 1891045 96644
40110
running time: 20ms
memory usage: 425564KB
FIND_INTERACT -1270342 -736680 -893931 860773
27462
running time: 20ms
memory usage: 425564KB
FIND_INTERACT 395769 -1491364 786101 -1450900
1158
running time: 16ms
memory usage: 425564KB
FIND_INTERACT 316793 -1071676 777157 820686
63653
running time: 20ms
memory usage: 425564KB
FIND_INTERACT -1201054 649751 1958908 1654567
112563
running time: 16ms
memory usage: 425564KB
FIND_INTERACT 243059 816262 731210 1841750
27095
running time: 20ms
memory usage: 425564KB
FIND_INTERACT -1443508 -1938137 866773 -1598901
26468
running time: 20ms
memory usage: 425564KB
FIND_INTERACT 589645 -421033 1181240 274213
31070
running time: 20ms
memory usage: 425564KB
FIND_INTERACT 873959 -1065203 1444771 -829369
7019
running time: 16ms
memory usage: 425564KB
FIND_INTERACT 321395 -550469 659221 21589
12029
running time: 20ms
memory usage: 425564KB
FIND_INTERACT 812694 -1571799 899543 -1137336
3179
running time: 20ms
memory usage: 425564KB
FIND_INTERACT -243618 -778630 1016080 -229991
52673
running time: 16ms
memory usage: 425564KB
FIND_INTERACT -1457116 -384543 492013 366303
66481
running time: 20ms
memory usage: 425564KB
FIND_INTERACT -674156 359885 750224 1169521
65499
running time: 24ms
memory usage: 425564KB
FIND_INTERACT 176809 -1826936 1513709 -551030
91739
running time: 16ms
memory usage: 425564KB
FIND_INTERACT 510851 -1292938 1436347 1385269
135458
running time: 20ms
memory usage: 425564KB
FIND_INTERACT -560460 124961 801748 479883
29349
running time: 24ms
memory usage: 425564KB
FIND_INTERACT -1642717 515784 -892065 1112693
26277
running time: 20ms
memory usage: 425564KB
FIND_INTERACT -1614618 1004545 -587844 1213860
10148
running time: 20ms
memory usage: 425564KB
FIND_INTERACT -1801619 332955 879994 955289
96319
running time: 16ms
memory usage: 425564KB
FIND_INTERACT -540757 -34916 538251 481426
31788
running time: 24ms
memory usage: 425564KB
FIND_INTERACT 679635 761277 1023626 851151
2706
running time: 16ms
memory usage: 425564KB
FIND_INTERACT -1176605 -50783 1832605 926645
140582
running time: 20ms
memory usage: 425564KB
FIND_INTERACT -307972 -1202355 909053 -947083
21618
running time: 24ms
memory usage: 425564KB
FIND_INTERACT -1473411 44952 554474 798266
86784
running time: 20ms
memory usage: 425564KB
FIND_INTERACT 187958 498725 596972 615351
3260
running time: 20ms
memory usage: 425564KB
FIND_INTERACT -1661248 -974069 181918 1861623
216741
running time: 20ms
memory usage: 425564KB
FIND_INTERACT 1180589 -915711 1733874 -154581
4226
running time: 20ms
memory usage: 425564KB
FIND_INTERACT 874351 294291 882355 589644
223
running time: 20ms
memory usage: 425564KB
FIND_INTERACT -248222 -923771 523292 -214624
34643
running time: 20ms
memory usage: 425564KB
FIND_INTERACT 138434 551924 892465 1635356
48572
running time: 20ms
memory usage: 425564KB
FIND_INTERACT -1711986 285997 789779 1732129
169208
running time: 20ms
memory usage: 425564KB
FIND_INTERACT 325081 -618102 826092 774235
51827
running time: 20ms
memory usage: 425564KB
FIND_INTERACT -1385420 -1481067 367242 193908
120476
running time: 16ms
memory usage: 425564KB
FIND_INTERACT -8962 -831278 1930465 609760
132591
running time: 20ms
memory usage: 425564KB
FIND_INTERACT 665648 -662249 891485 1887309
44978
running time: 20ms
memory usage: 425564KB
FIND_INTERACT -1021057 793049 590541 813298
1877
running time: 20ms
memory usage: 425564KB
FIND_INTERACT 823161 -967913 928077 113688
11363
running time: 20ms
memory usage: 425564KB
FIND_INTERACT -1476319 -1350312 1335626 -152550
163266
running time: 20ms
memory usage: 425564KB
FIND_INTERACT -1343526 721330 412821 725970
531
running time: 20ms
memory usage: 425564KB
FIND_INTERACT -1330085 -1508870 -1214662 -318515
4403
running time: 20ms
memory usage: 425564KB
FIND_INTERACT -1476343 -1299373 1307520 34805
183330
running time: 16ms
memory usage: 425564KB
FIND_INTERACT 605290 91336 812307 271523
3768
running time: 20ms
memory usage: 425564KB
FIND_INTERACT 230111 -1924382 1428492 1016556
191513
running time: 20ms
memory usage: 425564KB
FIND_INTERACT -1370704 -1246817 -1089259 -428494
8749
running time: 20ms
memory usage: 425564KB
FIND_INTERACT -83776 -741576 547792 -666975
3246
running time: 20ms
memory usage: 425564KB
FIND_INTERACT -383647 -987021 914296 -422503
55821
running time: 16ms
memory usage: 425564KB
FIND_INTERACT -166909 -1079210 259219 -438578
19727
running time: 20ms
memory usage: 425564KB
FIND_INTERACT 640926 -1807707 691498 267896
9874
running time: 16ms
memory usage: 425564KB
FIND_INTERACT -1854833 252306 318140 1700841
131301
running time: 20ms
memory usage: 425564KB
FIND_INTERACT 990810 171107 1891738 1121479
14238
running time: 20ms
memory usage: 425564KB
FIND_INTERACT -1360482 -862567 695652 320251
120434
running time: 20ms
memory usage: 425564KB
FIND_INTERACT -12067 -223014 974374 -124843
6273
running time: 24ms
memory usage: 425564KB
FIND_INTERACT 444834 -1200738 1002461 471640
80749
running time: 20ms
memory usage: 425564KB
FIND_INTERACT 377442 -1863303 538103 1431130
28620
running time: 20ms
memory usage: 425564KB
FIND_INTERACT -1440894 -1351565 -217878 38992
50188
running time: 20ms
memory usage: 425564KB
FIND_NO_OVERLAP -262828 94503 1891111 1943407
117183
running time: 24ms
memory usage: 425564KB
FIND_NO_OVERLAP -1043954 -1560763 -208118 316024
35374
running time: 5920ms
memory usage: 459000KB
FIND_NO_OVERLAP 99806 134616 737699 249903
3748
running time: 1120ms
memory usage: 465732KB
FIND_NO_OVERLAP -175205 -866616 1037470 -315462
40046
running time: 80ms
memory usage: 466128KB
FIND_NO_OVERLAP -1335539 699090 -1265482 900820
1155
running time: 1344ms
memory usage: 481660KB
FIND_NO_OVERLAP -185708 -379754 105068 1747984
23730
running time: 44ms
memory usage: 481660KB
FIND_NO_OVERLAP -422333 -1958824 12515 -271204
33313
running time: 1264ms
memory usage: 489780KB
FIND_NO_OVERLAP 16766 -608125 1006201 -536737
4312
running time: 1340ms
memory usage: 500372KB
FIND_NO_OVERLAP -1173177 -1815154 803747 -1025386
45580
running time: 96ms
memory usage: 501164KB
FIND_NO_OVERLAP 886659 -764807 1061546 1803788
23971
running time: 1396ms
memory usage: 516572KB
FIND_NO_OVERLAP -588793 227441 503500 720823
21949
running time: 1668ms
memory usage: 524064KB
FIND_NO_OVERLAP -234035 -1731897 846313 628986
130697
running time: 620ms
memory usage: 531560KB
FIND_NO_OVERLAP -407226 -1691864 25062 1692266
61641
running time: 10320ms
memory usage: 580804KB
FIND_NO_OVERLAP -625458 -1007954 578113 914424
99996
running time: 4316ms
memory usage: 598756KB
FIND_NO_OVERLAP -1163592 -1481215 -99775 -795860
14513
running time: 5868ms
memory usage: 633764KB
FIND_NO_OVERLAP -1410827 -381298 -246889 1144589
70472
running time: 308ms
memory usage: 635348KB
FIND_NO_OVERLAP 864102 -335064 962870 1865690
13207
running time: 2620ms
memory usage: 658700KB
FIND_NO_OVERLAP -2727 -1899850 1096094 -1104483
38465
running time: 872ms
memory usage: 661472KB
FIND_NO_OVERLAP -1442133 -237195 -1095293 79910
2935
running time: 1248ms
memory usage: 674568KB
FIND_NO_OVERLAP -1282968 -1488972 -128792 -261189
33290
running time: 60ms
memory usage: 674568KB
FIND_NO_OVERLAP -1649128 -1471833 947099 711346
224910
running time: 884ms
memory usage: 684816KB
FIND_NO_OVERLAP -1116108 -499678 -215252 77976
14806
running time: 13924ms
memory usage: 766156KB
FIND_NO_OVERLAP -193500 -825006 212104 1865230
45383
running time: 284ms
memory usage: 766156KB
FIND_NO_OVERLAP 42818 -387486 118857 682936
4127
running time: 3080ms
memory usage: 778576KB
FIND_NO_OVERLAP 849868 -1737456 937703 -1142220
3477
running time: 192ms
memory usage: 778576KB
FIND_NO_OVERLAP -1077096 -509498 354823 1193761
94873
running time: 112ms
memory usage: 779672KB
FIND_NO_OVERLAP -20149 -1501476 1980485 1073123
185040
running time: 4348ms
memory usage: 813152KB
FIND_NO_OVERLAP 764322 1855049 1848961 1987851
1995
running time: 14716ms
memory usage: 878364KB
FIND_NO_OVERLAP -277195 -858516 937196 1563801
143595
running time: 40ms
memory usage: 878364KB
FIND_NO_OVERLAP -119122 -1650758 632503 -121025
53815
running time: 10960ms
memory usage: 927040KB
FIND_NO_OVERLAP -1312910 -620027 385848 193423
49771
running time: 3168ms
memory usage: 943496KB
FIND_NO_OVERLAP 707278 -763971 812549 780495
11394
running time: 1488ms
memory usage: 958408KB
FIND_NO_OVERLAP -81071 -695292 764086 537102
52710
running time: 756ms
memory usage: 961444KB
FIND_NO_OVERLAP -609772 -715268 944411 1132522
140046
running time: 2704ms
memory usage: 981976KB
FIND_NO_OVERLAP -1292012 -1594242 797097 1258519
235504
running time: 8648ms
memory usage: 1033044KB
FIND_NO_OVERLAP -898349 -1751072 251544 1207974
121739
running time: 17753ms
memory usage: 1114784KB
FIND_NO_OVERLAP 144239 -475761 256326 1374859
8884
running time: 7944ms
memory usage: 1149264KB
FIND_NO_OVERLAP -1197224 -731574 -199359 30356
21829
running time: 492ms
memory usage: 1149264KB
FIND_NO_OVERLAP -655874 -575638 -262518 -565856
144
running time: 460ms
memory usage: 1154636KB
FIND_NO_OVERLAP -1636089 -419 166204 633278
47773
running time: 20ms
memory usage: 1154636KB
FIND_NO_OVERLAP -1538431 -1507388 -1417777 -19155
4302
running time: 1252ms
memory usage: 1171108KB
FIND_NO_OVERLAP 702223 -569208 938688 -145496
7206
running time: 112ms
memory usage: 1171108KB
FIND_NO_OVERLAP -321441 -490562 39927 -19780
9604
running time: 212ms
memory usage: 1173592KB
FIND_NO_OVERLAP 679013 -251801 808985 428240
6547
running time: 252ms
memory usage: 1176784KB
FIND_NO_OVERLAP -599210 -363333 -307651 715873
11797
running time: 256ms
memory usage: 1179084KB
FIND_NO_OVERLAP 31159 -1380155 1610613 759727
138939
running time: 372ms
memory usage: 1182996KB
FIND_NO_OVERLAP -88695 -355526 1023064 60980
24613
running time: 9684ms
memory usage: 1233832KB
FIND_NO_OVERLAP -484910 -945651 1336272 -52326
79809
running time: 640ms
memory usage: 1239112KB
FIND_NO_OVERLAP 464701 -140978 794429 1730780
32708
running time: 2988ms
memory usage: 1267664KB
FIND_NO_OVERLAP -920694 39005 229640 1773463
69784
running time: 2108ms
memory usage: 1278216KB
FIND_NO_OVERLAP 148701 -496459 683565 386828
21967
running time: 2796ms
memory usage: 1301352KB
FIND_NO_OVERLAP -887761 -1955003 1363807 485522
207197
running time: 848ms
memory usage: 1307844KB
FIND_NO_OVERLAP -1793817 316741 138641 1231188
71199
running time: 13936ms
memory usage: 1383032KB
FIND_NO_OVERLAP -350498 -906802 184382 -569391
9889
running time: 2444ms
memory usage: 1400192KB
FIND_NO_OVERLAP 214233 -920575 1568244 1419063
118475
running time: 240ms
memory usage: 1401644KB
FIND_NO_OVERLAP -1828958 602204 510473 1086032
48682
running time: 8992ms
memory usage: 1445932KB
FIND_NO_OVERLAP -420798 -1371113 -113293 -694089
9891
running time: 1292ms
memory usage: 1459788KB
FIND_NO_OVERLAP 52803 282487 529672 1567701
26178
running time: 244ms
memory usage: 1461504KB
FIND_NO_OVERLAP -1308692 635723 328761 947705
23869
running time: 1088ms
memory usage: 1471048KB
FIND_NO_OVERLAP -164820 -1511583 760411 -574962
45421
running time: 564ms
memory usage: 1479028KB
FIND_NO_OVERLAP -576229 -362939 1086428 649508
82027
running time: 1988ms
memory usage: 1495720KB
FIND_NO_OVERLAP -1237143 -983392 269740 985522
114784
running time: 3308ms
memory usage: 1524040KB
FIND_NO_OVERLAP -3559 -592703 -2291 96383
126
running time: 5552ms
memory usage: 1562404KB
FIND_NO_OVERLAP -1924560 -226309 -571852 1988245
79886
running time: 28ms
memory usage: 1562404KB
FIND_NO_OVERLAP 990366 -1916080 1574448 27847
26002
running time: 3252ms
memory usage: 1583540KB
FIND_NO_OVERLAP 163315 -441930 1446217 1182217
83715
running time: 736ms
memory usage: 1589040KB
FIND_NO_OVERLAP -273822 -26601 -32168 1961785
16665
running time: 4668ms
memory usage: 1618892KB
FIND_NO_OVERLAP -847593 427964 740362 1200763
54712
running time: 736ms
memory usage: 1622852KB
FIND_NO_OVERLAP 736671 -1439558 792701 639088
8388
running time: 1912ms
memory usage: 1643552KB
FIND_NO_OVERLAP 668798 -1451551 675712 -362624
628
running time: 680ms
memory usage: 1644872KB
FIND_NO_OVERLAP 1763421 -1626038 1923633 312792
3533
running time: 48ms
memory usage: 1644872KB
FIND_NO_OVERLAP 421152 -866528 1355025 962956
79994
running time: 96ms
memory usage: 1645960KB
FIND_NO_OVERLAP -692708 -549001 -493445 362928
3904
running time: 5148ms
memory usage: 1675560KB
FIND_NO_OVERLAP -1534188 67104 509630 139067
6483
running time: 84ms
memory usage: 1675560KB
FIND_NO_OVERLAP 77282 -1041896 1948227 1923954
175274
running time: 104ms
memory usage: 1676748KB
FIND_NO_OVERLAP -1259488 294121 803696 1154414
79780
running time: 14476ms
memory usage: 1738420KB
FIND_NO_OVERLAP -779052 600720 1043082 1486160
63706
running time: 2768ms
memory usage: 1763428KB
FIND_NO_OVERLAP 286957 -1102505 1001114 77510
50903
running time: 2092ms
memory usage: 1784808KB
FIND_NO_OVERLAP -804535 75935 784246 213503
10045
running time: 2684ms
memory usage: 1803736KB
FIND_NO_OVERLAP 74689 -156432 766380 533435
24699
running time: 200ms
memory usage: 1805188KB
FIND_NO_OVERLAP -1448967 -1690537 1823812 1770486
375291
running time: 896ms
memory usage: 1814268KB
FIND_NO_OVERLAP 694789 -1742405 971354 68455
35579
running time: 31017ms
memory usage: 1944888KB
FIND_NO_OVERLAP -1292679 -1718878 1105401 256911
185726
running time: 2384ms
memory usage: 1946464KB
FIND_NO_OVERLAP 157797 -1772521 674822 873240
61668
running time: 10608ms
memory usage: 2011720KB
FIND_NO_OVERLAP 315236 -57813 968964 1837082
62982
running time: 5644ms
memory usage: 2029936KB
FIND_NO_OVERLAP -936102 -705270 -393527 232520
8602
running time: 3928ms
memory usage: 2051448KB
FIND_NO_OVERLAP -1190524 -404250 -186255 884748
46259
running time: 152ms
memory usage: 2051844KB
FIND_NO_OVERLAP -165599 -469190 -131037 30374
1002
running time: 1388ms
memory usage: 2066548KB
FIND_NO_OVERLAP 376595 -1150039 719634 1263801
44965
running time: 40ms
memory usage: 2066548KB
FIND_NO_OVERLAP -904475 1465479 99480 1504734
951
running time: 4072ms
memory usage: 2084388KB
FIND_NO_OVERLAP 664454 -1770216 949550 1370569
59211
running time: 28ms
memory usage: 2084388KB
FIND_NO_OVERLAP -442653 389658 811135 1041142
37038
running time: 6620ms
memory usage: 2106288KB
FIND_NO_OVERLAP -842364 -1785246 692564 955687
164786
running time: 1304ms
memory usage: 2119000KB
FIND_NO_OVERLAP 82067 -24980 377985 1835270
21620
running time: 12528ms
memory usage: 2177660KB
FIND_NO_OVERLAP 793622 207708 961471 453981
2569
running time: 1096ms
memory usage: 2180828KB
FIND_NO_OVERLAP -1333807 -1717426 943250 893224
241660
running time: 76ms
memory usage: 2181224KB
FIND_NO_OVERLAP -268597 73148 153260 936874
16015
running time: 17633ms
memory usage: 2269636KB
FIND_NO_OVERLAP -1767449 -952404 1428832 -868897
10564
running time: 588ms
memory usage: 2269636KB
FIND_NO_OVERLAP -1112546 -1491945 -283709 -912236
5946
running time: 168ms
memory usage: 2270824KB
FIND_NO_OVERLAP -83677 -1553736 747003 1926836
133369
running time: 108ms
memory usage: 2272192KB
FIND_AREA_LESS_THAN 120752
59054
running time: 14684ms
memory usage: 2322384KB
FIND_AREA_LESS_THAN 598774
337434
running time: 16ms
memory usage: 2322384KB
FIND_AREA_LESS_THAN 411619
203898
running time: 8ms
memory usage: 2322384KB
FIND_AREA_LESS_THAN 539654
305136
running time: 12ms
memory usage: 2322384KB
FIND_AREA_LESS_THAN 565652
321738
running time: 12ms
memory usage: 2322384KB
FIND_AREA_LESS_THAN 358457
158738
running time: 12ms
memory usage: 2322384KB
FIND_AREA_LESS_THAN 446110
239690
running time: 8ms
memory usage: 2322384KB
FIND_AREA_LESS_THAN 665704
377814
running time: 12ms
memory usage: 2322384KB
FIND_AREA_LESS_THAN 432093
231232
running time: 12ms
memory usage: 2322384KB
FIND_AREA_LESS_THAN 518952
291244
running time: 12ms
memory usage: 2322384KB
FIND_AREA_LESS_THAN 602750
346018
running time: 8ms
memory usage: 2322384KB
FIND_AREA_LESS_THAN 447899
240699
running time: 8ms
memory usage: 2322384KB
FIND_AREA_LESS_THAN 548036
309802
running time: 8ms
memory usage: 2322384KB
FIND_AREA_LESS_THAN 610827
349755
running time: 8ms
memory usage: 2322384KB
FIND_AREA_LESS_THAN 1.81717e+06
540647
running time: 8ms
memory usage: 2322384KB
FIND_AREA_LESS_THAN 3.45262e+06
569423
running time: 4ms
memory usage: 2322384KB
FIND_AREA_LESS_THAN 495178
278020
running time: 8ms
memory usage: 2322384KB
FIND_AREA_LESS_THAN 472875
259086
running time: 8ms
memory usage: 2322384KB
FIND_AREA_LESS_THAN 214062
87589
running time: 8ms
memory usage: 2322384KB
FIND_AREA_LESS_THAN 468387
253346
running time: 8ms
memory usage: 2322384KB
FIND_AREA_LESS_THAN 590120
333634
running time: 8ms
memory usage: 2322384KB
FIND_AREA_LESS_THAN 565833
321819
running time: 8ms
memory usage: 2322384KB
FIND_AREA_LESS_THAN 293097
106944
running time: 8ms
memory usage: 2322384KB
FIND_AREA_LESS_THAN 1.03104e+06
473537
running time: 8ms
memory usage: 2322384KB
FIND_AREA_LESS_THAN 198132
83234
running time: 8ms
memory usage: 2322384KB
FIND_AREA_LESS_THAN 480812
263723
running time: 8ms
memory usage: 2322384KB
FIND_AREA_LESS_THAN 1.20526e+06
499950
running time: 8ms
memory usage: 2322384KB
FIND_AREA_LESS_THAN 324162
129963
running time: 4ms
memory usage: 2322384KB
FIND_AREA_LESS_THAN 565774
321792
running time: 8ms
memory usage: 2322384KB
FIND_AREA_LESS_THAN 935928
456529
running time: 8ms
memory usage: 2322384KB
FIND_AREA_LESS_THAN 755623
408990
running time: 8ms
memory usage: 2322384KB
FIND_AREA_LESS_THAN 684327
384289
running time: 8ms
memory usage: 2322384KB
FIND_AREA_LESS_THAN 938296
456936
running time: 8ms
memory usage: 2322384KB
FIND_AREA_LESS_THAN 511921
286826
running time: 8ms
memory usage: 2322384KB
FIND_AREA_LESS_THAN 917088
452932
running time: 8ms
memory usage: 2322384KB
FIND_AREA_LESS_THAN 1.65675e+06
533138
running time: 8ms
memory usage: 2322384KB
FIND_AREA_LESS_THAN 2.10775e+06
550951
running time: 4ms
memory usage: 2322384KB
FIND_AREA_LESS_THAN 814011
426622
running time: 8ms
memory usage: 2322384KB
FIND_AREA_LESS_THAN 939911
457253
running time: 8ms
memory usage: 2322384KB
FIND_AREA_LESS_THAN 690335
386380
running time: 4ms
memory usage: 2322384KB
FIND_AREA_LESS_THAN 461149
249229
running time: 4ms
memory usage: 2322384KB
FIND_AREA_LESS_THAN 703745
391284
running time: 12ms
memory usage: 2322384KB
FIND_AREA_LESS_THAN 1.38844e+06
515946
running time: 8ms
memory usage: 2322384KB
FIND_AREA_LESS_THAN 571575
325771
running time: 4ms
memory usage: 2322384KB
FIND_AREA_LESS_THAN 475535
260328
running time: 8ms
memory usage: 2322384KB
FIND_AREA_LESS_THAN 552831
311935
running time: 12ms
memory usage: 2322384KB
FIND_AREA_LESS_THAN 436552
234077
running time: 8ms
memory usage: 2322384KB
FIND_AREA_LESS_THAN 1.58985e+06
529394
running time: 8ms
memory usage: 2322384KB
FIND_AREA_LESS_THAN 1.24467e+06
504281
running time: 8ms
memory usage: 2322384KB
FIND_AREA_LESS_THAN 53357
31920
running time: 4ms
memory usage: 2322384KB
FIND_AREA_LESS_THAN 1.05941e+06
481629
running time: 8ms
memory usage: 2322384KB
FIND_AREA_LESS_THAN 1.42639e+07
579852
running time: 8ms
memory usage: 2322384KB
FIND_AREA_LESS_THAN 378700
178512
running time: 4ms
memory usage: 2322384KB
FIND_AREA_LESS_THAN 1.62759e+06
531373
running time: 8ms
memory usage: 2322384KB
FIND_AREA_LESS_THAN 745122
403963
running time: 8ms
memory usage: 2322384KB
FIND_AREA_LESS_THAN 380821
181020
running time: 8ms
memory usage: 2322384KB
FIND_AREA_LESS_THAN 399802
195133
running time: 8ms
memory usage: 2322384KB
FIND_AREA_LESS_THAN 1.72564e+06
536365
running time: 8ms
memory usage: 2322384KB
FIND_AREA_LESS_THAN 2.23735e+06
553818
running time: 4ms
memory usage: 2322384KB
FIND_AREA_LESS_THAN 270120
101554
running time: 8ms
memory usage: 2322384KB
FIND_AREA_LESS_THAN 866246
440939
running time: 8ms
memory usage: 2322384KB
FIND_AREA_LESS_THAN 716561
395373
running time: 4ms
memory usage: 2322384KB
FIND_AREA_LESS_THAN 710949
393567
running time: 8ms
memory usage: 2322384KB
FIND_AREA_LESS_THAN 1.12585e+06
490851
running time: 8ms
memory usage: 2322384KB
FIND_AREA_LESS_THAN 602113
345638
running time: 8ms
memory usage: 2322384KB
FIND_AREA_LESS_THAN 916149
452770
running time: 8ms
memory usage: 2322384KB
FIND_AREA_LESS_THAN 348381
151337
running time: 8ms
memory usage: 2322384KB
FIND_AREA_LESS_THAN 1.01338e+06
470990
running time: 8ms
memory usage: 2322384KB
FIND_AREA_LESS_THAN 585998
331678
running time: 4ms
memory usage: 2322384KB
FIND_AREA_LESS_THAN 322659
128947
running time: 12ms
memory usage: 2322384KB
FIND_AREA_LESS_THAN 521094
292397
running time: 4ms
memory usage: 2322384KB
FIND_AREA_LESS_THAN 546819
309174
running time: 12ms
memory usage: 2322384KB
FIND_AREA_LESS_THAN 944960
458097
running time: 8ms
memory usage: 2322384KB
FIND_AREA_LESS_THAN 801815
422926
running time: 8ms
memory usage: 2322384KB
FIND_AREA_LESS_THAN 118672
58319
running time: 8ms
memory usage: 2322384KB
FIND_AREA_LESS_THAN 1.20064e+06
499507
running time: 4ms
memory usage: 2322384KB
FIND_AREA_LESS_THAN 1.10427e+06
488201
running time: 8ms
memory usage: 2322384KB
FIND_AREA_LESS_THAN 364122
164671
running time: 8ms
memory usage: 2322384KB
FIND_AREA_LESS_THAN 559081
318555
running time: 8ms
memory usage: 2322384KB
FIND_AREA_LESS_THAN 355039
156390
running time: 8ms
memory usage: 2322384KB
FIND_AREA_LESS_THAN 1.1408e+06
492884
running time: 8ms
memory usage: 2322384KB
FIND_AREA_LESS_THAN 381249
181377
running time: 4ms
memory usage: 2322384KB
FIND_AREA_LESS_THAN 528592
299813
running time: 8ms
memory usage: 2322384KB
FIND_AREA_LESS_THAN 1.38461e+06
515714
running time: 12ms
memory usage: 2322384KB
FIND_AREA_LESS_THAN 217548
88517
running time: 4ms
memory usage: 2322384KB
FIND_AREA_LESS_THAN 616348
351991
running time: 8ms
memory usage: 2322384KB
FIND_AREA_LESS_THAN 1.22752e+06
502176
running time: 8ms
memory usage: 2322384KB
FIND_AREA_LESS_THAN 636233
361607
running time: 8ms
memory usage: 2322384KB
FIND_AREA_LESS_THAN 2.88753e+06
564717
running time: 8ms
memory usage: 2322384KB
FIND_AREA_LESS_THAN 1.84728e+06
541989
running time: 4ms
memory usage: 2322384KB
FIND_AREA_LESS_THAN 227619
91103
running time: 8ms
memory usage: 2322384KB
FIND_AREA_LESS_THAN 539409
304978
running time: 4ms
memory usage: 2322384KB
FIND_AREA_LESS_THAN 298920
108239
running time: 12ms
memory usage: 2322384KB
FIND_AREA_LESS_THAN 983580
466112
running time: 4ms
memory usage: 2322384KB
FIND_AREA_LESS_THAN 621067
354034
running time: 8ms
memory usage: 2322384KB
FIND_AREA_LESS_THAN 373167
172855
running time: 8ms
memory usage: 2322384KB
FIND_AREA_LESS_THAN 817764
427515
running time: 8ms
memory usage: 2322384KB
FIND_AREA_LESS_THAN 470851
257972
running time: 8ms
memory usage: 2322384KB
FIND_AREA_LESS_THAN 358283
158652
running time: 8ms
memory usage: 2322384KB
FIND_AREA_LESS_THAN 1.36796e+06
514596
running time: 8ms
memory usage: 2322384KB
FIND_DENSITY_INSIDE 1269299 -1224436 1897858 1417070
2.8406%
running time: 8ms
memory usage: 2322384KB
FIND_DENSITY_INSIDE -309043 -704312 675475 962916
4.27937%
running time: 496ms
memory usage: 2322648KB
FIND_DENSITY_INSIDE -1436853 256769 286325 1673224
3.33027%
running time: 7488ms
memory usage: 2351424KB
FIND_DENSITY_INSIDE -1138826 1735046 527225 1895723
3.07072%
running time: 5124ms
memory usage: 2381248KB
FIND_DENSITY_INSIDE -396710 -349988 734858 1693444
3.76881%
running time: 148ms
memory usage: 2382832KB
FIND_DENSITY_INSIDE -734141 244208 438955 727619
3.61377%
running time: 9188ms
memory usage: 2416816KB
FIND_DENSITY_INSIDE 892648 536002 1971383 1448477
1.88314%
running time: 688ms
memory usage: 2424340KB
FIND_DENSITY_INSIDE -1309488 -889240 1296584 749413
4.03038%
running time: 560ms
memory usage: 2428964KB
FIND_DENSITY_INSIDE -1890379 -1962297 -1410314 -1872904
1.80552%
running time: 14252ms
memory usage: 2490036KB
FIND_DENSITY_INSIDE -1305574 -1965851 -355651 1919
2.1818%
running time: 28ms
memory usage: 2490036KB
FIND_DENSITY_INSIDE -1285038 471113 -706406 656823
4.11383%
running time: 1080ms
memory usage: 2497032KB
FIND_DENSITY_INSIDE -274085 1562193 -91404 1712978
2.38361%
running time: 88ms
memory usage: 2498220KB
FIND_DENSITY_INSIDE -373533 -777244 1111761 -70201
4.85302%
running time: 24ms
memory usage: 2498352KB
FIND_DENSITY_INSIDE -986370 845304 121371 1146942
3.72854%
running time: 2384ms
memory usage: 2519468KB
FIND_DENSITY_INSIDE 30936 -339511 1824119 230242
5.34524%
running time: 292ms
memory usage: 2523296KB
FIND_DENSITY_INSIDE 611881 -747599 779472 633194
5.876%
running time: 1108ms
memory usage: 2535424KB
FIND_DENSITY_INSIDE -347628 1720059 260208 1972946
3.47945%
running time: 1516ms
memory usage: 2541616KB
FIND_DENSITY_INSIDE -237211 -1301129 505424 -1072624
4.33957%
running time: 100ms
memory usage: 2543068KB
FIND_DENSITY_INSIDE -1482183 -520787 797270 679617
4.08998%
running time: 160ms
memory usage: 2545708KB
FIND_DENSITY_INSIDE -1487707 -1880900 213063 893970
3.45662%
running time: 6348ms
memory usage: 2585928KB
FIND_DENSITY_INSIDE -361698 836506 263265 1072076
4.09305%
running time: 15688ms
memory usage: 2636244KB
FIND_DENSITY_INSIDE -1245291 -596372 704528 546665
3.657%
running time: 156ms
memory usage: 2636772KB
FIND_DENSITY_INSIDE 487340 -292212 1004278 426145
5.5046%
running time: 4524ms
memory usage: 2666820KB
FIND_DENSITY_INSIDE 588735 101102 721130 1268757
5.32959%
running time: 1036ms
memory usage: 2674476KB
FIND_DENSITY_INSIDE 1148700 366668 1959150 467139
1.53719%
running time: 768ms
memory usage: 2677908KB
FIND_DENSITY_INSIDE -160731 -502451 855459 -282385
4.52113%
running time: 32ms
memory usage: 2678172KB
FIND_DENSITY_INSIDE -1518622 -166591 441471 -137211
4.35178%
running time: 248ms
memory usage: 2682552KB
FIND_DENSITY_INSIDE -7899 -1006359 402273 -62386
4.30689%
running time: 28ms
memory usage: 2682948KB
FIND_DENSITY_INSIDE -1248197 -497232 53788 1216815
3.35703%
running time: 1076ms
memory usage: 2689288KB
FIND_DENSITY_INSIDE -818695 -1054102 -55369 -839321
2.59428%
running time: 5196ms
memory usage: 2716716KB
FIND_DENSITY_INSIDE -394771 703088 253944 1566013
2.79223%
running time: 76ms
memory usage: 2717112KB
FIND_DENSITY_INSIDE -560058 676786 1757032 2004818
2.84828%
running time: 552ms
memory usage: 2723176KB
FIND_DENSITY_INSIDE -1999361 -883703 809857 700478
3.92298%
running time: 4584ms
memory usage: 2750456KB
FIND_DENSITY_INSIDE -371473 -1078818 958551 174033
5.02371%
running time: 11320ms
memory usage: 2803796KB
FIND_DENSITY_INSIDE -269954 -857037 151660 -222434
5.02895%
running time: 7032ms
memory usage: 2835476KB
FIND_DENSITY_INSIDE 315775 -655883 851427 -643415
5.81386%
running time: 540ms
memory usage: 2839568KB
FIND_DENSITY_INSIDE 288348 -1946279 1033262 530598
4.86783%
running time: 20ms
memory usage: 2839568KB
FIND_DENSITY_INSIDE -1185088 -1846537 -93351 739560
2.56922%
running time: 16061ms
memory usage: 2877652KB
FIND_DENSITY_INSIDE -67164 -1381604 42269 459624
5.34241%
running time: 5112ms
memory usage: 2900092KB
FIND_DENSITY_INSIDE -1273945 757317 -193045 1187107
3.48075%
running time: 1124ms
memory usage: 2902864KB
FIND_DENSITY_INSIDE 747430 -1327703 1009192 -436960
6.07241%
running time: 428ms
memory usage: 2908864KB
FIND_DENSITY_INSIDE -190797 -329065 47575 1065040
4.09785%
running time: 1028ms
memory usage: 2914980KB
FIND_DENSITY_INSIDE -1322511 559043 105826 1285698
3.41723%
running time: 1244ms
memory usage: 2920520KB
FIND_DENSITY_INSIDE -731570 -1140396 169243 574157
3.67068%
running time: 1408ms
memory usage: 2934292KB
FIND_DENSITY_INSIDE -1868275 -1301398 -355954 -1043738
2.00689%
running time: 4476ms
memory usage: 2954604KB
FIND_DENSITY_INSIDE -36446 -915904 824564 -776907
5.15824%
running time: 80ms
memory usage: 2955132KB
FIND_DENSITY_INSIDE -1369174 820781 -1147297 1494266
5.25512%
running time: 128ms
memory usage: 2957624KB
FIND_DENSITY_INSIDE 718827 -244960 889265 325599
5.88827%
running time: 320ms
memory usage: 2960608KB
FIND_DENSITY_INSIDE -1593573 -150821 877680 1864982
3.74054%
running time: 252ms
memory usage: 2962900KB
FIND_DENSITY_INSIDE 923349 -1741918 1188188 -356423
3.50874%
running time: 16125ms
memory usage: 3027220KB
FIND_DENSITY_INSIDE -892037 -86361 943923 1134829
4.28211%
running time: 804ms
memory usage: 3029728KB
FIND_DENSITY_INSIDE 406874 1200390 435085 1661746
5.0925%
running time: 7052ms
memory usage: 3068156KB
FIND_DENSITY_INSIDE 103493 -1196921 523825 1835746
4.07568%
running time: 44ms
memory usage: 3068156KB
FIND_DENSITY_INSIDE -706013 -63829 -219926 963806
3.6609%
running time: 9820ms
memory usage: 3085888KB
FIND_DENSITY_INSIDE -802014 112353 -5916 365441
3.70055%
running time: 896ms
memory usage: 3091960KB
FIND_DENSITY_INSIDE -95525 -658940 256422 1906546
3.89854%
running time: 152ms
memory usage: 3094336KB
FIND_DENSITY_INSIDE -49923 825843 1998459 1199554
2.95941%
running time: 4424ms
memory usage: 3106820KB
FIND_DENSITY_INSIDE 740543 204246 1668139 1683480
2.46186%
running time: 564ms
memory usage: 3114476KB
FIND_DENSITY_INSIDE -1431058 765252 1456890 1704020
3.05621%
running time: 2088ms
memory usage: 3123852KB
FIND_DENSITY_INSIDE -18770 -1909894 1107628 -530276
4.58317%
running time: 3276ms
memory usage: 3151324KB
FIND_DENSITY_INSIDE -1995106 -1828375 -1135907 -242481
2.39902%
running time: 6144ms
memory usage: 3177648KB
FIND_DENSITY_INSIDE -322479 -390600 242091 1212979
3.98233%
running time: 912ms
memory usage: 3183852KB
FIND_DENSITY_INSIDE -179248 -626768 6383 1012475
4.31841%
running time: 3220ms
memory usage: 3198036KB
FIND_DENSITY_INSIDE -917178 -710737 870037 319627
3.90577%
running time: 1320ms
memory usage: 3203316KB
FIND_DENSITY_INSIDE -70664 -396064 892344 1259414
4.61109%
running time: 4320ms
memory usage: 3230620KB
FIND_DENSITY_INSIDE -1306485 -1269435 283659 1120427
3.61789%
running time: 7860ms
memory usage: 3258920KB
FIND_DENSITY_INSIDE -1258955 -67869 -809520 663495
3.36469%
running time: 13092ms
memory usage: 3304720KB
FIND_DENSITY_INSIDE -781810 -684427 212894 732425
3.6017%
running time: 280ms
memory usage: 3306304KB
FIND_DENSITY_INSIDE -1210495 -1256484 862863 579278
3.74846%
running time: 3288ms
memory usage: 3325612KB
FIND_DENSITY_INSIDE 913902 -1492246 1171275 -317911
4.05589%
running time: 14148ms
memory usage: 3378860KB
FIND_DENSITY_INSIDE 304891 502970 708387 883940
4.41437%
running time: 736ms
memory usage: 3381368KB
FIND_DENSITY_INSIDE -1473192 127787 618499 535496
3.81738%
running time: 240ms
memory usage: 3384272KB
FIND_DENSITY_INSIDE -1489652 -36617 541533 78886
5.32722%
running time: 804ms
memory usage: 3396356KB
FIND_DENSITY_INSIDE -45553 -570713 1002976 -439807
5.54638%
running time: 148ms
memory usage: 3399392KB
FIND_DENSITY_INSIDE -319130 232268 304465 656525
3.42054%
running time: 164ms
memory usage: 3402432KB
FIND_DENSITY_INSIDE -1399441 -23493 -1343063 601740
6.03186%
running time: 272ms
memory usage: 3406332KB
FIND_DENSITY_INSIDE -1251315 -1837212 -818474 -1142768
1.72148%
running time: 104ms
memory usage: 3406992KB
FIND_DENSITY_INSIDE -1371489 288189 1422855 608573
3.82327%
running time: 68ms
memory usage: 3408092KB
FIND_DENSITY_INSIDE -1962156 -319788 479552 1741481
3.35521%
running time: 848ms
memory usage: 3421536KB
FIND_DENSITY_INSIDE -1511034 -24411 -888671 1322741
4.40023%
running time: 11632ms
memory usage: 3472584KB
FIND_DENSITY_INSIDE -433164 -801612 1888876 1178011
3.96805%
running time: 2200ms
memory usage: 3483540KB
FIND_DENSITY_INSIDE -415994 708102 262168 791735
2.90536%
running time: 17697ms
memory usage: 3542056KB
FIND_DENSITY_INSIDE -386523 -1623966 1450847 223431
4.5863%
running time: 44ms
memory usage: 3542056KB
FIND_DENSITY_INSIDE -1450581 -512414 857657 -49078
3.66829%
running time: 15120ms
memory usage: 3594628KB
FIND_DENSITY_INSIDE -38791 -314502 1024229 941196
4.80028%
running time: 968ms
memory usage: 3606112KB
FIND_DENSITY_INSIDE 486615 -669352 846704 1524019
5.1026%
running time: 5368ms
memory usage: 3631164KB
FIND_DENSITY_INSIDE 497768 -171102 912315 274483
5.72539%
running time: 6364ms
memory usage: 3647136KB
FIND_DENSITY_INSIDE -1388480 -1879506 -850152 -1328835
3.05363%
running time: 380ms
memory usage: 3651360KB
FIND_DENSITY_INSIDE 861237 -130186 1187091 1560794
4.06105%
running time: 140ms
memory usage: 3653340KB
FIND_DENSITY_INSIDE -747839 392646 1814989 771851
3.32482%
running time: 1520ms
memory usage: 3660116KB
FIND_DENSITY_INSIDE 729960 -1371011 980623 -775315
5.64532%
running time: 900ms
memory usage: 3672508KB
FIND_DENSITY_INSIDE -1459323 -754752 1157957 169354
4.1812%
running time: 368ms
memory usage: 3675808KB
FIND_DENSITY_INSIDE 233341 -1896296 1621137 -533175
4.0302%
running time: 4804ms
memory usage: 3709676KB
FIND_DENSITY_INSIDE 788807 -1830282 1205831 -713042
4.08356%
running time: 5404ms
memory usage: 3734768KB
FIND_DENSITY_INSIDE -320998 76998 1995490 1986249
3.10108%
running time: 1148ms
memory usage: 3740972KB
FIND_DENSITY_INSIDE -86590 925820 1615525 1600498
2.75222%
running time: 10928ms
memory usage: 3785520KB
FIND_DENSITY_INSIDE -1106736 455332 924323 1946443
3.31982%
running time: 944ms
memory usage: 3793308KB
FIND_DENSITY_INSIDE -791660 575197 752920 607792
3.84897%
running time: 6400ms
memory usage: 3829760KB
FIND_DENSITY_INSIDE 714873 -818993 823475 972982
6.14042%
running time: 44ms
memory usage: 3829760KB
FIND_DENSITY_INSIDE -1754052 -991852 796876 -558854
3.51324%
running time: 1684ms
memory usage: 3833588KB
Average running time and memory for each problems: 
Total number of polygons: 582110
FIND_INSIDE: 
	running time: 14.8409ms
	memory: 417.376MB
FIND_INTERACT: 
	running time: 19.6812ms
	memory: 423.814MB
FIND_NO_OVERLAP: 
	running time: 3483.38ms
	memory: 1327.56MB
FIND_AREA_LESS_THAN: 
	running time: 7.8405ms
	memory: 2322.38MB
FIND_DENSITY_INSIDE: 
	running time: 3339.41ms
	memory: 3064.51MB
