FIND_INSIDE -298823 332978 143609 350170
372
running time: 140091372947ms
memory usage: 140091372958152KB
FIND_INSIDE 37534 128336 1020042 870025
50236
running time: 4ms
memory usage: 103780KB
FIND_INSIDE 500567 95148 1030150 894814
34076
running time: 4ms
memory usage: 103780KB
FIND_INSIDE -85873 499263 580811 797919
12836
running time: 4ms
memory usage: 103780KB
FIND_INSIDE 217025 -214309 656898 626663
22721
running time: 4ms
memory usage: 103780KB
FIND_INSIDE -65050 -152655 800810 929368
63306
running time: 4ms
memory usage: 103780KB
FIND_INSIDE 148968 -6143 869697 85451
5103
running time: 4ms
memory usage: 103780KB
FIND_INSIDE -109495 294714 43486 641099
3052
running time: 4ms
memory usage: 103780KB
FIND_INSIDE 461465 -156548 806565 980853
32202
running time: 0ms
memory usage: 103780KB
FIND_INSIDE -100064 -81287 599955 56851
6569
running time: 4ms
memory usage: 103780KB
FIND_INSIDE -101038 -17895 726017 884570
48827
running time: 4ms
memory usage: 103780KB
FIND_INSIDE -265622 415295 657371 953275
29006
running time: 4ms
memory usage: 103780KB
FIND_INSIDE 30409 562215 915011 657979
6392
running time: 4ms
memory usage: 103780KB
FIND_INSIDE -270258 27188 753873 284459
18033
running time: 4ms
memory usage: 103780KB
FIND_INSIDE 823461 -239097 864522 611525
2688
running time: 4ms
memory usage: 103780KB
FIND_INSIDE -289682 -84737 -223861 1067544
3427
running time: 0ms
memory usage: 103780KB
FIND_INSIDE -295005 -193157 -229085 106636
1590
running time: 4ms
memory usage: 103780KB
FIND_INSIDE -8378 345079 109132 444651
761
running time: 4ms
memory usage: 103780KB
FIND_INSIDE -120522 -120045 625635 -54405
2784
running time: 4ms
memory usage: 103780KB
FIND_INSIDE 200967 56498 768292 884655
31400
running time: 4ms
memory usage: 103780KB
FIND_INSIDE 516188 720591 1021081 990128
10510
running time: 4ms
memory usage: 103780KB
FIND_INSIDE 661650 387026 734396 712964
1962
running time: 0ms
memory usage: 103780KB
FIND_INSIDE 333835 4589 1049543 1063178
55013
running time: 4ms
memory usage: 103780KB
FIND_INSIDE 403289 929205 888611 1028608
3711
running time: 4ms
memory usage: 103780KB
FIND_INSIDE 732776 299279 879517 600554
3790
running time: 4ms
memory usage: 103780KB
FIND_INSIDE 42039 -85426 989261 900667
66163
running time: 4ms
memory usage: 103780KB
FIND_INSIDE 955924 -210366 1088549 259952
3804
running time: 4ms
memory usage: 103780KB
FIND_INSIDE 78084 -201628 822185 1010504
61675
running time: 0ms
memory usage: 103780KB
FIND_INSIDE -251006 -42997 -78713 107839
1852
running time: 4ms
memory usage: 103780KB
FIND_INSIDE -99216 373706 559881 1067317
27882
running time: 4ms
memory usage: 103780KB
FIND_INSIDE 463775 -237320 905527 785990
38309
running time: 4ms
memory usage: 103780KB
FIND_INSIDE 45936 641640 116762 889333
1238
running time: 4ms
memory usage: 103780KB
FIND_INSIDE -8455 16405 551389 965486
31123
running time: 4ms
memory usage: 103780KB
FIND_INSIDE 813512 -177624 988260 927358
15715
running time: 4ms
memory usage: 103780KB
FIND_INSIDE -89041 -76617 749013 158982
14957
running time: 0ms
memory usage: 103780KB
FIND_INSIDE 464605 359824 595407 597991
2151
running time: 4ms
memory usage: 103780KB
FIND_INSIDE -98391 -159926 609954 781605
40694
running time: 4ms
memory usage: 103780KB
FIND_INSIDE -14181 -71014 659064 925421
42520
running time: 4ms
memory usage: 103780KB
FIND_INSIDE -172300 -122412 702276 745344
48450
running time: 4ms
memory usage: 103780KB
FIND_INSIDE 107042 751901 671213 753240
23
running time: 4ms
memory usage: 103780KB
FIND_INSIDE 453154 123376 1051891 330980
9976
running time: 4ms
memory usage: 103780KB
FIND_INSIDE 286019 546464 1085468 757842
12298
running time: 0ms
memory usage: 103780KB
FIND_INSIDE -162758 -159548 876955 472164
45136
running time: 4ms
memory usage: 103780KB
FIND_INSIDE -180185 228931 553915 853571
25208
running time: 4ms
memory usage: 103780KB
FIND_INSIDE 219881 100804 979837 926182
44131
running time: 4ms
memory usage: 103780KB
FIND_INSIDE 5619 -158350 192681 1004817
14229
running time: 4ms
memory usage: 103780KB
FIND_INSIDE 504103 343574 567755 553594
940
running time: 4ms
memory usage: 103780KB
FIND_INSIDE 588020 198245 692464 363889
1796
running time: 4ms
memory usage: 103780KB
FIND_INSIDE 328431 206440 458698 893683
3868
running time: 4ms
memory usage: 103780KB
FIND_INSIDE -197299 327876 951114 777515
34141
running time: 0ms
memory usage: 103780KB
FIND_INSIDE -160936 -156248 716787 402678
32088
running time: 4ms
memory usage: 103780KB
FIND_INSIDE -271854 -34920 165210 1067695
27960
running time: 4ms
memory usage: 103780KB
FIND_INSIDE -214758 -92338 283913 88046
6385
running time: 4ms
memory usage: 103780KB
FIND_INSIDE 66019 537669 807152 557684
1054
running time: 4ms
memory usage: 103780KB
FIND_INSIDE 136574 836806 446886 1006432
3118
running time: 4ms
memory usage: 103780KB
FIND_INSIDE -100278 -91078 969281 191570
22700
running time: 4ms
memory usage: 103780KB
FIND_INSIDE -85770 -293035 730566 245511
28972
running time: 0ms
memory usage: 103780KB
FIND_INSIDE -186253 -200793 237620 969424
30514
running time: 4ms
memory usage: 103780KB
FIND_INSIDE 619179 -124594 896511 78961
5306
running time: 4ms
memory usage: 103780KB
FIND_INSIDE -63256 319949 363158 1073798
19916
running time: 4ms
memory usage: 103780KB
FIND_INSIDE 108024 721722 958773 1035893
18641
running time: 4ms
memory usage: 103780KB
FIND_INSIDE 401229 -182635 834439 -1906
6504
running time: 4ms
memory usage: 103780KB
FIND_INSIDE 367878 -109965 786533 508644
20798
running time: 0ms
memory usage: 103780KB
FIND_INSIDE -187654 -290044 -9026 -76427
2910
running time: 4ms
memory usage: 103780KB
FIND_INSIDE -269083 -41801 23963 399030
8364
running time: 4ms
memory usage: 103780KB
FIND_INSIDE 642964 128501 999862 549064
12666
running time: 4ms
memory usage: 103780KB
FIND_INSIDE 901685 96122 911745 668964
428
running time: 4ms
memory usage: 103780KB
FIND_INSIDE 542567 -277535 699902 173878
6626
running time: 4ms
memory usage: 103780KB
FIND_INSIDE 249624 307882 542211 1092840
12185
running time: 0ms
memory usage: 103780KB
FIND_INSIDE -193626 553944 118027 849107
4753
running time: 4ms
memory usage: 103780KB
FIND_INSIDE 19897 -288187 821681 998754
69494
running time: 4ms
memory usage: 103780KB
FIND_INSIDE -132887 967820 259190 1071183
2526
running time: 4ms
memory usage: 103780KB
FIND_INSIDE -143512 300085 892863 464177
10694
running time: 4ms
memory usage: 103780KB
FIND_INSIDE 16536 24549 330784 1052407
20144
running time: 4ms
memory usage: 103780KB
FIND_INSIDE -216378 92446 828582 1087174
66026
running time: 4ms
memory usage: 103780KB
FIND_INSIDE -8863 2501 366211 511158
10005
running time: 4ms
memory usage: 103780KB
FIND_INSIDE 210032 893185 720853 1024009
4420
running time: 0ms
memory usage: 103780KB
FIND_INSIDE 626261 169321 711491 437923
2344
running time: 4ms
memory usage: 103780KB
FIND_INSIDE 728112 400952 861810 1082919
7034
running time: 4ms
memory usage: 103780KB
FIND_INSIDE 610710 -155988 888315 387891
14572
running time: 4ms
memory usage: 103780KB
FIND_INSIDE 632732 272384 773911 676306
5155
running time: 4ms
memory usage: 103780KB
FIND_INSIDE 751919 644490 896518 1049657
4928
running time: 4ms
memory usage: 103780KB
FIND_INSIDE -188636 -216484 989386 88139
26189
running time: 0ms
memory usage: 103780KB
FIND_INSIDE 504203 96475 741527 1066329
18724
running time: 4ms
memory usage: 103780KB
FIND_INSIDE -211309 -71715 224962 541020
16448
running time: 4ms
memory usage: 103780KB
FIND_INSIDE 382966 -148444 895365 -98106
2275
running time: 4ms
memory usage: 103780KB
FIND_INSIDE -7523 -75927 483063 625229
18809
running time: 4ms
memory usage: 103780KB
FIND_INSIDE 255726 61655 756881 472785
14079
running time: 4ms
memory usage: 103780KB
FIND_INSIDE 34445 -124591 861105 424314
31773
running time: 0ms
memory usage: 103780KB
FIND_INSIDE 404228 -196960 597680 1062724
15606
running time: 4ms
memory usage: 103780KB
FIND_INSIDE 780873 83971 807902 406462
808
running time: 4ms
memory usage: 103780KB
FIND_INSIDE 147952 -237430 385355 483380
7649
running time: 4ms
memory usage: 103780KB
FIND_INSIDE -66617 -79685 666832 1001015
50885
running time: 4ms
memory usage: 103780KB
FIND_INSIDE 137156 -105606 1040960 671544
49998
running time: 4ms
memory usage: 103780KB
FIND_INSIDE 45013 18925 502301 308664
7077
running time: 0ms
memory usage: 103780KB
FIND_INSIDE 74126 -8239 719522 696168
29905
running time: 0ms
memory usage: 103780KB
FIND_INSIDE -111124 2108 547532 314816
12197
running time: 4ms
memory usage: 103780KB
FIND_INSIDE -23720 -188029 1055441 656139
63553
running time: 4ms
memory usage: 103780KB
FIND_INSIDE 286477 -184968 440724 8909
1406
running time: 4ms
memory usage: 103780KB
FIND_INSIDE -104499 20605 937845 214217
15027
running time: 4ms
memory usage: 103780KB
FIND_INTERACT -27295 211678 447186 417517
4013
running time: 4ms
memory usage: 103780KB
FIND_INTERACT 1070406 -143193 1090804 143257
267
running time: 4ms
memory usage: 103916KB
FIND_INTERACT 34293 -20541 648941 975518
38793
running time: 4ms
memory usage: 103916KB
FIND_INTERACT 278684 928532 947958 1011222
4252
running time: 8ms
memory usage: 104920KB
FIND_INTERACT 209578 -292396 978421 -266746
1037
running time: 4ms
memory usage: 104920KB
FIND_INTERACT 7392 -166293 516159 895619
31082
running time: 8ms
memory usage: 104920KB
FIND_INTERACT 791686 265291 862506 899972
4059
running time: 4ms
memory usage: 104920KB
FIND_INTERACT -25898 -117725 390374 496845
13766
running time: 4ms
memory usage: 104920KB
FIND_INTERACT -220496 44995 995031 165665
11281
running time: 4ms
memory usage: 104920KB
FIND_INTERACT 886653 68430 924463 178293
256
running time: 8ms
memory usage: 104920KB
FIND_INTERACT -6326 -222546 748417 -214778
355
running time: 0ms
memory usage: 104920KB
FIND_INTERACT -291604 70566 14094 594969
8863
running time: 4ms
memory usage: 104920KB
FIND_INTERACT 89494 396149 117473 954703
1205
running time: 4ms
memory usage: 104920KB
FIND_INTERACT 284592 -87836 511703 165599
3116
running time: 4ms
memory usage: 104920KB
FIND_INTERACT -77383 -105526 535343 744143
30467
running time: 4ms
memory usage: 104920KB
FIND_INTERACT -191093 -174604 -6810 209012
4952
running time: 4ms
memory usage: 104920KB
FIND_INTERACT -102828 80107 86052 870266
9158
running time: 4ms
memory usage: 104920KB
FIND_INTERACT 588687 -40896 813925 520443
12637
running time: 4ms
memory usage: 104920KB
FIND_INTERACT 575750 -21719 893896 640595
19574
running time: 4ms
memory usage: 104920KB
FIND_INTERACT 216335 -237170 452691 760604
11624
running time: 4ms
memory usage: 104920KB
FIND_INTERACT 916722 666509 975979 950268
1445
running time: 4ms
memory usage: 104920KB
FIND_INTERACT -129241 492545 522113 882588
15809
running time: 4ms
memory usage: 104920KB
FIND_INTERACT 74982 930381 822466 1061893
7107
running time: 4ms
memory usage: 104920KB
FIND_INTERACT -56864 -83813 29528 808214
4917
running time: 4ms
memory usage: 104920KB
FIND_INTERACT -197814 278539 1049735 799845
42801
running time: 4ms
memory usage: 104920KB
FIND_INTERACT 457135 -67991 481216 882167
1406
running time: 4ms
memory usage: 104920KB
FIND_INTERACT -12788 -227539 43103 183104
1701
running time: 4ms
memory usage: 104920KB
FIND_INTERACT -245686 -97335 689687 465209
33433
running time: 4ms
memory usage: 104920KB
FIND_INTERACT -282391 -213032 -263794 68637
444
running time: 4ms
memory usage: 104920KB
FIND_INTERACT 111094 671650 884784 1044346
19963
running time: 4ms
memory usage: 104920KB
FIND_INTERACT 388591 167907 777319 593661
13025
running time: 4ms
memory usage: 104920KB
FIND_INTERACT 388988 -228728 576382 -20868
2459
running time: 4ms
memory usage: 104920KB
FIND_INTERACT -173367 797630 137769 1015950
4758
running time: 4ms
memory usage: 104920KB
FIND_INTERACT -252128 -94164 846496 170568
22138
running time: 4ms
memory usage: 104920KB
FIND_INTERACT 580345 220662 944734 343720
4364
running time: 4ms
memory usage: 104920KB
FIND_INTERACT 27972 -43565 512703 321540
9801
running time: 4ms
memory usage: 104920KB
FIND_INTERACT -263799 91628 -242942 115508
58
running time: 4ms
memory usage: 104920KB
FIND_INTERACT -176406 116418 845008 716503
39802
running time: 4ms
memory usage: 104920KB
FIND_INTERACT 563544 -254193 1002025 83884
13371
running time: 4ms
memory usage: 104920KB
FIND_INTERACT 590787 -158375 657235 417897
4047
running time: 4ms
memory usage: 104920KB
FIND_INTERACT 119788 -267240 613579 670542
26837
running time: 4ms
memory usage: 104920KB
FIND_INTERACT 13652 -201138 906309 1012599
76043
running time: 8ms
memory usage: 104920KB
FIND_INTERACT 529174 562037 920012 577122
588
running time: 4ms
memory usage: 105948KB
FIND_INTERACT 235711 -52094 696291 959567
30298
running time: 4ms
memory usage: 105948KB
FIND_INTERACT -85530 278591 630363 662645
16579
running time: 8ms
memory usage: 105948KB
FIND_INTERACT -179143 -203484 435207 913818
39460
running time: 4ms
memory usage: 105948KB
FIND_INTERACT -162741 -156514 920094 975553
84097
running time: 4ms
memory usage: 105948KB
FIND_INTERACT -244295 -241489 55362 840380
19139
running time: 4ms
memory usage: 105948KB
FIND_INTERACT 67177 94710 170179 717812
4107
running time: 8ms
memory usage: 105948KB
FIND_INTERACT -298914 723543 923389 742159
1456
running time: 4ms
memory usage: 105948KB
FIND_INTERACT 42387 -105299 1078354 -12131
7474
running time: 4ms
memory usage: 105948KB
FIND_INTERACT 181449 355904 662397 1090574
21979
running time: 4ms
memory usage: 105948KB
FIND_INTERACT 83716 178897 930802 410737
13099
running time: 4ms
memory usage: 105948KB
FIND_INTERACT 192204 196764 676053 705993
15260
running time: 4ms
memory usage: 105948KB
FIND_INTERACT -81184 38749 914378 218158
13312
running time: 4ms
memory usage: 105948KB
FIND_INTERACT 299554 -249660 804240 242969
18795
running time: 8ms
memory usage: 105948KB
FIND_INTERACT 104458 392029 842057 424113
1529
running time: 4ms
memory usage: 105948KB
FIND_INTERACT 854943 -250302 898747 -87900
639
running time: 4ms
memory usage: 105948KB
FIND_INTERACT 748685 -59392 791866 -12442
144
running time: 4ms
memory usage: 105948KB
FIND_INTERACT 14100 -212920 364476 275374
9363
running time: 4ms
memory usage: 105948KB
FIND_INTERACT 126531 347928 667029 597333
8245
running time: 4ms
memory usage: 105948KB
FIND_INTERACT 612957 -229085 795865 731508
16720
running time: 4ms
memory usage: 105948KB
FIND_INTERACT -187807 909873 74107 1032143
1966
running time: 4ms
memory usage: 105948KB
FIND_INTERACT 546639 -7954 993071 783490
30718
running time: 4ms
memory usage: 105948KB
FIND_INTERACT 455843 -185187 744795 533214
18402
running time: 4ms
memory usage: 105948KB
FIND_INTERACT -46399 90008 843418 404254
18616
running time: 4ms
memory usage: 105948KB
FIND_INTERACT 72752 -260810 484166 74543
7085
running time: 4ms
memory usage: 105948KB
FIND_INTERACT 182677 74791 1075764 838399
47049
running time: 4ms
memory usage: 105948KB
FIND_INTERACT 224884 206725 982274 481507
14110
running time: 4ms
memory usage: 105948KB
FIND_INTERACT 16312 134421 545131 747982
18216
running time: 4ms
memory usage: 105948KB
FIND_INTERACT 311278 201565 534022 789275
6671
running time: 4ms
memory usage: 105948KB
FIND_INTERACT 379532 100139 971584 957897
38827
running time: 8ms
memory usage: 105948KB
FIND_INTERACT 529929 146088 715395 921007
12116
running time: 4ms
memory usage: 105948KB
FIND_INTERACT 13808 -217137 1020609 534278
52523
running time: 4ms
memory usage: 105948KB
FIND_INTERACT -123839 -131050 213910 7985
2880
running time: 4ms
memory usage: 105948KB
FIND_INTERACT 856244 -239707 1081524 758759
15455
running time: 4ms
memory usage: 105948KB
FIND_INTERACT 41514 -166942 878230 681296
50395
running time: 4ms
memory usage: 105948KB
FIND_INTERACT 571440 -206746 618486 610859
3679
running time: 8ms
memory usage: 105948KB
FIND_INTERACT -279996 226710 238808 397497
4677
running time: 4ms
memory usage: 105948KB
FIND_INTERACT 864682 283617 894684 628731
910
running time: 4ms
memory usage: 105948KB
FIND_INTERACT 441679 341996 516009 1046242
3108
running time: 4ms
memory usage: 105948KB
FIND_INTERACT 32479 421912 643965 762929
14038
running time: 4ms
memory usage: 105948KB
FIND_INTERACT 517683 186331 972541 428068
10009
running time: 4ms
memory usage: 105948KB
FIND_INTERACT 420156 -103818 910074 983852
42693
running time: 4ms
memory usage: 105948KB
FIND_INTERACT -73914 298759 310966 1028819
17746
running time: 4ms
memory usage: 105948KB
FIND_INTERACT 42350 135578 571600 838697
21275
running time: 4ms
memory usage: 105948KB
FIND_INTERACT -163357 -119720 121239 21351
2581
running time: 4ms
memory usage: 105948KB
FIND_INTERACT -214998 613542 504268 807810
8064
running time: 4ms
memory usage: 105948KB
FIND_INTERACT 859217 232294 885471 654385
1021
running time: 4ms
memory usage: 105948KB
FIND_INTERACT -290981 -98617 977723 63289
15810
running time: 4ms
memory usage: 105948KB
FIND_INTERACT 632400 -45209 780666 119787
2571
running time: 4ms
memory usage: 105948KB
FIND_INTERACT 698048 308719 960160 942237
13964
running time: 4ms
memory usage: 105948KB
FIND_INTERACT 264340 400903 861887 1053784
26935
running time: 4ms
memory usage: 105948KB
FIND_INTERACT 218226 -238773 756093 -137361
3143
running time: 4ms
memory usage: 105948KB
FIND_INTERACT 619051 338264 718519 455509
1287
running time: 4ms
memory usage: 105948KB
FIND_INTERACT 523662 391225 1028403 691802
12238
running time: 8ms
memory usage: 105948KB
FIND_INTERACT -68814 404147 690276 813759
20288
running time: 4ms
memory usage: 105948KB
FIND_INTERACT -51809 -215361 69087 75834
2590
running time: 4ms
memory usage: 105948KB
FIND_INTERACT 941476 -44544 1029915 1062110
6650
running time: 4ms
memory usage: 105948KB
FIND_INTERACT -91254 428417 73527 648806
2217
running time: 4ms
memory usage: 105948KB
FIND_NO_OVERLAP 933123 146770 994853 259764
370
running time: 8ms
memory usage: 105948KB
FIND_NO_OVERLAP -149664 -2738 1022003 508969
31084
running time: 8ms
memory usage: 105948KB
FIND_NO_OVERLAP 555263 -248435 594292 197400
1249
running time: 888ms
memory usage: 115400KB
FIND_NO_OVERLAP 376556 -215933 908336 941861
36266
running time: 40ms
memory usage: 115400KB
FIND_NO_OVERLAP 290994 139272 871351 707911
17987
running time: 1820ms
memory usage: 128952KB
FIND_NO_OVERLAP 489947 411603 669399 741855
3485
running time: 572ms
memory usage: 134784KB
FIND_NO_OVERLAP 462862 -221809 979934 755958
31994
running time: 100ms
memory usage: 135708KB
FIND_NO_OVERLAP 283529 496227 310690 1055891
732
running time: 1440ms
memory usage: 148000KB
FIND_NO_OVERLAP 420096 -173297 578836 71160
2129
running time: 24ms
memory usage: 148000KB
FIND_NO_OVERLAP 627871 119613 723728 545372
3100
running time: 48ms
memory usage: 148000KB
FIND_NO_OVERLAP -109078 581645 -43882 947537
979
running time: 100ms
memory usage: 149372KB
FIND_NO_OVERLAP 119536 686702 786168 873435
6296
running time: 32ms
memory usage: 149636KB
FIND_NO_OVERLAP 733329 625474 1051134 663020
706
running time: 144ms
memory usage: 152144KB
FIND_NO_OVERLAP -193384 121402 369309 936342
19954
running time: 12ms
memory usage: 152144KB
FIND_NO_OVERLAP 487141 -11221 761675 903779
15977
running time: 712ms
memory usage: 159716KB
FIND_NO_OVERLAP 139793 -28136 445313 497771
5600
running time: 724ms
memory usage: 165712KB
FIND_NO_OVERLAP -28533 -74102 635859 776560
27395
running time: 152ms
memory usage: 167032KB
FIND_NO_OVERLAP -58384 171674 194433 255307
829
running time: 1064ms
memory usage: 177468KB
FIND_NO_OVERLAP 438077 -151400 476382 904966
1865
running time: 16ms
memory usage: 177468KB
FIND_NO_OVERLAP 92418 1053884 168516 1098635
223
running time: 76ms
memory usage: 177468KB
FIND_NO_OVERLAP 619795 62626 924222 517327
9461
running time: 12ms
memory usage: 177468KB
FIND_NO_OVERLAP 495272 -21454 647486 407001
4500
running time: 292ms
memory usage: 181048KB
FIND_NO_OVERLAP -8978 -232187 57618 374682
2081
running time: 124ms
memory usage: 182500KB
FIND_NO_OVERLAP -257076 788472 100314 939273
2568
running time: 60ms
memory usage: 183028KB
FIND_NO_OVERLAP 257966 -94865 829379 229277
10767
running time: 60ms
memory usage: 184084KB
FIND_NO_OVERLAP 446884 -11404 556052 140320
914
running time: 276ms
memory usage: 188256KB
FIND_NO_OVERLAP 83435 -222243 500165 93364
5437
running time: 20ms
memory usage: 188256KB
FIND_NO_OVERLAP -274604 -294510 -263309 -198773
52
running time: 144ms
memory usage: 190248KB
FIND_NO_OVERLAP 213903 70341 217918 208696
53
running time: 4ms
memory usage: 190248KB
FIND_NO_OVERLAP 487846 285006 722094 367636
1409
running time: 4ms
memory usage: 190248KB
FIND_NO_OVERLAP -76151 498580 627739 824107
11655
running time: 28ms
memory usage: 190672KB
FIND_NO_OVERLAP 640782 -99758 1023262 656601
18483
running time: 320ms
memory usage: 195460KB
FIND_NO_OVERLAP 117147 615898 478681 731266
2238
running time: 704ms
memory usage: 201968KB
FIND_NO_OVERLAP 160852 -215574 193037 215976
667
running time: 48ms
memory usage: 202364KB
FIND_NO_OVERLAP -171203 -244174 585580 -157339
2956
running time: 24ms
memory usage: 202632KB
FIND_NO_OVERLAP -138496 19838 724973 223415
9484
running time: 56ms
memory usage: 203688KB
FIND_NO_OVERLAP -301711 106695 -43459 991294
8458
running time: 208ms
memory usage: 207180KB
FIND_NO_OVERLAP -151673 -287808 742466 160206
20691
running time: 292ms
memory usage: 210316KB
FIND_NO_OVERLAP 652341 788995 760850 1068088
1759
running time: 596ms
memory usage: 218012KB
FIND_NO_OVERLAP -62253 -114034 891221 27093
7515
running time: 48ms
memory usage: 218144KB
FIND_NO_OVERLAP -14237 -270361 348617 737483
15992
running time: 152ms
memory usage: 220940KB
FIND_NO_OVERLAP 64019 334386 218283 533199
1539
running time: 676ms
memory usage: 226684KB
FIND_NO_OVERLAP 366452 -170657 991222 552918
27367
running time: 32ms
memory usage: 226684KB
FIND_NO_OVERLAP 294162 -77500 1051797 960151
43474
running time: 976ms
memory usage: 237172KB
FIND_NO_OVERLAP -101693 -239846 510519 527792
19968
running time: 1928ms
memory usage: 252492KB
FIND_NO_OVERLAP 563043 225248 680144 231573
58
running time: 656ms
memory usage: 258660KB
FIND_NO_OVERLAP 307275 -50653 871540 603876
20928
running time: 4ms
memory usage: 258660KB
FIND_NO_OVERLAP 112905 346022 929640 447690
4129
running time: 704ms
memory usage: 266068KB
FIND_NO_OVERLAP 16174 122499 197982 528981
3296
running time: 72ms
memory usage: 266992KB
FIND_NO_OVERLAP -99156 933832 125570 1056101
1398
running time: 72ms
memory usage: 268048KB
FIND_NO_OVERLAP -173161 -38577 881899 861230
48873
running time: 28ms
memory usage: 268444KB
FIND_NO_OVERLAP 229095 -6829 939953 376114
15275
running time: 1976ms
memory usage: 287296KB
FIND_NO_OVERLAP 610840 -8580 739987 749582
6876
running time: 388ms
memory usage: 291520KB
FIND_NO_OVERLAP 419242 77618 563190 254292
1197
running time: 280ms
memory usage: 293880KB
FIND_NO_OVERLAP 328575 -8135 1047338 468528
19110
running time: 24ms
memory usage: 294012KB
FIND_NO_OVERLAP 916324 904682 963639 1061659
535
running time: 540ms
memory usage: 300896KB
FIND_NO_OVERLAP 284030 -282469 639109 10806
4820
running time: 16ms
memory usage: 300896KB
FIND_NO_OVERLAP 63294 329576 294034 888122
6524
running time: 120ms
memory usage: 302540KB
FIND_NO_OVERLAP 629205 -42103 684886 596126
2728
running time: 196ms
memory usage: 304832KB
FIND_NO_OVERLAP 821695 645692 909653 745567
634
running time: 104ms
memory usage: 305760KB
FIND_NO_OVERLAP -128491 693909 198330 811830
1806
running time: 20ms
memory usage: 305892KB
FIND_NO_OVERLAP 688515 -164411 798824 427377
4865
running time: 36ms
memory usage: 306572KB
FIND_NO_OVERLAP 305307 -29759 682186 186283
4507
running time: 180ms
memory usage: 308480KB
FIND_NO_OVERLAP -301500 46286 883756 492817
26319
running time: 100ms
memory usage: 310116KB
FIND_NO_OVERLAP 251388 -275946 440310 156133
3046
running time: 728ms
memory usage: 320028KB
FIND_NO_OVERLAP 831755 444685 975040 793242
3362
running time: 88ms
memory usage: 320160KB
FIND_NO_OVERLAP 16372 472157 123534 875092
2363
running time: 96ms
memory usage: 321480KB
FIND_NO_OVERLAP 155295 -84325 1078722 538133
30367
running time: 76ms
memory usage: 322272KB
FIND_NO_OVERLAP 418729 138365 525177 503396
1633
running time: 984ms
memory usage: 333560KB
FIND_NO_OVERLAP 55131 -278865 619690 952884
32055
running time: 36ms
memory usage: 333560KB
FIND_NO_OVERLAP 874818 817186 1063804 1080606
2787
running time: 1572ms
memory usage: 345232KB
FIND_NO_OVERLAP -198353 -228130 534242 120273
12290
running time: 64ms
memory usage: 345232KB
FIND_NO_OVERLAP -211882 448950 6914 811336
2730
running time: 312ms
memory usage: 349824KB
FIND_NO_OVERLAP 204691 -26310 679182 302720
7947
running time: 68ms
memory usage: 350484KB
FIND_NO_OVERLAP -183447 758762 734647 1083360
14516
running time: 208ms
memory usage: 353628KB
FIND_NO_OVERLAP 86507 141046 121216 942690
1453
running time: 388ms
memory usage: 359280KB
FIND_NO_OVERLAP -187924 349878 17130 445627
924
running time: 56ms
memory usage: 359280KB
FIND_NO_OVERLAP -59283 243258 847538 277543
1538
running time: 20ms
memory usage: 359544KB
FIND_NO_OVERLAP 210699 79665 747912 476148
10549
running time: 24ms
memory usage: 360072KB
FIND_NO_OVERLAP 211965 13663 694269 596661
14008
running time: 280ms
memory usage: 364000KB
FIND_NO_OVERLAP 389041 -258507 715842 499080
14533
running time: 440ms
memory usage: 369136KB
FIND_NO_OVERLAP 540763 746404 877950 1068670
6461
running time: 532ms
memory usage: 374288KB
FIND_NO_OVERLAP 28314 505704 854604 984671
21099
running time: 172ms
memory usage: 376444KB
FIND_NO_OVERLAP 642896 -99902 787137 981573
10374
running time: 656ms
memory usage: 384336KB
FIND_NO_OVERLAP 622625 -94008 1087951 384932
14108
running time: 560ms
memory usage: 387944KB
FIND_NO_OVERLAP 732874 188718 1092465 911244
14265
running time: 404ms
memory usage: 393020KB
FIND_NO_OVERLAP 560637 652610 817300 657753
88
running time: 516ms
memory usage: 397880KB
FIND_NO_OVERLAP -241888 31988 995221 327832
19363
running time: 4ms
memory usage: 397880KB
FIND_NO_OVERLAP 765711 -221224 882603 983642
9031
running time: 440ms
memory usage: 404300KB
FIND_NO_OVERLAP 46587 296590 61406 525963
217
running time: 448ms
memory usage: 407104KB
FIND_NO_OVERLAP 582104 646709 931658 947745
6253
running time: 12ms
memory usage: 407104KB
FIND_NO_OVERLAP 640121 362353 1002555 700858
7550
running time: 160ms
memory usage: 409376KB
FIND_NO_OVERLAP 528041 287378 877712 349621
1637
running time: 212ms
memory usage: 412204KB
FIND_NO_OVERLAP -136399 -95191 944243 720903
46784
running time: 32ms
memory usage: 412600KB
FIND_NO_OVERLAP -300027 -209984 -41982 1002045
13474
running time: 1828ms
memory usage: 430384KB
FIND_NO_OVERLAP 694648 -40341 879400 1013163
12420
running time: 528ms
memory usage: 434212KB
FIND_NO_OVERLAP 720241 668201 1025625 1022873
6724
running time: 608ms
memory usage: 438648KB
FIND_NO_OVERLAP 125013 -159615 493883 -53950
1627
running time: 180ms
memory usage: 440684KB
FIND_NO_OVERLAP 266259 110069 812451 562026
13140
running time: 32ms
memory usage: 441080KB
FIND_NO_OVERLAP 397781 476776 905762 657194
5485
running time: 384ms
memory usage: 446060KB
FIND_AREA_LESS_THAN 1.63161e+06
117293
running time: 132ms
memory usage: 447760KB
FIND_AREA_LESS_THAN 782810
92599
running time: 0ms
memory usage: 447760KB
FIND_AREA_LESS_THAN 324798
24424
running time: 4ms
memory usage: 447760KB
FIND_AREA_LESS_THAN 1.03351e+06
104916
running time: 0ms
memory usage: 447760KB
FIND_AREA_LESS_THAN 677331
84432
running time: 0ms
memory usage: 447760KB
FIND_AREA_LESS_THAN 469882
55352
running time: 4ms
memory usage: 447760KB
FIND_AREA_LESS_THAN 1.54142e+06
116171
running time: 0ms
memory usage: 447760KB
FIND_AREA_LESS_THAN 1.50514e+06
115617
running time: 4ms
memory usage: 447760KB
FIND_AREA_LESS_THAN 1.80372e+06
119080
running time: 0ms
memory usage: 447760KB
FIND_AREA_LESS_THAN 852827
97053
running time: 0ms
memory usage: 447760KB
FIND_AREA_LESS_THAN 1.4108e+06
113918
running time: 4ms
memory usage: 447760KB
FIND_AREA_LESS_THAN 432823
49050
running time: 0ms
memory usage: 447760KB
FIND_AREA_LESS_THAN 493768
59520
running time: 4ms
memory usage: 447760KB
FIND_AREA_LESS_THAN 541457
66199
running time: 0ms
memory usage: 447760KB
FIND_AREA_LESS_THAN 403830
39391
running time: 4ms
memory usage: 447760KB
FIND_AREA_LESS_THAN 545116
66533
running time: 0ms
memory usage: 447760KB
FIND_AREA_LESS_THAN 973869
102761
running time: 4ms
memory usage: 447760KB
FIND_AREA_LESS_THAN 615133
77632
running time: 0ms
memory usage: 447760KB
FIND_AREA_LESS_THAN 379731
35455
running time: 4ms
memory usage: 447760KB
FIND_AREA_LESS_THAN 729913
88532
running time: 0ms
memory usage: 447760KB
FIND_AREA_LESS_THAN 317034
22904
running time: 4ms
memory usage: 447760KB
FIND_AREA_LESS_THAN 460632
53514
running time: 0ms
memory usage: 447760KB
FIND_AREA_LESS_THAN 913958
100181
running time: 0ms
memory usage: 447760KB
FIND_AREA_LESS_THAN 347432
29105
running time: 4ms
memory usage: 447760KB
FIND_AREA_LESS_THAN 610102
77097
running time: 0ms
memory usage: 447760KB
FIND_AREA_LESS_THAN 1.01925e+06
104448
running time: 4ms
memory usage: 447760KB
FIND_AREA_LESS_THAN 240929
16753
running time: 0ms
memory usage: 447760KB
FIND_AREA_LESS_THAN 713249
87331
running time: 4ms
memory usage: 447760KB
FIND_AREA_LESS_THAN 440467
50327
running time: 0ms
memory usage: 447760KB
FIND_AREA_LESS_THAN 444849
51005
running time: 4ms
memory usage: 447760KB
FIND_AREA_LESS_THAN 391107
37428
running time: 0ms
memory usage: 447760KB
FIND_AREA_LESS_THAN 550247
67092
running time: 0ms
memory usage: 447760KB
FIND_AREA_LESS_THAN 187652
14139
running time: 4ms
memory usage: 447760KB
FIND_AREA_LESS_THAN 674749
84223
running time: 0ms
memory usage: 447760KB
FIND_AREA_LESS_THAN 614296
77539
running time: 4ms
memory usage: 447760KB
FIND_AREA_LESS_THAN 1.82512e+06
119273
running time: 0ms
memory usage: 447760KB
FIND_AREA_LESS_THAN 1.26003e+06
111354
running time: 4ms
memory usage: 447760KB
FIND_AREA_LESS_THAN 1.14257e+06
108678
running time: 0ms
memory usage: 447760KB
FIND_AREA_LESS_THAN 945525
101535
running time: 0ms
memory usage: 447760KB
FIND_AREA_LESS_THAN 603927
76303
running time: 4ms
memory usage: 447760KB
FIND_AREA_LESS_THAN 1.29986e+06
112141
running time: 0ms
memory usage: 447760KB
FIND_AREA_LESS_THAN 503250
60858
running time: 4ms
memory usage: 447760KB
FIND_AREA_LESS_THAN 745223
89655
running time: 0ms
memory usage: 447760KB
FIND_AREA_LESS_THAN 751506
90077
running time: 4ms
memory usage: 447760KB
FIND_AREA_LESS_THAN 217477
15634
running time: 0ms
memory usage: 447760KB
FIND_AREA_LESS_THAN 513304
62135
running time: 0ms
memory usage: 447760KB
FIND_AREA_LESS_THAN 358448
31163
running time: 4ms
memory usage: 447760KB
FIND_AREA_LESS_THAN 324279
24352
running time: 0ms
memory usage: 447760KB
FIND_AREA_LESS_THAN 1.10286e+06
107584
running time: 4ms
memory usage: 447760KB
FIND_AREA_LESS_THAN 739075
89201
running time: 0ms
memory usage: 447760KB
FIND_AREA_LESS_THAN 1.31257e+06
112426
running time: 4ms
memory usage: 447760KB
FIND_AREA_LESS_THAN 694648
85948
running time: 0ms
memory usage: 447760KB
FIND_AREA_LESS_THAN 1.18576e+06
109790
running time: 4ms
memory usage: 447760KB
FIND_AREA_LESS_THAN 485617
57497
running time: 0ms
memory usage: 447760KB
FIND_AREA_LESS_THAN 563931
69229
running time: 0ms
memory usage: 447760KB
FIND_AREA_LESS_THAN 498798
60259
running time: 4ms
memory usage: 447760KB
FIND_AREA_LESS_THAN 791663
93202
running time: 0ms
memory usage: 447760KB
FIND_AREA_LESS_THAN 1.71878e+06
118270
running time: 4ms
memory usage: 447760KB
FIND_AREA_LESS_THAN 1.32656e+06
112635
running time: 0ms
memory usage: 447760KB
FIND_AREA_LESS_THAN 482415
57005
running time: 4ms
memory usage: 447760KB
FIND_AREA_LESS_THAN 360031
31419
running time: 0ms
memory usage: 447760KB
FIND_AREA_LESS_THAN 171255
13302
running time: 0ms
memory usage: 447760KB
FIND_AREA_LESS_THAN 314353
22374
running time: 4ms
memory usage: 447760KB
FIND_AREA_LESS_THAN 880338
98429
running time: 0ms
memory usage: 447760KB
FIND_AREA_LESS_THAN 372318
33921
running time: 4ms
memory usage: 447760KB
FIND_AREA_LESS_THAN 403247
39286
running time: 0ms
memory usage: 447760KB
FIND_AREA_LESS_THAN 318372
23131
running time: 4ms
memory usage: 447760KB
FIND_AREA_LESS_THAN 774471
91997
running time: 0ms
memory usage: 447760KB
FIND_AREA_LESS_THAN 269521
17992
running time: 0ms
memory usage: 447760KB
FIND_AREA_LESS_THAN 677813
84475
running time: 4ms
memory usage: 447760KB
FIND_AREA_LESS_THAN 382662
35938
running time: 0ms
memory usage: 447760KB
FIND_AREA_LESS_THAN 312670
21660
running time: 4ms
memory usage: 447760KB
FIND_AREA_LESS_THAN 447857
51478
running time: 0ms
memory usage: 447760KB
FIND_AREA_LESS_THAN 323922
24286
running time: 4ms
memory usage: 447760KB
FIND_AREA_LESS_THAN 452803
52244
running time: 0ms
memory usage: 447760KB
FIND_AREA_LESS_THAN 3.18956e+06
124467
running time: 4ms
memory usage: 447760KB
FIND_AREA_LESS_THAN 717359
87659
running time: 0ms
memory usage: 447760KB
FIND_AREA_LESS_THAN 670540
83881
running time: 0ms
memory usage: 447760KB
FIND_AREA_LESS_THAN 348508
29319
running time: 4ms
memory usage: 447760KB
FIND_AREA_LESS_THAN 260847
17605
running time: 0ms
memory usage: 447760KB
FIND_AREA_LESS_THAN 503163
60848
running time: 4ms
memory usage: 447760KB
FIND_AREA_LESS_THAN 962772
102237
running time: 0ms
memory usage: 447760KB
FIND_AREA_LESS_THAN 536768
65568
running time: 4ms
memory usage: 447760KB
FIND_AREA_LESS_THAN 408314
40020
running time: 0ms
memory usage: 447760KB
FIND_AREA_LESS_THAN 423399
46900
running time: 4ms
memory usage: 447760KB
FIND_AREA_LESS_THAN 559651
68666
running time: 0ms
memory usage: 447760KB
FIND_AREA_LESS_THAN 593935
72396
running time: 4ms
memory usage: 447760KB
FIND_AREA_LESS_THAN 919981
100453
running time: 0ms
memory usage: 447760KB
FIND_AREA_LESS_THAN 463178
53917
running time: 0ms
memory usage: 447760KB
FIND_AREA_LESS_THAN 459922
53374
running time: 0ms
memory usage: 447760KB
FIND_AREA_LESS_THAN 684120
84996
running time: 0ms
memory usage: 447760KB
FIND_AREA_LESS_THAN 787056
92855
running time: 4ms
memory usage: 447760KB
FIND_AREA_LESS_THAN 687075
85231
running time: 0ms
memory usage: 447760KB
FIND_AREA_LESS_THAN 872769
98075
running time: 4ms
memory usage: 447760KB
FIND_AREA_LESS_THAN 448508
51560
running time: 0ms
memory usage: 447760KB
FIND_AREA_LESS_THAN 2.10728e+06
121234
running time: 4ms
memory usage: 447760KB
FIND_AREA_LESS_THAN 554340
67518
running time: 0ms
memory usage: 447760KB
FIND_AREA_LESS_THAN 606949
76683
running time: 4ms
memory usage: 447760KB
FIND_AREA_LESS_THAN 402103
39144
running time: 0ms
memory usage: 447760KB
FIND_AREA_LESS_THAN 2.51364e+06
122753
running time: 4ms
memory usage: 447760KB
FIND_DENSITY_INSIDE 646905 273299 885788 862906
6.23921%
running time: 0ms
memory usage: 447760KB
FIND_DENSITY_INSIDE 567870 -234119 753240 860087
5.75466%
running time: 460ms
memory usage: 451060KB
FIND_DENSITY_INSIDE 150187 -44305 596803 852935
4.18281%
running time: 1092ms
memory usage: 456532KB
FIND_DENSITY_INSIDE 884053 726155 940781 831910
5.13292%
running time: 920ms
memory usage: 462780KB
FIND_DENSITY_INSIDE 636688 580111 705434 976015
4.91154%
running time: 8ms
memory usage: 462780KB
FIND_DENSITY_INSIDE 296236 263861 650262 592833
3.95399%
running time: 48ms
memory usage: 463308KB
FIND_DENSITY_INSIDE 26676 -85885 1017203 48682
5.19566%
running time: 132ms
memory usage: 465288KB
FIND_DENSITY_INSIDE 417063 730778 614590 928393
3.24809%
running time: 140ms
memory usage: 468120KB
FIND_DENSITY_INSIDE 626134 532128 875088 763741
5.99744%
running time: 40ms
memory usage: 468648KB
FIND_DENSITY_INSIDE 577788 212725 644284 360065
6.26058%
running time: 84ms
memory usage: 470000KB
FIND_DENSITY_INSIDE 155668 962866 929211 1050078
5.21119%
running time: 20ms
memory usage: 470264KB
FIND_DENSITY_INSIDE 284743 552358 336084 727941
6.12109%
running time: 64ms
memory usage: 471724KB
FIND_DENSITY_INSIDE 715581 -301311 1015229 528140
5.53946%
running time: 16ms
memory usage: 471856KB
FIND_DENSITY_INSIDE 401803 881173 597464 939702
3.68768%
running time: 780ms
memory usage: 477200KB
FIND_DENSITY_INSIDE -163963 111507 761688 374362
4.47489%
running time: 16ms
memory usage: 477200KB
FIND_DENSITY_INSIDE 39354 104525 186095 876094
4.79544%
running time: 260ms
memory usage: 481228KB
FIND_DENSITY_INSIDE 763828 633412 1003071 936233
5.88583%
running time: 268ms
memory usage: 483076KB
FIND_DENSITY_INSIDE -226890 167073 533303 687660
3.66713%
running time: 120ms
memory usage: 484792KB
FIND_DENSITY_INSIDE -101077 258012 855701 606706
4.55576%
running time: 464ms
memory usage: 490532KB
FIND_DENSITY_INSIDE -274402 -192193 -107733 -164578
4.74502%
running time: 432ms
memory usage: 496504KB
FIND_DENSITY_INSIDE 314010 -104241 490012 733462
3.42844%
running time: 8ms
memory usage: 496504KB
FIND_DENSITY_INSIDE 1013433 -85566 1018276 356524
3.67878%
running time: 240ms
memory usage: 498220KB
FIND_DENSITY_INSIDE 400995 952211 726167 997725
4.83604%
running time: 8ms
memory usage: 498220KB
FIND_DENSITY_INSIDE -80318 10813 782562 307604
5.2228%
running time: 16ms
memory usage: 498616KB
FIND_DENSITY_INSIDE 53749 -161406 824790 886788
4.82118%
running time: 332ms
memory usage: 503504KB
FIND_DENSITY_INSIDE 119779 -284818 842647 691985
4.71349%
running time: 2924ms
memory usage: 518904KB
FIND_DENSITY_INSIDE -104634 320294 -59525 842934
3.10884%
running time: 2248ms
memory usage: 531884KB
FIND_DENSITY_INSIDE -219437 -48737 935453 184260
5.41162%
running time: 32ms
memory usage: 531884KB
FIND_DENSITY_INSIDE -138344 -191429 564100 557840
4.22628%
running time: 328ms
memory usage: 537376KB
FIND_DENSITY_INSIDE 415291 12144 844479 1013445
5.17849%
running time: 988ms
memory usage: 545072KB
FIND_DENSITY_INSIDE 478551 487753 820001 561934
5.51868%
running time: 1712ms
memory usage: 554668KB
FIND_DENSITY_INSIDE 11508 46358 941250 321812
5.07474%
running time: 28ms
memory usage: 554668KB
FIND_DENSITY_INSIDE 729122 -59496 865786 912997
6.15422%
running time: 284ms
memory usage: 559464KB
FIND_DENSITY_INSIDE 486207 84581 663276 718793
5.11923%
running time: 588ms
memory usage: 562236KB
FIND_DENSITY_INSIDE -171862 204532 404859 868095
3.79775%
running time: 292ms
memory usage: 564832KB
FIND_DENSITY_INSIDE 348449 409854 839216 979947
4.73106%
running time: 588ms
memory usage: 570800KB
FIND_DENSITY_INSIDE 401971 -113462 910690 1052568
5.20085%
running time: 592ms
memory usage: 576216KB
FIND_DENSITY_INSIDE 432497 502156 722517 643998
5.17668%
running time: 2636ms
memory usage: 589364KB
FIND_DENSITY_INSIDE -296704 -94004 398191 959424
4.00982%
running time: 48ms
memory usage: 589760KB
FIND_DENSITY_INSIDE 483222 -300758 981969 836336
5.51918%
running time: 1772ms
memory usage: 601616KB
FIND_DENSITY_INSIDE 810959 -162043 985475 1099764
5.72426%
running time: 2536ms
memory usage: 614336KB
FIND_DENSITY_INSIDE 568058 188078 578286 473478
4.89343%
running time: 1020ms
memory usage: 618956KB
FIND_DENSITY_INSIDE 631207 469881 690269 732877
5.46553%
running time: 8ms
memory usage: 618956KB
FIND_DENSITY_INSIDE 16186 94906 504751 727987
4.22078%
running time: 28ms
memory usage: 619088KB
FIND_DENSITY_INSIDE 275996 438899 384076 836816
4.82284%
running time: 476ms
memory usage: 623728KB
FIND_DENSITY_INSIDE -108538 650637 522253 1013193
4.24558%
running time: 60ms
memory usage: 624256KB
FIND_DENSITY_INSIDE 21498 382835 312769 717742
4.89599%
running time: 288ms
memory usage: 628488KB
FIND_DENSITY_INSIDE 37741 527973 247851 1051855
4.85088%
running time: 128ms
memory usage: 630204KB
FIND_DENSITY_INSIDE 249962 647537 661621 677735
4.8163%
running time: 204ms
memory usage: 632504KB
FIND_DENSITY_INSIDE 62621 -180626 946956 306366
5.00711%
running time: 12ms
memory usage: 632636KB
FIND_DENSITY_INSIDE 502967 -157627 544673 188157
4.7901%
running time: 744ms
memory usage: 641156KB
FIND_DENSITY_INSIDE 889652 541144 991378 776251
6.29975%
running time: 24ms
memory usage: 641156KB
FIND_DENSITY_INSIDE -269268 153472 133430 893357
3.36935%
running time: 36ms
memory usage: 641816KB
FIND_DENSITY_INSIDE -191945 175129 705682 817301
4.03314%
running time: 468ms
memory usage: 646368KB
FIND_DENSITY_INSIDE -219053 -283018 740762 722056
4.41597%
running time: 984ms
memory usage: 656336KB
FIND_DENSITY_INSIDE 579685 167411 830417 464577
6.34791%
running time: 2744ms
memory usage: 673200KB
FIND_DENSITY_INSIDE 487755 858491 795347 993954
4.49253%
running time: 140ms
memory usage: 674652KB
FIND_DENSITY_INSIDE 85868 355731 917502 1028082
4.86169%
running time: 40ms
memory usage: 675444KB
FIND_DENSITY_INSIDE -144227 621855 677741 806594
4.10779%
running time: 1340ms
memory usage: 686820KB
FIND_DENSITY_INSIDE 182205 -229765 619435 663101
4.0932%
running time: 140ms
memory usage: 689328KB
FIND_DENSITY_INSIDE 80579 946204 801560 1014624
5.01802%
running time: 892ms
memory usage: 695548KB
FIND_DENSITY_INSIDE -279171 569687 -61609 1097799
2.54165%
running time: 40ms
memory usage: 696340KB
FIND_DENSITY_INSIDE 133697 307697 191707 1045005
4.54311%
running time: 104ms
memory usage: 697796KB
FIND_DENSITY_INSIDE -120187 -91974 763260 17647
4.87284%
running time: 92ms
memory usage: 698588KB
FIND_DENSITY_INSIDE -277058 1031 921655 30095
5.20751%
running time: 80ms
memory usage: 700576KB
FIND_DENSITY_INSIDE 87997 11640 409043 919871
4.33526%
running time: 24ms
memory usage: 701236KB
FIND_DENSITY_INSIDE 834289 223804 937417 545526
6.11411%
running time: 648ms
memory usage: 705700KB
FIND_DENSITY_INSIDE 286607 -14051 694436 403116
4.50367%
running time: 56ms
memory usage: 706228KB
FIND_DENSITY_INSIDE 199782 -109229 969178 39585
4.99187%
running time: 252ms
memory usage: 709520KB
FIND_DENSITY_INSIDE 539985 121069 1014612 838786
5.82753%
running time: 124ms
memory usage: 711904KB
FIND_DENSITY_INSIDE 530591 649751 730329 912997
4.50755%
running time: 1120ms
memory usage: 719800KB
FIND_DENSITY_INSIDE -185020 50103 375167 199676
5.4039%
running time: 72ms
memory usage: 720592KB
FIND_DENSITY_INSIDE 565408 -60683 588795 914409
5.2366%
running time: 72ms
memory usage: 721916KB
FIND_DENSITY_INSIDE 679232 -8273 911855 224832
5.66681%
running time: 104ms
memory usage: 722576KB
FIND_DENSITY_INSIDE 173649 976 958185 337005
5.04279%
running time: 76ms
memory usage: 723764KB
FIND_DENSITY_INSIDE 427080 -117198 843576 301726
5.55868%
running time: 380ms
memory usage: 729008KB
FIND_DENSITY_INSIDE 319958 -295803 372876 258438
1.60636%
running time: 352ms
memory usage: 732968KB
FIND_DENSITY_INSIDE 131553 746076 383250 919521
4.1793%
running time: 20ms
memory usage: 733100KB
FIND_DENSITY_INSIDE 61038 447570 390450 1042905
4.81439%
running time: 40ms
memory usage: 733760KB
FIND_DENSITY_INSIDE 742572 489178 1072539 734755
6.50917%
running time: 380ms
memory usage: 737484KB
FIND_DENSITY_INSIDE -139927 164445 185640 801897
3.91093%
running time: 116ms
memory usage: 739200KB
FIND_DENSITY_INSIDE 331143 560581 911066 1039362
4.86712%
running time: 332ms
memory usage: 742568KB
FIND_DENSITY_INSIDE 501001 756444 715131 865311
4.23493%
running time: 524ms
memory usage: 748432KB
FIND_DENSITY_INSIDE -116117 359188 -12078 499890
3.51773%
running time: 24ms
memory usage: 748696KB
FIND_DENSITY_INSIDE 156708 180895 298327 1054300
4.30815%
running time: 16ms
memory usage: 748960KB
FIND_DENSITY_INSIDE -54517 217825 512923 224790
4.86201%
running time: 244ms
memory usage: 750812KB
FIND_DENSITY_INSIDE 93689 559141 139594 784029
5.19283%
running time: 4ms
memory usage: 750812KB
FIND_DENSITY_INSIDE 19437 -5451 871928 804230
4.95989%
running time: 20ms
memory usage: 751076KB
FIND_DENSITY_INSIDE 652312 -19686 942324 1082692
5.90405%
running time: 2012ms
memory usage: 764384KB
FIND_DENSITY_INSIDE -116375 -20083 985623 282584
5.20645%
running time: 1548ms
memory usage: 771380KB
FIND_DENSITY_INSIDE -141072 -12742 1004444 329890
5.0697%
running time: 428ms
memory usage: 777560KB
FIND_DENSITY_INSIDE -225823 -121617 1008596 285947
5.01529%
running time: 536ms
memory usage: 784616KB
FIND_DENSITY_INSIDE -296383 -5285 -62180 920913
2.93374%
running time: 764ms
memory usage: 794060KB
FIND_DENSITY_INSIDE 598897 714960 903645 911902
5.41359%
running time: 336ms
memory usage: 796832KB
FIND_DENSITY_INSIDE 42041 301486 198136 1059977
4.70827%
running time: 80ms
memory usage: 798152KB
FIND_DENSITY_INSIDE -186299 347012 1058399 756285
4.6722%
running time: 316ms
memory usage: 800492KB
FIND_DENSITY_INSIDE 191755 611143 325849 821240
5.04417%
running time: 792ms
memory usage: 810164KB
FIND_DENSITY_INSIDE 639051 -121370 884418 73838
5.95371%
running time: 32ms
memory usage: 810164KB
FIND_DENSITY_INSIDE -213610 -219507 1075412 136906
4.93153%
running time: 72ms
memory usage: 811508KB
FIND_DENSITY_INSIDE 193418 43786 526789 499378
3.55507%
running time: 632ms
memory usage: 820696KB
Average running time and memory for each problems: 
Total number of polygons: 126430
FIND_INSIDE: 
	running time: 3.40021ms
	memory: 103.78MB
FIND_INTERACT: 
	running time: 4.40026ms
	memory: 105.506MB
FIND_NO_OVERLAP: 
	running time: 338.541ms
	memory: 274.878MB
FIND_AREA_LESS_THAN: 
	running time: 1.7201ms
	memory: 447.76MB
FIND_DENSITY_INSIDE: 
	running time: 463.429ms
	memory: 633.671MB
